[2023-06-01T21:11:15.477+0000] {taskinstance.py:1087} INFO - Dependencies all met for <TaskInstance: etl_pj_br.DADOS_PRD.extract_data manual__2023-06-01T21:11:13.212905+00:00 [queued]>
[2023-06-01T21:11:15.489+0000] {taskinstance.py:1087} INFO - Dependencies all met for <TaskInstance: etl_pj_br.DADOS_PRD.extract_data manual__2023-06-01T21:11:13.212905+00:00 [queued]>
[2023-06-01T21:11:15.489+0000] {taskinstance.py:1283} INFO - 
--------------------------------------------------------------------------------
[2023-06-01T21:11:15.489+0000] {taskinstance.py:1284} INFO - Starting attempt 1 of 1
[2023-06-01T21:11:15.489+0000] {taskinstance.py:1285} INFO - 
--------------------------------------------------------------------------------
[2023-06-01T21:11:15.504+0000] {taskinstance.py:1304} INFO - Executing <Task(_PythonDecoratedOperator): DADOS_PRD.extract_data> on 2023-06-01 21:11:13.212905+00:00
[2023-06-01T21:11:15.511+0000] {standard_task_runner.py:55} INFO - Started process 7101 to run task
[2023-06-01T21:11:15.515+0000] {standard_task_runner.py:82} INFO - Running: ['***', 'tasks', 'run', 'etl_pj_br', 'DADOS_PRD.extract_data', 'manual__2023-06-01T21:11:13.212905+00:00', '--job-id', '86', '--raw', '--subdir', 'DAGS_FOLDER/pip_example.py', '--cfg-path', '/tmp/tmp30aquqxf']
[2023-06-01T21:11:15.517+0000] {standard_task_runner.py:83} INFO - Job 86: Subtask DADOS_PRD.extract_data
[2023-06-01T21:11:15.602+0000] {task_command.py:389} INFO - Running <TaskInstance: etl_pj_br.DADOS_PRD.extract_data manual__2023-06-01T21:11:13.212905+00:00 [running]> on host e77927a9666c
[2023-06-01T21:11:15.700+0000] {taskinstance.py:1513} INFO - Exporting the following env vars:
AIRFLOW_CTX_DAG_OWNER=***
AIRFLOW_CTX_DAG_ID=etl_pj_br
AIRFLOW_CTX_TASK_ID=DADOS_PRD.extract_data
AIRFLOW_CTX_EXECUTION_DATE=2023-06-01T21:11:13.212905+00:00
AIRFLOW_CTX_TRY_NUMBER=1
AIRFLOW_CTX_DAG_RUN_ID=manual__2023-06-01T21:11:13.212905+00:00
[2023-06-01T21:11:15.701+0000] {logging_mixin.py:137} INFO - Reading file...
[2023-06-01T21:11:15.702+0000] {logging_mixin.py:137} INFO - {'conf': <***.configuration.AirflowConfigParser object at 0x7fd915f19290>, 'dag': <DAG: etl_pj_br>, 'dag_run': <DagRun etl_pj_br @ 2023-06-01 21:11:13.212905+00:00: manual__2023-06-01T21:11:13.212905+00:00, state:running, queued_at: 2023-06-01 21:11:13.228687+00:00. externally triggered: True>, 'data_interval_end': DateTime(2023, 6, 1, 21, 11, 13, 212905, tzinfo=Timezone('UTC')), 'data_interval_start': DateTime(2023, 6, 1, 21, 11, 13, 212905, tzinfo=Timezone('UTC')), 'ds': '2023-06-01', 'ds_nodash': '20230601', 'execution_date': <Proxy at 0x7fd8ebd704b0 with factory functools.partial(<function lazy_mapping_from_context.<locals>._deprecated_proxy_factory at 0x7fd8ebd038c0>, 'execution_date', DateTime(2023, 6, 1, 21, 11, 13, 212905, tzinfo=Timezone('UTC')))>, 'expanded_ti_count': None, 'inlets': [], 'logical_date': DateTime(2023, 6, 1, 21, 11, 13, 212905, tzinfo=Timezone('UTC')), 'macros': <module '***.macros' from '/home/***/.local/lib/python3.7/site-packages/***/macros/__init__.py'>, 'next_ds': <Proxy at 0x7fd8ebd7cdc0 with factory functools.partial(<function lazy_mapping_from_context.<locals>._deprecated_proxy_factory at 0x7fd8ebd038c0>, 'next_ds', '2023-06-01')>, 'next_ds_nodash': <Proxy at 0x7fd8ebd7cd20 with factory functools.partial(<function lazy_mapping_from_context.<locals>._deprecated_proxy_factory at 0x7fd8ebd038c0>, 'next_ds_nodash', '20230601')>, 'next_execution_date': <Proxy at 0x7fd8ebd7cd70 with factory functools.partial(<function lazy_mapping_from_context.<locals>._deprecated_proxy_factory at 0x7fd8ebd038c0>, 'next_execution_date', DateTime(2023, 6, 1, 21, 11, 13, 212905, tzinfo=Timezone('UTC')))>, 'outlets': [], 'params': {}, 'prev_data_interval_start_success': None, 'prev_data_interval_end_success': None, 'prev_ds': <Proxy at 0x7fd8ebdba4b0 with factory functools.partial(<function lazy_mapping_from_context.<locals>._deprecated_proxy_factory at 0x7fd8ebd038c0>, 'prev_ds', '2023-06-01')>, 'prev_ds_nodash': <Proxy at 0x7fd8ebdba6e0 with factory functools.partial(<function lazy_mapping_from_context.<locals>._deprecated_proxy_factory at 0x7fd8ebd038c0>, 'prev_ds_nodash', '20230601')>, 'prev_execution_date': <Proxy at 0x7fd8ebdb9960 with factory functools.partial(<function lazy_mapping_from_context.<locals>._deprecated_proxy_factory at 0x7fd8ebd038c0>, 'prev_execution_date', DateTime(2023, 6, 1, 21, 11, 13, 212905, tzinfo=Timezone('UTC')))>, 'prev_execution_date_success': <Proxy at 0x7fd8ebd43aa0 with factory functools.partial(<function lazy_mapping_from_context.<locals>._deprecated_proxy_factory at 0x7fd8ebd038c0>, 'prev_execution_date_success', None)>, 'prev_start_date_success': None, 'run_id': 'manual__2023-06-01T21:11:13.212905+00:00', 'task': <Task(_PythonDecoratedOperator): DADOS_PRD.extract_data>, 'task_instance': <TaskInstance: etl_pj_br.DADOS_PRD.extract_data manual__2023-06-01T21:11:13.212905+00:00 [running]>, 'task_instance_key_str': 'etl_pj_br__DADOS_PRD.extract_data__20230601', 'test_mode': False, 'ti': <TaskInstance: etl_pj_br.DADOS_PRD.extract_data manual__2023-06-01T21:11:13.212905+00:00 [running]>, 'tomorrow_ds': <Proxy at 0x7fd8ebd43f50 with factory functools.partial(<function lazy_mapping_from_context.<locals>._deprecated_proxy_factory at 0x7fd8ebd038c0>, 'tomorrow_ds', '2023-06-02')>, 'tomorrow_ds_nodash': <Proxy at 0x7fd8ebd43a00 with factory functools.partial(<function lazy_mapping_from_context.<locals>._deprecated_proxy_factory at 0x7fd8ebd038c0>, 'tomorrow_ds_nodash', '20230602')>, 'triggering_dataset_events': <Proxy at 0x7fd8ebdab550 with factory <function TaskInstance.get_template_context.<locals>.get_triggering_events at 0x7fd8ebdbd5f0>>, 'ts': '2023-06-01T21:11:13.212905+00:00', 'ts_nodash': '20230601T211113', 'ts_nodash_with_tz': '20230601T211113.212905+0000', 'var': {'json': None, 'value': None}, 'conn': None, 'yesterday_ds': <Proxy at 0x7fd8ebd6d460 with factory functools.partial(<function lazy_mapping_from_context.<locals>._deprecated_proxy_factory at 0x7fd8ebd038c0>, 'yesterday_ds', '2023-05-31')>, 'yesterday_ds_nodash': <Proxy at 0x7fd8ebd6de60 with factory functools.partial(<function lazy_mapping_from_context.<locals>._deprecated_proxy_factory at 0x7fd8ebd038c0>, 'yesterday_ds_nodash', '20230531')>, 'templates_dict': None}
[2023-06-01T21:11:15.731+0000] {taskinstance.py:1772} ERROR - Task failed with exception
Traceback (most recent call last):
  File "/home/airflow/.local/lib/python3.7/site-packages/airflow/decorators/base.py", line 217, in execute
    return_value = super().execute(context)
  File "/home/airflow/.local/lib/python3.7/site-packages/airflow/operators/python.py", line 175, in execute
    return_value = self.execute_callable()
  File "/home/airflow/.local/lib/python3.7/site-packages/airflow/operators/python.py", line 192, in execute_callable
    return self.python_callable(*self.op_args, **self.op_kwargs)
  File "/opt/airflow/dags/pip_example.py", line 26, in extract
    kwargs['ti'].xcom_push(key='raw_data', value=iter(df))
  File "/home/airflow/.local/lib/python3.7/site-packages/airflow/utils/session.py", line 75, in wrapper
    return func(*args, session=session, **kwargs)
  File "/home/airflow/.local/lib/python3.7/site-packages/airflow/models/taskinstance.py", line 2301, in xcom_push
    session=session,
  File "/home/airflow/.local/lib/python3.7/site-packages/airflow/utils/session.py", line 72, in wrapper
    return func(*args, **kwargs)
  File "/home/airflow/.local/lib/python3.7/site-packages/airflow/models/xcom.py", line 240, in set
    map_index=map_index,
  File "/home/airflow/.local/lib/python3.7/site-packages/airflow/models/xcom.py", line 627, in serialize_value
    return json.dumps(value, cls=XComEncoder).encode("UTF-8")
  File "/usr/local/lib/python3.7/json/__init__.py", line 238, in dumps
    **kw).encode(obj)
  File "/home/airflow/.local/lib/python3.7/site-packages/airflow/utils/json.py", line 176, in encode
    return super().encode(o)
  File "/usr/local/lib/python3.7/json/encoder.py", line 199, in encode
    chunks = self.iterencode(o, _one_shot=True)
  File "/usr/local/lib/python3.7/json/encoder.py", line 257, in iterencode
    return _iterencode(o, 0)
  File "/home/airflow/.local/lib/python3.7/site-packages/airflow/utils/json.py", line 153, in default
    CLASSNAME: o.__module__ + "." + o.__class__.__qualname__,
AttributeError: 'map' object has no attribute '__module__'
[2023-06-01T21:11:15.752+0000] {taskinstance.py:1327} INFO - Marking task as FAILED. dag_id=etl_pj_br, task_id=DADOS_PRD.extract_data, execution_date=20230601T211113, start_date=20230601T211115, end_date=20230601T211115
[2023-06-01T21:11:15.782+0000] {standard_task_runner.py:105} ERROR - Failed to execute job 86 for task DADOS_PRD.extract_data ('map' object has no attribute '__module__'; 7101)
[2023-06-01T21:11:15.806+0000] {local_task_job.py:159} INFO - Task exited with return code 1
[2023-06-01T21:11:15.892+0000] {taskinstance.py:2582} INFO - 0 downstream tasks scheduled from follow-on schedule check
