[2023-01-23T11:39:09.822+0000] {processor.py:153} INFO - Started process (PID=39) to work on /opt/airflow/dags/pip_example.py
[2023-01-23T11:39:09.823+0000] {processor.py:743} INFO - Processing file /opt/airflow/dags/pip_example.py for tasks to queue
[2023-01-23T11:39:09.824+0000] {logging_mixin.py:137} INFO - [2023-01-23T11:39:09.824+0000] {dagbag.py:538} INFO - Filling up the DagBag from /opt/airflow/dags/pip_example.py
[2023-01-23T11:39:11.531+0000] {processor.py:753} INFO - DAG(s) dict_keys(['pip_example']) retrieved from /opt/airflow/dags/pip_example.py
[2023-01-23T11:39:11.582+0000] {logging_mixin.py:137} INFO - [2023-01-23T11:39:11.581+0000] {dag.py:2676} INFO - Sync 1 DAGs
[2023-01-23T11:39:11.636+0000] {logging_mixin.py:137} INFO - [2023-01-23T11:39:11.635+0000] {dag.py:3427} INFO - Setting next_dagrun for pip_example to 2023-01-21T12:30:00+00:00, run_after=2023-01-22T12:30:00+00:00
[2023-01-23T11:39:11.665+0000] {processor.py:175} INFO - Processing /opt/airflow/dags/pip_example.py took 1.846 seconds
[2023-01-23T11:39:41.871+0000] {processor.py:153} INFO - Started process (PID=89) to work on /opt/airflow/dags/pip_example.py
[2023-01-23T11:39:41.881+0000] {processor.py:743} INFO - Processing file /opt/airflow/dags/pip_example.py for tasks to queue
[2023-01-23T11:39:41.882+0000] {logging_mixin.py:137} INFO - [2023-01-23T11:39:41.882+0000] {dagbag.py:538} INFO - Filling up the DagBag from /opt/airflow/dags/pip_example.py
[2023-01-23T11:39:43.178+0000] {processor.py:753} INFO - DAG(s) dict_keys(['pip_example']) retrieved from /opt/airflow/dags/pip_example.py
[2023-01-23T11:39:43.223+0000] {logging_mixin.py:137} INFO - [2023-01-23T11:39:43.222+0000] {dag.py:2676} INFO - Sync 1 DAGs
[2023-01-23T11:39:43.297+0000] {logging_mixin.py:137} INFO - [2023-01-23T11:39:43.296+0000] {dag.py:3427} INFO - Setting next_dagrun for pip_example to 2023-01-21T12:30:00+00:00, run_after=2023-01-22T12:30:00+00:00
[2023-01-23T11:39:43.346+0000] {processor.py:175} INFO - Processing /opt/airflow/dags/pip_example.py took 1.494 seconds
[2023-01-23T11:40:13.570+0000] {processor.py:153} INFO - Started process (PID=123) to work on /opt/airflow/dags/pip_example.py
[2023-01-23T11:40:13.574+0000] {processor.py:743} INFO - Processing file /opt/airflow/dags/pip_example.py for tasks to queue
[2023-01-23T11:40:13.574+0000] {logging_mixin.py:137} INFO - [2023-01-23T11:40:13.574+0000] {dagbag.py:538} INFO - Filling up the DagBag from /opt/airflow/dags/pip_example.py
[2023-01-23T11:40:14.158+0000] {processor.py:753} INFO - DAG(s) dict_keys(['pip_example']) retrieved from /opt/airflow/dags/pip_example.py
[2023-01-23T11:40:14.175+0000] {logging_mixin.py:137} INFO - [2023-01-23T11:40:14.174+0000] {dag.py:2676} INFO - Sync 1 DAGs
[2023-01-23T11:40:14.196+0000] {logging_mixin.py:137} INFO - [2023-01-23T11:40:14.196+0000] {dag.py:3427} INFO - Setting next_dagrun for pip_example to 2023-01-21T12:30:00+00:00, run_after=2023-01-22T12:30:00+00:00
[2023-01-23T11:40:14.212+0000] {processor.py:175} INFO - Processing /opt/airflow/dags/pip_example.py took 0.646 seconds
[2023-01-23T11:40:44.304+0000] {processor.py:153} INFO - Started process (PID=157) to work on /opt/airflow/dags/pip_example.py
[2023-01-23T11:40:44.308+0000] {processor.py:743} INFO - Processing file /opt/airflow/dags/pip_example.py for tasks to queue
[2023-01-23T11:40:44.309+0000] {logging_mixin.py:137} INFO - [2023-01-23T11:40:44.309+0000] {dagbag.py:538} INFO - Filling up the DagBag from /opt/airflow/dags/pip_example.py
[2023-01-23T11:40:45.014+0000] {processor.py:753} INFO - DAG(s) dict_keys(['pip_example']) retrieved from /opt/airflow/dags/pip_example.py
[2023-01-23T11:40:45.031+0000] {logging_mixin.py:137} INFO - [2023-01-23T11:40:45.030+0000] {dag.py:2676} INFO - Sync 1 DAGs
[2023-01-23T11:40:45.055+0000] {logging_mixin.py:137} INFO - [2023-01-23T11:40:45.054+0000] {dag.py:3427} INFO - Setting next_dagrun for pip_example to 2023-01-21T12:30:00+00:00, run_after=2023-01-22T12:30:00+00:00
[2023-01-23T11:40:45.073+0000] {processor.py:175} INFO - Processing /opt/airflow/dags/pip_example.py took 0.773 seconds
[2023-01-23T11:41:15.273+0000] {processor.py:153} INFO - Started process (PID=207) to work on /opt/airflow/dags/pip_example.py
[2023-01-23T11:41:15.278+0000] {processor.py:743} INFO - Processing file /opt/airflow/dags/pip_example.py for tasks to queue
[2023-01-23T11:41:15.279+0000] {logging_mixin.py:137} INFO - [2023-01-23T11:41:15.279+0000] {dagbag.py:538} INFO - Filling up the DagBag from /opt/airflow/dags/pip_example.py
[2023-01-23T11:41:15.806+0000] {processor.py:753} INFO - DAG(s) dict_keys(['pip_example']) retrieved from /opt/airflow/dags/pip_example.py
[2023-01-23T11:41:15.823+0000] {logging_mixin.py:137} INFO - [2023-01-23T11:41:15.823+0000] {dag.py:2676} INFO - Sync 1 DAGs
[2023-01-23T11:41:15.852+0000] {logging_mixin.py:137} INFO - [2023-01-23T11:41:15.852+0000] {dag.py:3427} INFO - Setting next_dagrun for pip_example to 2023-01-21T12:30:00+00:00, run_after=2023-01-22T12:30:00+00:00
[2023-01-23T11:41:15.873+0000] {processor.py:175} INFO - Processing /opt/airflow/dags/pip_example.py took 0.607 seconds
[2023-01-23T11:41:46.042+0000] {processor.py:153} INFO - Started process (PID=241) to work on /opt/airflow/dags/pip_example.py
[2023-01-23T11:41:46.046+0000] {processor.py:743} INFO - Processing file /opt/airflow/dags/pip_example.py for tasks to queue
[2023-01-23T11:41:46.047+0000] {logging_mixin.py:137} INFO - [2023-01-23T11:41:46.047+0000] {dagbag.py:538} INFO - Filling up the DagBag from /opt/airflow/dags/pip_example.py
[2023-01-23T11:41:46.671+0000] {processor.py:753} INFO - DAG(s) dict_keys(['pip_example']) retrieved from /opt/airflow/dags/pip_example.py
[2023-01-23T11:41:46.691+0000] {logging_mixin.py:137} INFO - [2023-01-23T11:41:46.691+0000] {dag.py:2676} INFO - Sync 1 DAGs
[2023-01-23T11:41:46.717+0000] {logging_mixin.py:137} INFO - [2023-01-23T11:41:46.717+0000] {dag.py:3427} INFO - Setting next_dagrun for pip_example to 2023-01-21T12:30:00+00:00, run_after=2023-01-22T12:30:00+00:00
[2023-01-23T11:41:46.738+0000] {processor.py:175} INFO - Processing /opt/airflow/dags/pip_example.py took 0.699 seconds
[2023-01-23T11:42:16.840+0000] {processor.py:153} INFO - Started process (PID=291) to work on /opt/airflow/dags/pip_example.py
[2023-01-23T11:42:16.840+0000] {processor.py:743} INFO - Processing file /opt/airflow/dags/pip_example.py for tasks to queue
[2023-01-23T11:42:16.841+0000] {logging_mixin.py:137} INFO - [2023-01-23T11:42:16.841+0000] {dagbag.py:538} INFO - Filling up the DagBag from /opt/airflow/dags/pip_example.py
[2023-01-23T11:42:17.502+0000] {processor.py:753} INFO - DAG(s) dict_keys(['pip_example']) retrieved from /opt/airflow/dags/pip_example.py
[2023-01-23T11:42:17.530+0000] {logging_mixin.py:137} INFO - [2023-01-23T11:42:17.529+0000] {dag.py:2676} INFO - Sync 1 DAGs
[2023-01-23T11:42:17.562+0000] {logging_mixin.py:137} INFO - [2023-01-23T11:42:17.562+0000] {dag.py:3427} INFO - Setting next_dagrun for pip_example to 2023-01-21T12:30:00+00:00, run_after=2023-01-22T12:30:00+00:00
[2023-01-23T11:42:17.582+0000] {processor.py:175} INFO - Processing /opt/airflow/dags/pip_example.py took 0.744 seconds
[2023-01-23T11:42:47.754+0000] {processor.py:153} INFO - Started process (PID=325) to work on /opt/airflow/dags/pip_example.py
[2023-01-23T11:42:47.758+0000] {processor.py:743} INFO - Processing file /opt/airflow/dags/pip_example.py for tasks to queue
[2023-01-23T11:42:47.759+0000] {logging_mixin.py:137} INFO - [2023-01-23T11:42:47.759+0000] {dagbag.py:538} INFO - Filling up the DagBag from /opt/airflow/dags/pip_example.py
[2023-01-23T11:42:48.307+0000] {processor.py:753} INFO - DAG(s) dict_keys(['pip_example']) retrieved from /opt/airflow/dags/pip_example.py
[2023-01-23T11:42:48.324+0000] {logging_mixin.py:137} INFO - [2023-01-23T11:42:48.323+0000] {dag.py:2676} INFO - Sync 1 DAGs
[2023-01-23T11:42:48.346+0000] {logging_mixin.py:137} INFO - [2023-01-23T11:42:48.345+0000] {dag.py:3427} INFO - Setting next_dagrun for pip_example to 2023-01-21T12:30:00+00:00, run_after=2023-01-22T12:30:00+00:00
[2023-01-23T11:42:48.361+0000] {processor.py:175} INFO - Processing /opt/airflow/dags/pip_example.py took 0.611 seconds
[2023-01-23T11:43:18.520+0000] {processor.py:153} INFO - Started process (PID=369) to work on /opt/airflow/dags/pip_example.py
[2023-01-23T11:43:18.521+0000] {processor.py:743} INFO - Processing file /opt/airflow/dags/pip_example.py for tasks to queue
[2023-01-23T11:43:18.522+0000] {logging_mixin.py:137} INFO - [2023-01-23T11:43:18.522+0000] {dagbag.py:538} INFO - Filling up the DagBag from /opt/airflow/dags/pip_example.py
[2023-01-23T11:43:19.149+0000] {processor.py:753} INFO - DAG(s) dict_keys(['pip_example']) retrieved from /opt/airflow/dags/pip_example.py
[2023-01-23T11:43:19.176+0000] {logging_mixin.py:137} INFO - [2023-01-23T11:43:19.175+0000] {dag.py:2676} INFO - Sync 1 DAGs
[2023-01-23T11:43:19.219+0000] {logging_mixin.py:137} INFO - [2023-01-23T11:43:19.219+0000] {dag.py:3427} INFO - Setting next_dagrun for pip_example to 2023-01-21T12:30:00+00:00, run_after=2023-01-22T12:30:00+00:00
[2023-01-23T11:43:19.245+0000] {processor.py:175} INFO - Processing /opt/airflow/dags/pip_example.py took 0.728 seconds
[2023-01-23T11:43:49.408+0000] {processor.py:153} INFO - Started process (PID=409) to work on /opt/airflow/dags/pip_example.py
[2023-01-23T11:43:49.412+0000] {processor.py:743} INFO - Processing file /opt/airflow/dags/pip_example.py for tasks to queue
[2023-01-23T11:43:49.412+0000] {logging_mixin.py:137} INFO - [2023-01-23T11:43:49.412+0000] {dagbag.py:538} INFO - Filling up the DagBag from /opt/airflow/dags/pip_example.py
[2023-01-23T11:43:50.023+0000] {processor.py:753} INFO - DAG(s) dict_keys(['pip_example']) retrieved from /opt/airflow/dags/pip_example.py
[2023-01-23T11:43:50.041+0000] {logging_mixin.py:137} INFO - [2023-01-23T11:43:50.040+0000] {dag.py:2676} INFO - Sync 1 DAGs
[2023-01-23T11:43:50.066+0000] {logging_mixin.py:137} INFO - [2023-01-23T11:43:50.066+0000] {dag.py:3427} INFO - Setting next_dagrun for pip_example to 2023-01-21T12:30:00+00:00, run_after=2023-01-22T12:30:00+00:00
[2023-01-23T11:43:50.092+0000] {processor.py:175} INFO - Processing /opt/airflow/dags/pip_example.py took 0.686 seconds
[2023-01-23T11:44:20.297+0000] {processor.py:153} INFO - Started process (PID=443) to work on /opt/airflow/dags/pip_example.py
[2023-01-23T11:44:20.298+0000] {processor.py:743} INFO - Processing file /opt/airflow/dags/pip_example.py for tasks to queue
[2023-01-23T11:44:20.298+0000] {logging_mixin.py:137} INFO - [2023-01-23T11:44:20.298+0000] {dagbag.py:538} INFO - Filling up the DagBag from /opt/airflow/dags/pip_example.py
[2023-01-23T11:44:20.880+0000] {processor.py:753} INFO - DAG(s) dict_keys(['pip_example']) retrieved from /opt/airflow/dags/pip_example.py
[2023-01-23T11:44:20.896+0000] {logging_mixin.py:137} INFO - [2023-01-23T11:44:20.896+0000] {dag.py:2676} INFO - Sync 1 DAGs
[2023-01-23T11:44:20.918+0000] {logging_mixin.py:137} INFO - [2023-01-23T11:44:20.918+0000] {dag.py:3427} INFO - Setting next_dagrun for pip_example to 2023-01-21T12:30:00+00:00, run_after=2023-01-22T12:30:00+00:00
[2023-01-23T11:44:20.937+0000] {processor.py:175} INFO - Processing /opt/airflow/dags/pip_example.py took 0.644 seconds
[2023-01-23T11:44:51.165+0000] {processor.py:153} INFO - Started process (PID=493) to work on /opt/airflow/dags/pip_example.py
[2023-01-23T11:44:51.167+0000] {processor.py:743} INFO - Processing file /opt/airflow/dags/pip_example.py for tasks to queue
[2023-01-23T11:44:51.168+0000] {logging_mixin.py:137} INFO - [2023-01-23T11:44:51.168+0000] {dagbag.py:538} INFO - Filling up the DagBag from /opt/airflow/dags/pip_example.py
[2023-01-23T11:44:51.778+0000] {processor.py:753} INFO - DAG(s) dict_keys(['pip_example']) retrieved from /opt/airflow/dags/pip_example.py
[2023-01-23T11:44:51.797+0000] {logging_mixin.py:137} INFO - [2023-01-23T11:44:51.796+0000] {dag.py:2676} INFO - Sync 1 DAGs
[2023-01-23T11:44:51.825+0000] {logging_mixin.py:137} INFO - [2023-01-23T11:44:51.825+0000] {dag.py:3427} INFO - Setting next_dagrun for pip_example to 2023-01-21T12:30:00+00:00, run_after=2023-01-22T12:30:00+00:00
[2023-01-23T11:44:51.851+0000] {processor.py:175} INFO - Processing /opt/airflow/dags/pip_example.py took 0.695 seconds
[2023-01-23T11:45:21.931+0000] {processor.py:153} INFO - Started process (PID=527) to work on /opt/airflow/dags/pip_example.py
[2023-01-23T11:45:21.935+0000] {processor.py:743} INFO - Processing file /opt/airflow/dags/pip_example.py for tasks to queue
[2023-01-23T11:45:21.936+0000] {logging_mixin.py:137} INFO - [2023-01-23T11:45:21.936+0000] {dagbag.py:538} INFO - Filling up the DagBag from /opt/airflow/dags/pip_example.py
[2023-01-23T11:45:22.598+0000] {processor.py:753} INFO - DAG(s) dict_keys(['pip_example']) retrieved from /opt/airflow/dags/pip_example.py
[2023-01-23T11:45:22.621+0000] {logging_mixin.py:137} INFO - [2023-01-23T11:45:22.621+0000] {dag.py:2676} INFO - Sync 1 DAGs
[2023-01-23T11:45:22.648+0000] {logging_mixin.py:137} INFO - [2023-01-23T11:45:22.648+0000] {dag.py:3427} INFO - Setting next_dagrun for pip_example to 2023-01-21T12:30:00+00:00, run_after=2023-01-22T12:30:00+00:00
[2023-01-23T11:45:22.668+0000] {processor.py:175} INFO - Processing /opt/airflow/dags/pip_example.py took 0.740 seconds
[2023-01-23T11:45:52.841+0000] {processor.py:153} INFO - Started process (PID=577) to work on /opt/airflow/dags/pip_example.py
[2023-01-23T11:45:52.845+0000] {processor.py:743} INFO - Processing file /opt/airflow/dags/pip_example.py for tasks to queue
[2023-01-23T11:45:52.846+0000] {logging_mixin.py:137} INFO - [2023-01-23T11:45:52.846+0000] {dagbag.py:538} INFO - Filling up the DagBag from /opt/airflow/dags/pip_example.py
[2023-01-23T11:45:53.443+0000] {processor.py:753} INFO - DAG(s) dict_keys(['pip_example']) retrieved from /opt/airflow/dags/pip_example.py
[2023-01-23T11:45:53.462+0000] {logging_mixin.py:137} INFO - [2023-01-23T11:45:53.461+0000] {dag.py:2676} INFO - Sync 1 DAGs
[2023-01-23T11:45:53.491+0000] {logging_mixin.py:137} INFO - [2023-01-23T11:45:53.491+0000] {dag.py:3427} INFO - Setting next_dagrun for pip_example to 2023-01-21T12:30:00+00:00, run_after=2023-01-22T12:30:00+00:00
[2023-01-23T11:45:53.514+0000] {processor.py:175} INFO - Processing /opt/airflow/dags/pip_example.py took 0.676 seconds
[2023-01-23T11:46:23.692+0000] {processor.py:153} INFO - Started process (PID=611) to work on /opt/airflow/dags/pip_example.py
[2023-01-23T11:46:23.696+0000] {processor.py:743} INFO - Processing file /opt/airflow/dags/pip_example.py for tasks to queue
[2023-01-23T11:46:23.697+0000] {logging_mixin.py:137} INFO - [2023-01-23T11:46:23.697+0000] {dagbag.py:538} INFO - Filling up the DagBag from /opt/airflow/dags/pip_example.py
[2023-01-23T11:46:24.302+0000] {processor.py:753} INFO - DAG(s) dict_keys(['pip_example']) retrieved from /opt/airflow/dags/pip_example.py
[2023-01-23T11:46:24.319+0000] {logging_mixin.py:137} INFO - [2023-01-23T11:46:24.319+0000] {dag.py:2676} INFO - Sync 1 DAGs
[2023-01-23T11:46:24.344+0000] {logging_mixin.py:137} INFO - [2023-01-23T11:46:24.344+0000] {dag.py:3427} INFO - Setting next_dagrun for pip_example to 2023-01-21T12:30:00+00:00, run_after=2023-01-22T12:30:00+00:00
[2023-01-23T11:46:24.366+0000] {processor.py:175} INFO - Processing /opt/airflow/dags/pip_example.py took 0.677 seconds
[2023-01-23T11:46:54.534+0000] {processor.py:153} INFO - Started process (PID=661) to work on /opt/airflow/dags/pip_example.py
[2023-01-23T11:46:54.536+0000] {processor.py:743} INFO - Processing file /opt/airflow/dags/pip_example.py for tasks to queue
[2023-01-23T11:46:54.539+0000] {logging_mixin.py:137} INFO - [2023-01-23T11:46:54.538+0000] {dagbag.py:538} INFO - Filling up the DagBag from /opt/airflow/dags/pip_example.py
[2023-01-23T11:46:55.186+0000] {processor.py:753} INFO - DAG(s) dict_keys(['pip_example']) retrieved from /opt/airflow/dags/pip_example.py
[2023-01-23T11:46:55.243+0000] {logging_mixin.py:137} INFO - [2023-01-23T11:46:55.243+0000] {dag.py:2676} INFO - Sync 1 DAGs
[2023-01-23T11:46:55.272+0000] {logging_mixin.py:137} INFO - [2023-01-23T11:46:55.272+0000] {dag.py:3427} INFO - Setting next_dagrun for pip_example to 2023-01-21T12:30:00+00:00, run_after=2023-01-22T12:30:00+00:00
[2023-01-23T11:46:55.287+0000] {processor.py:175} INFO - Processing /opt/airflow/dags/pip_example.py took 0.763 seconds
[2023-01-23T11:47:25.460+0000] {processor.py:153} INFO - Started process (PID=695) to work on /opt/airflow/dags/pip_example.py
[2023-01-23T11:47:25.463+0000] {processor.py:743} INFO - Processing file /opt/airflow/dags/pip_example.py for tasks to queue
[2023-01-23T11:47:25.464+0000] {logging_mixin.py:137} INFO - [2023-01-23T11:47:25.463+0000] {dagbag.py:538} INFO - Filling up the DagBag from /opt/airflow/dags/pip_example.py
[2023-01-23T11:47:26.231+0000] {processor.py:753} INFO - DAG(s) dict_keys(['pip_example']) retrieved from /opt/airflow/dags/pip_example.py
[2023-01-23T11:47:26.257+0000] {logging_mixin.py:137} INFO - [2023-01-23T11:47:26.256+0000] {dag.py:2676} INFO - Sync 1 DAGs
[2023-01-23T11:47:26.295+0000] {logging_mixin.py:137} INFO - [2023-01-23T11:47:26.295+0000] {dag.py:3427} INFO - Setting next_dagrun for pip_example to 2023-01-21T12:30:00+00:00, run_after=2023-01-22T12:30:00+00:00
[2023-01-23T11:47:26.315+0000] {processor.py:175} INFO - Processing /opt/airflow/dags/pip_example.py took 0.859 seconds
[2023-01-23T11:47:56.477+0000] {processor.py:153} INFO - Started process (PID=745) to work on /opt/airflow/dags/pip_example.py
[2023-01-23T11:47:56.477+0000] {processor.py:743} INFO - Processing file /opt/airflow/dags/pip_example.py for tasks to queue
[2023-01-23T11:47:56.478+0000] {logging_mixin.py:137} INFO - [2023-01-23T11:47:56.478+0000] {dagbag.py:538} INFO - Filling up the DagBag from /opt/airflow/dags/pip_example.py
[2023-01-23T11:47:57.006+0000] {processor.py:753} INFO - DAG(s) dict_keys(['pip_example']) retrieved from /opt/airflow/dags/pip_example.py
[2023-01-23T11:47:57.023+0000] {logging_mixin.py:137} INFO - [2023-01-23T11:47:57.023+0000] {dag.py:2676} INFO - Sync 1 DAGs
[2023-01-23T11:47:57.047+0000] {logging_mixin.py:137} INFO - [2023-01-23T11:47:57.046+0000] {dag.py:3427} INFO - Setting next_dagrun for pip_example to 2023-01-21T12:30:00+00:00, run_after=2023-01-22T12:30:00+00:00
[2023-01-23T11:47:57.062+0000] {processor.py:175} INFO - Processing /opt/airflow/dags/pip_example.py took 0.588 seconds
[2023-01-23T11:48:27.254+0000] {processor.py:153} INFO - Started process (PID=779) to work on /opt/airflow/dags/pip_example.py
[2023-01-23T11:48:27.257+0000] {processor.py:743} INFO - Processing file /opt/airflow/dags/pip_example.py for tasks to queue
[2023-01-23T11:48:27.258+0000] {logging_mixin.py:137} INFO - [2023-01-23T11:48:27.258+0000] {dagbag.py:538} INFO - Filling up the DagBag from /opt/airflow/dags/pip_example.py
[2023-01-23T11:48:27.914+0000] {processor.py:753} INFO - DAG(s) dict_keys(['pip_example']) retrieved from /opt/airflow/dags/pip_example.py
[2023-01-23T11:48:27.935+0000] {logging_mixin.py:137} INFO - [2023-01-23T11:48:27.934+0000] {dag.py:2676} INFO - Sync 1 DAGs
[2023-01-23T11:48:27.963+0000] {logging_mixin.py:137} INFO - [2023-01-23T11:48:27.963+0000] {dag.py:3427} INFO - Setting next_dagrun for pip_example to 2023-01-21T12:30:00+00:00, run_after=2023-01-22T12:30:00+00:00
[2023-01-23T11:48:27.981+0000] {processor.py:175} INFO - Processing /opt/airflow/dags/pip_example.py took 0.729 seconds
[2023-01-23T11:48:58.170+0000] {processor.py:153} INFO - Started process (PID=829) to work on /opt/airflow/dags/pip_example.py
[2023-01-23T11:48:58.174+0000] {processor.py:743} INFO - Processing file /opt/airflow/dags/pip_example.py for tasks to queue
[2023-01-23T11:48:58.176+0000] {logging_mixin.py:137} INFO - [2023-01-23T11:48:58.175+0000] {dagbag.py:538} INFO - Filling up the DagBag from /opt/airflow/dags/pip_example.py
[2023-01-23T11:48:58.704+0000] {processor.py:753} INFO - DAG(s) dict_keys(['pip_example']) retrieved from /opt/airflow/dags/pip_example.py
[2023-01-23T11:48:58.722+0000] {logging_mixin.py:137} INFO - [2023-01-23T11:48:58.722+0000] {dag.py:2676} INFO - Sync 1 DAGs
[2023-01-23T11:48:58.745+0000] {logging_mixin.py:137} INFO - [2023-01-23T11:48:58.745+0000] {dag.py:3427} INFO - Setting next_dagrun for pip_example to 2023-01-21T12:30:00+00:00, run_after=2023-01-22T12:30:00+00:00
[2023-01-23T11:48:58.759+0000] {processor.py:175} INFO - Processing /opt/airflow/dags/pip_example.py took 0.592 seconds
[2023-01-23T11:49:28.914+0000] {processor.py:153} INFO - Started process (PID=863) to work on /opt/airflow/dags/pip_example.py
[2023-01-23T11:49:28.917+0000] {processor.py:743} INFO - Processing file /opt/airflow/dags/pip_example.py for tasks to queue
[2023-01-23T11:49:28.917+0000] {logging_mixin.py:137} INFO - [2023-01-23T11:49:28.917+0000] {dagbag.py:538} INFO - Filling up the DagBag from /opt/airflow/dags/pip_example.py
[2023-01-23T11:49:29.441+0000] {processor.py:753} INFO - DAG(s) dict_keys(['pip_example']) retrieved from /opt/airflow/dags/pip_example.py
[2023-01-23T11:49:29.464+0000] {logging_mixin.py:137} INFO - [2023-01-23T11:49:29.464+0000] {dag.py:2676} INFO - Sync 1 DAGs
[2023-01-23T11:49:29.498+0000] {logging_mixin.py:137} INFO - [2023-01-23T11:49:29.498+0000] {dag.py:3427} INFO - Setting next_dagrun for pip_example to 2023-01-21T12:30:00+00:00, run_after=2023-01-22T12:30:00+00:00
[2023-01-23T11:49:29.521+0000] {processor.py:175} INFO - Processing /opt/airflow/dags/pip_example.py took 0.610 seconds
[2023-01-23T11:49:59.686+0000] {processor.py:153} INFO - Started process (PID=913) to work on /opt/airflow/dags/pip_example.py
[2023-01-23T11:49:59.689+0000] {processor.py:743} INFO - Processing file /opt/airflow/dags/pip_example.py for tasks to queue
[2023-01-23T11:49:59.689+0000] {logging_mixin.py:137} INFO - [2023-01-23T11:49:59.689+0000] {dagbag.py:538} INFO - Filling up the DagBag from /opt/airflow/dags/pip_example.py
[2023-01-23T11:50:00.326+0000] {processor.py:753} INFO - DAG(s) dict_keys(['pip_example']) retrieved from /opt/airflow/dags/pip_example.py
[2023-01-23T11:50:00.346+0000] {logging_mixin.py:137} INFO - [2023-01-23T11:50:00.345+0000] {dag.py:2676} INFO - Sync 1 DAGs
[2023-01-23T11:50:00.373+0000] {logging_mixin.py:137} INFO - [2023-01-23T11:50:00.373+0000] {dag.py:3427} INFO - Setting next_dagrun for pip_example to 2023-01-21T12:30:00+00:00, run_after=2023-01-22T12:30:00+00:00
[2023-01-23T11:50:00.393+0000] {processor.py:175} INFO - Processing /opt/airflow/dags/pip_example.py took 0.709 seconds
[2023-01-23T11:50:30.559+0000] {processor.py:153} INFO - Started process (PID=947) to work on /opt/airflow/dags/pip_example.py
[2023-01-23T11:50:30.563+0000] {processor.py:743} INFO - Processing file /opt/airflow/dags/pip_example.py for tasks to queue
[2023-01-23T11:50:30.563+0000] {logging_mixin.py:137} INFO - [2023-01-23T11:50:30.563+0000] {dagbag.py:538} INFO - Filling up the DagBag from /opt/airflow/dags/pip_example.py
[2023-01-23T11:50:31.188+0000] {processor.py:753} INFO - DAG(s) dict_keys(['pip_example']) retrieved from /opt/airflow/dags/pip_example.py
[2023-01-23T11:50:31.215+0000] {logging_mixin.py:137} INFO - [2023-01-23T11:50:31.215+0000] {dag.py:2676} INFO - Sync 1 DAGs
[2023-01-23T11:50:31.253+0000] {logging_mixin.py:137} INFO - [2023-01-23T11:50:31.253+0000] {dag.py:3427} INFO - Setting next_dagrun for pip_example to 2023-01-21T12:30:00+00:00, run_after=2023-01-22T12:30:00+00:00
[2023-01-23T11:50:31.275+0000] {processor.py:175} INFO - Processing /opt/airflow/dags/pip_example.py took 0.719 seconds
[2023-01-23T11:51:01.404+0000] {processor.py:153} INFO - Started process (PID=997) to work on /opt/airflow/dags/pip_example.py
[2023-01-23T11:51:01.408+0000] {processor.py:743} INFO - Processing file /opt/airflow/dags/pip_example.py for tasks to queue
[2023-01-23T11:51:01.409+0000] {logging_mixin.py:137} INFO - [2023-01-23T11:51:01.408+0000] {dagbag.py:538} INFO - Filling up the DagBag from /opt/airflow/dags/pip_example.py
[2023-01-23T11:51:02.105+0000] {processor.py:753} INFO - DAG(s) dict_keys(['pip_example']) retrieved from /opt/airflow/dags/pip_example.py
[2023-01-23T11:51:02.124+0000] {logging_mixin.py:137} INFO - [2023-01-23T11:51:02.123+0000] {dag.py:2676} INFO - Sync 1 DAGs
[2023-01-23T11:51:02.155+0000] {logging_mixin.py:137} INFO - [2023-01-23T11:51:02.154+0000] {dag.py:3427} INFO - Setting next_dagrun for pip_example to 2023-01-21T12:30:00+00:00, run_after=2023-01-22T12:30:00+00:00
[2023-01-23T11:51:02.175+0000] {processor.py:175} INFO - Processing /opt/airflow/dags/pip_example.py took 0.774 seconds
[2023-01-23T11:51:32.370+0000] {processor.py:153} INFO - Started process (PID=1031) to work on /opt/airflow/dags/pip_example.py
[2023-01-23T11:51:32.371+0000] {processor.py:743} INFO - Processing file /opt/airflow/dags/pip_example.py for tasks to queue
[2023-01-23T11:51:32.372+0000] {logging_mixin.py:137} INFO - [2023-01-23T11:51:32.372+0000] {dagbag.py:538} INFO - Filling up the DagBag from /opt/airflow/dags/pip_example.py
[2023-01-23T11:51:32.949+0000] {processor.py:753} INFO - DAG(s) dict_keys(['pip_example']) retrieved from /opt/airflow/dags/pip_example.py
[2023-01-23T11:51:32.968+0000] {logging_mixin.py:137} INFO - [2023-01-23T11:51:32.968+0000] {dag.py:2676} INFO - Sync 1 DAGs
[2023-01-23T11:51:32.994+0000] {logging_mixin.py:137} INFO - [2023-01-23T11:51:32.994+0000] {dag.py:3427} INFO - Setting next_dagrun for pip_example to 2023-01-21T12:30:00+00:00, run_after=2023-01-22T12:30:00+00:00
[2023-01-23T11:51:33.017+0000] {processor.py:175} INFO - Processing /opt/airflow/dags/pip_example.py took 0.649 seconds
[2023-01-23T11:52:03.194+0000] {processor.py:153} INFO - Started process (PID=1081) to work on /opt/airflow/dags/pip_example.py
[2023-01-23T11:52:03.194+0000] {processor.py:743} INFO - Processing file /opt/airflow/dags/pip_example.py for tasks to queue
[2023-01-23T11:52:03.195+0000] {logging_mixin.py:137} INFO - [2023-01-23T11:52:03.195+0000] {dagbag.py:538} INFO - Filling up the DagBag from /opt/airflow/dags/pip_example.py
[2023-01-23T11:52:03.948+0000] {processor.py:753} INFO - DAG(s) dict_keys(['pip_example']) retrieved from /opt/airflow/dags/pip_example.py
[2023-01-23T11:52:03.979+0000] {logging_mixin.py:137} INFO - [2023-01-23T11:52:03.978+0000] {dag.py:2676} INFO - Sync 1 DAGs
[2023-01-23T11:52:04.025+0000] {logging_mixin.py:137} INFO - [2023-01-23T11:52:04.025+0000] {dag.py:3427} INFO - Setting next_dagrun for pip_example to 2023-01-21T12:30:00+00:00, run_after=2023-01-22T12:30:00+00:00
[2023-01-23T11:52:04.063+0000] {processor.py:175} INFO - Processing /opt/airflow/dags/pip_example.py took 0.873 seconds
[2023-01-23T11:52:34.268+0000] {processor.py:153} INFO - Started process (PID=1115) to work on /opt/airflow/dags/pip_example.py
[2023-01-23T11:52:34.272+0000] {processor.py:743} INFO - Processing file /opt/airflow/dags/pip_example.py for tasks to queue
[2023-01-23T11:52:34.273+0000] {logging_mixin.py:137} INFO - [2023-01-23T11:52:34.273+0000] {dagbag.py:538} INFO - Filling up the DagBag from /opt/airflow/dags/pip_example.py
[2023-01-23T11:52:34.913+0000] {processor.py:753} INFO - DAG(s) dict_keys(['pip_example']) retrieved from /opt/airflow/dags/pip_example.py
[2023-01-23T11:52:34.933+0000] {logging_mixin.py:137} INFO - [2023-01-23T11:52:34.932+0000] {dag.py:2676} INFO - Sync 1 DAGs
[2023-01-23T11:52:34.960+0000] {logging_mixin.py:137} INFO - [2023-01-23T11:52:34.960+0000] {dag.py:3427} INFO - Setting next_dagrun for pip_example to 2023-01-21T12:30:00+00:00, run_after=2023-01-22T12:30:00+00:00
[2023-01-23T11:52:34.983+0000] {processor.py:175} INFO - Processing /opt/airflow/dags/pip_example.py took 0.718 seconds
[2023-01-23T11:53:05.093+0000] {processor.py:153} INFO - Started process (PID=1165) to work on /opt/airflow/dags/pip_example.py
[2023-01-23T11:53:05.098+0000] {processor.py:743} INFO - Processing file /opt/airflow/dags/pip_example.py for tasks to queue
[2023-01-23T11:53:05.100+0000] {logging_mixin.py:137} INFO - [2023-01-23T11:53:05.099+0000] {dagbag.py:538} INFO - Filling up the DagBag from /opt/airflow/dags/pip_example.py
[2023-01-23T11:53:05.707+0000] {processor.py:753} INFO - DAG(s) dict_keys(['pip_example']) retrieved from /opt/airflow/dags/pip_example.py
[2023-01-23T11:53:05.727+0000] {logging_mixin.py:137} INFO - [2023-01-23T11:53:05.726+0000] {dag.py:2676} INFO - Sync 1 DAGs
[2023-01-23T11:53:05.753+0000] {logging_mixin.py:137} INFO - [2023-01-23T11:53:05.752+0000] {dag.py:3427} INFO - Setting next_dagrun for pip_example to 2023-01-21T12:30:00+00:00, run_after=2023-01-22T12:30:00+00:00
[2023-01-23T11:53:05.772+0000] {processor.py:175} INFO - Processing /opt/airflow/dags/pip_example.py took 0.687 seconds
[2023-01-23T11:53:35.993+0000] {processor.py:153} INFO - Started process (PID=1199) to work on /opt/airflow/dags/pip_example.py
[2023-01-23T11:53:35.996+0000] {processor.py:743} INFO - Processing file /opt/airflow/dags/pip_example.py for tasks to queue
[2023-01-23T11:53:35.997+0000] {logging_mixin.py:137} INFO - [2023-01-23T11:53:35.996+0000] {dagbag.py:538} INFO - Filling up the DagBag from /opt/airflow/dags/pip_example.py
[2023-01-23T11:53:36.534+0000] {processor.py:753} INFO - DAG(s) dict_keys(['pip_example']) retrieved from /opt/airflow/dags/pip_example.py
[2023-01-23T11:53:36.551+0000] {logging_mixin.py:137} INFO - [2023-01-23T11:53:36.550+0000] {dag.py:2676} INFO - Sync 1 DAGs
[2023-01-23T11:53:36.574+0000] {logging_mixin.py:137} INFO - [2023-01-23T11:53:36.574+0000] {dag.py:3427} INFO - Setting next_dagrun for pip_example to 2023-01-21T12:30:00+00:00, run_after=2023-01-22T12:30:00+00:00
[2023-01-23T11:53:36.591+0000] {processor.py:175} INFO - Processing /opt/airflow/dags/pip_example.py took 0.602 seconds
[2023-01-23T11:54:06.791+0000] {processor.py:153} INFO - Started process (PID=1249) to work on /opt/airflow/dags/pip_example.py
[2023-01-23T11:54:06.795+0000] {processor.py:743} INFO - Processing file /opt/airflow/dags/pip_example.py for tasks to queue
[2023-01-23T11:54:06.797+0000] {logging_mixin.py:137} INFO - [2023-01-23T11:54:06.797+0000] {dagbag.py:538} INFO - Filling up the DagBag from /opt/airflow/dags/pip_example.py
[2023-01-23T11:54:07.370+0000] {processor.py:753} INFO - DAG(s) dict_keys(['pip_example']) retrieved from /opt/airflow/dags/pip_example.py
[2023-01-23T11:54:07.390+0000] {logging_mixin.py:137} INFO - [2023-01-23T11:54:07.389+0000] {dag.py:2676} INFO - Sync 1 DAGs
[2023-01-23T11:54:07.417+0000] {logging_mixin.py:137} INFO - [2023-01-23T11:54:07.417+0000] {dag.py:3427} INFO - Setting next_dagrun for pip_example to 2023-01-21T12:30:00+00:00, run_after=2023-01-22T12:30:00+00:00
[2023-01-23T11:54:07.438+0000] {processor.py:175} INFO - Processing /opt/airflow/dags/pip_example.py took 0.654 seconds
[2023-01-23T11:54:37.675+0000] {processor.py:153} INFO - Started process (PID=1282) to work on /opt/airflow/dags/pip_example.py
[2023-01-23T11:54:37.677+0000] {processor.py:743} INFO - Processing file /opt/airflow/dags/pip_example.py for tasks to queue
[2023-01-23T11:54:37.678+0000] {logging_mixin.py:137} INFO - [2023-01-23T11:54:37.678+0000] {dagbag.py:538} INFO - Filling up the DagBag from /opt/airflow/dags/pip_example.py
[2023-01-23T11:54:38.290+0000] {processor.py:753} INFO - DAG(s) dict_keys(['pip_example']) retrieved from /opt/airflow/dags/pip_example.py
[2023-01-23T11:54:38.311+0000] {logging_mixin.py:137} INFO - [2023-01-23T11:54:38.311+0000] {dag.py:2676} INFO - Sync 1 DAGs
[2023-01-23T11:54:38.342+0000] {logging_mixin.py:137} INFO - [2023-01-23T11:54:38.342+0000] {dag.py:3427} INFO - Setting next_dagrun for pip_example to 2023-01-21T12:30:00+00:00, run_after=2023-01-22T12:30:00+00:00
[2023-01-23T11:54:38.364+0000] {processor.py:175} INFO - Processing /opt/airflow/dags/pip_example.py took 0.695 seconds
[2023-01-23T11:55:08.521+0000] {processor.py:153} INFO - Started process (PID=1332) to work on /opt/airflow/dags/pip_example.py
[2023-01-23T11:55:08.523+0000] {processor.py:743} INFO - Processing file /opt/airflow/dags/pip_example.py for tasks to queue
[2023-01-23T11:55:08.523+0000] {logging_mixin.py:137} INFO - [2023-01-23T11:55:08.523+0000] {dagbag.py:538} INFO - Filling up the DagBag from /opt/airflow/dags/pip_example.py
[2023-01-23T11:55:09.158+0000] {processor.py:753} INFO - DAG(s) dict_keys(['pip_example']) retrieved from /opt/airflow/dags/pip_example.py
[2023-01-23T11:55:09.176+0000] {logging_mixin.py:137} INFO - [2023-01-23T11:55:09.176+0000] {dag.py:2676} INFO - Sync 1 DAGs
[2023-01-23T11:55:09.203+0000] {logging_mixin.py:137} INFO - [2023-01-23T11:55:09.202+0000] {dag.py:3427} INFO - Setting next_dagrun for pip_example to 2023-01-21T12:30:00+00:00, run_after=2023-01-22T12:30:00+00:00
[2023-01-23T11:55:09.222+0000] {processor.py:175} INFO - Processing /opt/airflow/dags/pip_example.py took 0.704 seconds
[2023-01-23T11:55:39.296+0000] {processor.py:153} INFO - Started process (PID=1366) to work on /opt/airflow/dags/pip_example.py
[2023-01-23T11:55:39.301+0000] {processor.py:743} INFO - Processing file /opt/airflow/dags/pip_example.py for tasks to queue
[2023-01-23T11:55:39.303+0000] {logging_mixin.py:137} INFO - [2023-01-23T11:55:39.302+0000] {dagbag.py:538} INFO - Filling up the DagBag from /opt/airflow/dags/pip_example.py
[2023-01-23T11:55:39.840+0000] {processor.py:753} INFO - DAG(s) dict_keys(['pip_example']) retrieved from /opt/airflow/dags/pip_example.py
[2023-01-23T11:55:39.859+0000] {logging_mixin.py:137} INFO - [2023-01-23T11:55:39.858+0000] {dag.py:2676} INFO - Sync 1 DAGs
[2023-01-23T11:55:39.883+0000] {logging_mixin.py:137} INFO - [2023-01-23T11:55:39.883+0000] {dag.py:3427} INFO - Setting next_dagrun for pip_example to 2023-01-21T12:30:00+00:00, run_after=2023-01-22T12:30:00+00:00
[2023-01-23T11:55:39.902+0000] {processor.py:175} INFO - Processing /opt/airflow/dags/pip_example.py took 0.614 seconds
[2023-01-23T11:56:10.062+0000] {processor.py:153} INFO - Started process (PID=1408) to work on /opt/airflow/dags/pip_example.py
[2023-01-23T11:56:10.063+0000] {processor.py:743} INFO - Processing file /opt/airflow/dags/pip_example.py for tasks to queue
[2023-01-23T11:56:10.064+0000] {logging_mixin.py:137} INFO - [2023-01-23T11:56:10.063+0000] {dagbag.py:538} INFO - Filling up the DagBag from /opt/airflow/dags/pip_example.py
[2023-01-23T11:56:10.833+0000] {processor.py:753} INFO - DAG(s) dict_keys(['pip_example']) retrieved from /opt/airflow/dags/pip_example.py
[2023-01-23T11:56:10.860+0000] {logging_mixin.py:137} INFO - [2023-01-23T11:56:10.860+0000] {dag.py:2676} INFO - Sync 1 DAGs
[2023-01-23T11:56:10.904+0000] {logging_mixin.py:137} INFO - [2023-01-23T11:56:10.904+0000] {dag.py:3427} INFO - Setting next_dagrun for pip_example to 2023-01-21T12:30:00+00:00, run_after=2023-01-22T12:30:00+00:00
[2023-01-23T11:56:10.927+0000] {processor.py:175} INFO - Processing /opt/airflow/dags/pip_example.py took 0.868 seconds
[2023-01-23T11:56:41.116+0000] {processor.py:153} INFO - Started process (PID=1451) to work on /opt/airflow/dags/pip_example.py
[2023-01-23T11:56:41.120+0000] {processor.py:743} INFO - Processing file /opt/airflow/dags/pip_example.py for tasks to queue
[2023-01-23T11:56:41.122+0000] {logging_mixin.py:137} INFO - [2023-01-23T11:56:41.121+0000] {dagbag.py:538} INFO - Filling up the DagBag from /opt/airflow/dags/pip_example.py
[2023-01-23T11:56:41.662+0000] {processor.py:753} INFO - DAG(s) dict_keys(['pip_example']) retrieved from /opt/airflow/dags/pip_example.py
[2023-01-23T11:56:41.678+0000] {logging_mixin.py:137} INFO - [2023-01-23T11:56:41.678+0000] {dag.py:2676} INFO - Sync 1 DAGs
[2023-01-23T11:56:41.700+0000] {logging_mixin.py:137} INFO - [2023-01-23T11:56:41.700+0000] {dag.py:3427} INFO - Setting next_dagrun for pip_example to 2023-01-21T12:30:00+00:00, run_after=2023-01-22T12:30:00+00:00
[2023-01-23T11:56:41.717+0000] {processor.py:175} INFO - Processing /opt/airflow/dags/pip_example.py took 0.609 seconds
[2023-01-23T11:57:11.901+0000] {processor.py:153} INFO - Started process (PID=1485) to work on /opt/airflow/dags/pip_example.py
[2023-01-23T11:57:11.904+0000] {processor.py:743} INFO - Processing file /opt/airflow/dags/pip_example.py for tasks to queue
[2023-01-23T11:57:11.904+0000] {logging_mixin.py:137} INFO - [2023-01-23T11:57:11.904+0000] {dagbag.py:538} INFO - Filling up the DagBag from /opt/airflow/dags/pip_example.py
[2023-01-23T11:57:12.536+0000] {processor.py:753} INFO - DAG(s) dict_keys(['pip_example']) retrieved from /opt/airflow/dags/pip_example.py
[2023-01-23T11:57:12.554+0000] {logging_mixin.py:137} INFO - [2023-01-23T11:57:12.554+0000] {dag.py:2676} INFO - Sync 1 DAGs
[2023-01-23T11:57:12.578+0000] {logging_mixin.py:137} INFO - [2023-01-23T11:57:12.578+0000] {dag.py:3427} INFO - Setting next_dagrun for pip_example to 2023-01-21T12:30:00+00:00, run_after=2023-01-22T12:30:00+00:00
[2023-01-23T11:57:12.595+0000] {processor.py:175} INFO - Processing /opt/airflow/dags/pip_example.py took 0.697 seconds
[2023-01-23T11:57:42.739+0000] {processor.py:153} INFO - Started process (PID=1535) to work on /opt/airflow/dags/pip_example.py
[2023-01-23T11:57:42.739+0000] {processor.py:743} INFO - Processing file /opt/airflow/dags/pip_example.py for tasks to queue
[2023-01-23T11:57:42.740+0000] {logging_mixin.py:137} INFO - [2023-01-23T11:57:42.740+0000] {dagbag.py:538} INFO - Filling up the DagBag from /opt/airflow/dags/pip_example.py
[2023-01-23T11:57:43.279+0000] {processor.py:753} INFO - DAG(s) dict_keys(['pip_example']) retrieved from /opt/airflow/dags/pip_example.py
[2023-01-23T11:57:43.297+0000] {logging_mixin.py:137} INFO - [2023-01-23T11:57:43.297+0000] {dag.py:2676} INFO - Sync 1 DAGs
[2023-01-23T11:57:43.321+0000] {logging_mixin.py:137} INFO - [2023-01-23T11:57:43.321+0000] {dag.py:3427} INFO - Setting next_dagrun for pip_example to 2023-01-21T12:30:00+00:00, run_after=2023-01-22T12:30:00+00:00
[2023-01-23T11:57:43.344+0000] {processor.py:175} INFO - Processing /opt/airflow/dags/pip_example.py took 0.608 seconds
[2023-01-23T11:58:13.484+0000] {processor.py:153} INFO - Started process (PID=1569) to work on /opt/airflow/dags/pip_example.py
[2023-01-23T11:58:13.488+0000] {processor.py:743} INFO - Processing file /opt/airflow/dags/pip_example.py for tasks to queue
[2023-01-23T11:58:13.489+0000] {logging_mixin.py:137} INFO - [2023-01-23T11:58:13.489+0000] {dagbag.py:538} INFO - Filling up the DagBag from /opt/airflow/dags/pip_example.py
[2023-01-23T11:58:14.134+0000] {processor.py:753} INFO - DAG(s) dict_keys(['pip_example']) retrieved from /opt/airflow/dags/pip_example.py
[2023-01-23T11:58:14.157+0000] {logging_mixin.py:137} INFO - [2023-01-23T11:58:14.156+0000] {dag.py:2676} INFO - Sync 1 DAGs
[2023-01-23T11:58:14.183+0000] {logging_mixin.py:137} INFO - [2023-01-23T11:58:14.183+0000] {dag.py:3427} INFO - Setting next_dagrun for pip_example to 2023-01-21T12:30:00+00:00, run_after=2023-01-22T12:30:00+00:00
[2023-01-23T11:58:14.200+0000] {processor.py:175} INFO - Processing /opt/airflow/dags/pip_example.py took 0.718 seconds
[2023-01-23T11:58:44.320+0000] {processor.py:153} INFO - Started process (PID=1620) to work on /opt/airflow/dags/pip_example.py
[2023-01-23T11:58:44.321+0000] {processor.py:743} INFO - Processing file /opt/airflow/dags/pip_example.py for tasks to queue
[2023-01-23T11:58:44.322+0000] {logging_mixin.py:137} INFO - [2023-01-23T11:58:44.322+0000] {dagbag.py:538} INFO - Filling up the DagBag from /opt/airflow/dags/pip_example.py
[2023-01-23T11:58:44.892+0000] {processor.py:753} INFO - DAG(s) dict_keys(['pip_example']) retrieved from /opt/airflow/dags/pip_example.py
[2023-01-23T11:58:44.909+0000] {logging_mixin.py:137} INFO - [2023-01-23T11:58:44.909+0000] {dag.py:2676} INFO - Sync 1 DAGs
[2023-01-23T11:58:44.933+0000] {logging_mixin.py:137} INFO - [2023-01-23T11:58:44.933+0000] {dag.py:3427} INFO - Setting next_dagrun for pip_example to 2023-01-21T12:30:00+00:00, run_after=2023-01-22T12:30:00+00:00
[2023-01-23T11:58:44.951+0000] {processor.py:175} INFO - Processing /opt/airflow/dags/pip_example.py took 0.634 seconds
[2023-01-23T11:59:15.151+0000] {processor.py:153} INFO - Started process (PID=1655) to work on /opt/airflow/dags/pip_example.py
[2023-01-23T11:59:15.152+0000] {processor.py:743} INFO - Processing file /opt/airflow/dags/pip_example.py for tasks to queue
[2023-01-23T11:59:15.153+0000] {logging_mixin.py:137} INFO - [2023-01-23T11:59:15.153+0000] {dagbag.py:538} INFO - Filling up the DagBag from /opt/airflow/dags/pip_example.py
[2023-01-23T11:59:15.728+0000] {processor.py:753} INFO - DAG(s) dict_keys(['pip_example']) retrieved from /opt/airflow/dags/pip_example.py
[2023-01-23T11:59:15.746+0000] {logging_mixin.py:137} INFO - [2023-01-23T11:59:15.745+0000] {dag.py:2676} INFO - Sync 1 DAGs
[2023-01-23T11:59:15.768+0000] {logging_mixin.py:137} INFO - [2023-01-23T11:59:15.768+0000] {dag.py:3427} INFO - Setting next_dagrun for pip_example to 2023-01-21T12:30:00+00:00, run_after=2023-01-22T12:30:00+00:00
[2023-01-23T11:59:15.787+0000] {processor.py:175} INFO - Processing /opt/airflow/dags/pip_example.py took 0.640 seconds
[2023-01-23T11:59:45.957+0000] {processor.py:153} INFO - Started process (PID=1705) to work on /opt/airflow/dags/pip_example.py
[2023-01-23T11:59:45.958+0000] {processor.py:743} INFO - Processing file /opt/airflow/dags/pip_example.py for tasks to queue
[2023-01-23T11:59:45.959+0000] {logging_mixin.py:137} INFO - [2023-01-23T11:59:45.959+0000] {dagbag.py:538} INFO - Filling up the DagBag from /opt/airflow/dags/pip_example.py
[2023-01-23T11:59:46.462+0000] {processor.py:753} INFO - DAG(s) dict_keys(['pip_example']) retrieved from /opt/airflow/dags/pip_example.py
[2023-01-23T11:59:46.479+0000] {logging_mixin.py:137} INFO - [2023-01-23T11:59:46.479+0000] {dag.py:2676} INFO - Sync 1 DAGs
[2023-01-23T11:59:46.502+0000] {logging_mixin.py:137} INFO - [2023-01-23T11:59:46.501+0000] {dag.py:3427} INFO - Setting next_dagrun for pip_example to 2023-01-21T12:30:00+00:00, run_after=2023-01-22T12:30:00+00:00
[2023-01-23T11:59:46.520+0000] {processor.py:175} INFO - Processing /opt/airflow/dags/pip_example.py took 0.566 seconds
[2023-01-23T12:00:16.704+0000] {processor.py:153} INFO - Started process (PID=1748) to work on /opt/airflow/dags/pip_example.py
[2023-01-23T12:00:16.707+0000] {processor.py:743} INFO - Processing file /opt/airflow/dags/pip_example.py for tasks to queue
[2023-01-23T12:00:16.708+0000] {logging_mixin.py:137} INFO - [2023-01-23T12:00:16.708+0000] {dagbag.py:538} INFO - Filling up the DagBag from /opt/airflow/dags/pip_example.py
[2023-01-23T12:00:17.273+0000] {processor.py:753} INFO - DAG(s) dict_keys(['pip_example']) retrieved from /opt/airflow/dags/pip_example.py
[2023-01-23T12:00:17.291+0000] {logging_mixin.py:137} INFO - [2023-01-23T12:00:17.291+0000] {dag.py:2676} INFO - Sync 1 DAGs
[2023-01-23T12:00:17.315+0000] {logging_mixin.py:137} INFO - [2023-01-23T12:00:17.315+0000] {dag.py:3427} INFO - Setting next_dagrun for pip_example to 2023-01-21T12:30:00+00:00, run_after=2023-01-22T12:30:00+00:00
[2023-01-23T12:00:17.336+0000] {processor.py:175} INFO - Processing /opt/airflow/dags/pip_example.py took 0.634 seconds
[2023-01-23T12:00:47.508+0000] {processor.py:153} INFO - Started process (PID=1789) to work on /opt/airflow/dags/pip_example.py
[2023-01-23T12:00:47.511+0000] {processor.py:743} INFO - Processing file /opt/airflow/dags/pip_example.py for tasks to queue
[2023-01-23T12:00:47.512+0000] {logging_mixin.py:137} INFO - [2023-01-23T12:00:47.512+0000] {dagbag.py:538} INFO - Filling up the DagBag from /opt/airflow/dags/pip_example.py
[2023-01-23T12:00:48.023+0000] {processor.py:753} INFO - DAG(s) dict_keys(['pip_example']) retrieved from /opt/airflow/dags/pip_example.py
[2023-01-23T12:00:48.040+0000] {logging_mixin.py:137} INFO - [2023-01-23T12:00:48.039+0000] {dag.py:2676} INFO - Sync 1 DAGs
[2023-01-23T12:00:48.063+0000] {logging_mixin.py:137} INFO - [2023-01-23T12:00:48.063+0000] {dag.py:3427} INFO - Setting next_dagrun for pip_example to 2023-01-21T12:30:00+00:00, run_after=2023-01-22T12:30:00+00:00
[2023-01-23T12:00:48.080+0000] {processor.py:175} INFO - Processing /opt/airflow/dags/pip_example.py took 0.575 seconds
[2023-01-23T12:01:18.244+0000] {processor.py:153} INFO - Started process (PID=1839) to work on /opt/airflow/dags/pip_example.py
[2023-01-23T12:01:18.247+0000] {processor.py:743} INFO - Processing file /opt/airflow/dags/pip_example.py for tasks to queue
[2023-01-23T12:01:18.248+0000] {logging_mixin.py:137} INFO - [2023-01-23T12:01:18.248+0000] {dagbag.py:538} INFO - Filling up the DagBag from /opt/airflow/dags/pip_example.py
[2023-01-23T12:01:18.830+0000] {processor.py:753} INFO - DAG(s) dict_keys(['pip_example']) retrieved from /opt/airflow/dags/pip_example.py
[2023-01-23T12:01:18.867+0000] {logging_mixin.py:137} INFO - [2023-01-23T12:01:18.866+0000] {dag.py:2676} INFO - Sync 1 DAGs
[2023-01-23T12:01:18.910+0000] {logging_mixin.py:137} INFO - [2023-01-23T12:01:18.910+0000] {dag.py:3427} INFO - Setting next_dagrun for pip_example to 2023-01-21T12:30:00+00:00, run_after=2023-01-22T12:30:00+00:00
[2023-01-23T12:01:18.936+0000] {processor.py:175} INFO - Processing /opt/airflow/dags/pip_example.py took 0.694 seconds
[2023-01-23T12:01:49.119+0000] {processor.py:153} INFO - Started process (PID=1873) to work on /opt/airflow/dags/pip_example.py
[2023-01-23T12:01:49.123+0000] {processor.py:743} INFO - Processing file /opt/airflow/dags/pip_example.py for tasks to queue
[2023-01-23T12:01:49.124+0000] {logging_mixin.py:137} INFO - [2023-01-23T12:01:49.124+0000] {dagbag.py:538} INFO - Filling up the DagBag from /opt/airflow/dags/pip_example.py
[2023-01-23T12:01:49.656+0000] {processor.py:753} INFO - DAG(s) dict_keys(['pip_example']) retrieved from /opt/airflow/dags/pip_example.py
[2023-01-23T12:01:49.673+0000] {logging_mixin.py:137} INFO - [2023-01-23T12:01:49.673+0000] {dag.py:2676} INFO - Sync 1 DAGs
[2023-01-23T12:01:49.697+0000] {logging_mixin.py:137} INFO - [2023-01-23T12:01:49.697+0000] {dag.py:3427} INFO - Setting next_dagrun for pip_example to 2023-01-21T12:30:00+00:00, run_after=2023-01-22T12:30:00+00:00
[2023-01-23T12:01:49.716+0000] {processor.py:175} INFO - Processing /opt/airflow/dags/pip_example.py took 0.600 seconds
[2023-01-23T12:02:19.890+0000] {processor.py:153} INFO - Started process (PID=1923) to work on /opt/airflow/dags/pip_example.py
[2023-01-23T12:02:19.891+0000] {processor.py:743} INFO - Processing file /opt/airflow/dags/pip_example.py for tasks to queue
[2023-01-23T12:02:19.892+0000] {logging_mixin.py:137} INFO - [2023-01-23T12:02:19.892+0000] {dagbag.py:538} INFO - Filling up the DagBag from /opt/airflow/dags/pip_example.py
[2023-01-23T12:02:20.460+0000] {processor.py:753} INFO - DAG(s) dict_keys(['pip_example']) retrieved from /opt/airflow/dags/pip_example.py
[2023-01-23T12:02:20.479+0000] {logging_mixin.py:137} INFO - [2023-01-23T12:02:20.478+0000] {dag.py:2676} INFO - Sync 1 DAGs
[2023-01-23T12:02:20.503+0000] {logging_mixin.py:137} INFO - [2023-01-23T12:02:20.503+0000] {dag.py:3427} INFO - Setting next_dagrun for pip_example to 2023-01-21T12:30:00+00:00, run_after=2023-01-22T12:30:00+00:00
[2023-01-23T12:02:20.526+0000] {processor.py:175} INFO - Processing /opt/airflow/dags/pip_example.py took 0.637 seconds
[2023-01-23T12:02:50.695+0000] {processor.py:153} INFO - Started process (PID=1958) to work on /opt/airflow/dags/pip_example.py
[2023-01-23T12:02:50.699+0000] {processor.py:743} INFO - Processing file /opt/airflow/dags/pip_example.py for tasks to queue
[2023-01-23T12:02:50.701+0000] {logging_mixin.py:137} INFO - [2023-01-23T12:02:50.700+0000] {dagbag.py:538} INFO - Filling up the DagBag from /opt/airflow/dags/pip_example.py
[2023-01-23T12:02:51.261+0000] {processor.py:753} INFO - DAG(s) dict_keys(['pip_example']) retrieved from /opt/airflow/dags/pip_example.py
[2023-01-23T12:02:51.280+0000] {logging_mixin.py:137} INFO - [2023-01-23T12:02:51.279+0000] {dag.py:2676} INFO - Sync 1 DAGs
[2023-01-23T12:02:51.303+0000] {logging_mixin.py:137} INFO - [2023-01-23T12:02:51.303+0000] {dag.py:3427} INFO - Setting next_dagrun for pip_example to 2023-01-21T12:30:00+00:00, run_after=2023-01-22T12:30:00+00:00
[2023-01-23T12:02:51.322+0000] {processor.py:175} INFO - Processing /opt/airflow/dags/pip_example.py took 0.630 seconds
[2023-01-23T12:03:21.510+0000] {processor.py:153} INFO - Started process (PID=2010) to work on /opt/airflow/dags/pip_example.py
[2023-01-23T12:03:21.514+0000] {processor.py:743} INFO - Processing file /opt/airflow/dags/pip_example.py for tasks to queue
[2023-01-23T12:03:21.515+0000] {logging_mixin.py:137} INFO - [2023-01-23T12:03:21.515+0000] {dagbag.py:538} INFO - Filling up the DagBag from /opt/airflow/dags/pip_example.py
[2023-01-23T12:03:22.085+0000] {processor.py:753} INFO - DAG(s) dict_keys(['pip_example']) retrieved from /opt/airflow/dags/pip_example.py
[2023-01-23T12:03:22.102+0000] {logging_mixin.py:137} INFO - [2023-01-23T12:03:22.101+0000] {dag.py:2676} INFO - Sync 1 DAGs
[2023-01-23T12:03:22.123+0000] {logging_mixin.py:137} INFO - [2023-01-23T12:03:22.123+0000] {dag.py:3427} INFO - Setting next_dagrun for pip_example to 2023-01-21T12:30:00+00:00, run_after=2023-01-22T12:30:00+00:00
[2023-01-23T12:03:22.141+0000] {processor.py:175} INFO - Processing /opt/airflow/dags/pip_example.py took 0.636 seconds
[2023-01-23T12:03:52.331+0000] {processor.py:153} INFO - Started process (PID=2044) to work on /opt/airflow/dags/pip_example.py
[2023-01-23T12:03:52.335+0000] {processor.py:743} INFO - Processing file /opt/airflow/dags/pip_example.py for tasks to queue
[2023-01-23T12:03:52.336+0000] {logging_mixin.py:137} INFO - [2023-01-23T12:03:52.336+0000] {dagbag.py:538} INFO - Filling up the DagBag from /opt/airflow/dags/pip_example.py
[2023-01-23T12:03:52.892+0000] {processor.py:753} INFO - DAG(s) dict_keys(['pip_example']) retrieved from /opt/airflow/dags/pip_example.py
[2023-01-23T12:03:52.909+0000] {logging_mixin.py:137} INFO - [2023-01-23T12:03:52.909+0000] {dag.py:2676} INFO - Sync 1 DAGs
[2023-01-23T12:03:52.932+0000] {logging_mixin.py:137} INFO - [2023-01-23T12:03:52.932+0000] {dag.py:3427} INFO - Setting next_dagrun for pip_example to 2023-01-21T12:30:00+00:00, run_after=2023-01-22T12:30:00+00:00
[2023-01-23T12:03:52.952+0000] {processor.py:175} INFO - Processing /opt/airflow/dags/pip_example.py took 0.624 seconds
[2023-01-23T12:04:23.133+0000] {processor.py:153} INFO - Started process (PID=2094) to work on /opt/airflow/dags/pip_example.py
[2023-01-23T12:04:23.137+0000] {processor.py:743} INFO - Processing file /opt/airflow/dags/pip_example.py for tasks to queue
[2023-01-23T12:04:23.137+0000] {logging_mixin.py:137} INFO - [2023-01-23T12:04:23.137+0000] {dagbag.py:538} INFO - Filling up the DagBag from /opt/airflow/dags/pip_example.py
[2023-01-23T12:04:23.674+0000] {processor.py:753} INFO - DAG(s) dict_keys(['pip_example']) retrieved from /opt/airflow/dags/pip_example.py
[2023-01-23T12:04:23.694+0000] {logging_mixin.py:137} INFO - [2023-01-23T12:04:23.693+0000] {dag.py:2676} INFO - Sync 1 DAGs
[2023-01-23T12:04:23.717+0000] {logging_mixin.py:137} INFO - [2023-01-23T12:04:23.717+0000] {dag.py:3427} INFO - Setting next_dagrun for pip_example to 2023-01-21T12:30:00+00:00, run_after=2023-01-22T12:30:00+00:00
[2023-01-23T12:04:23.733+0000] {processor.py:175} INFO - Processing /opt/airflow/dags/pip_example.py took 0.603 seconds
[2023-01-23T12:04:53.910+0000] {processor.py:153} INFO - Started process (PID=2128) to work on /opt/airflow/dags/pip_example.py
[2023-01-23T12:04:53.913+0000] {processor.py:743} INFO - Processing file /opt/airflow/dags/pip_example.py for tasks to queue
[2023-01-23T12:04:53.914+0000] {logging_mixin.py:137} INFO - [2023-01-23T12:04:53.914+0000] {dagbag.py:538} INFO - Filling up the DagBag from /opt/airflow/dags/pip_example.py
[2023-01-23T12:04:54.452+0000] {processor.py:753} INFO - DAG(s) dict_keys(['pip_example']) retrieved from /opt/airflow/dags/pip_example.py
[2023-01-23T12:04:54.470+0000] {logging_mixin.py:137} INFO - [2023-01-23T12:04:54.469+0000] {dag.py:2676} INFO - Sync 1 DAGs
[2023-01-23T12:04:54.493+0000] {logging_mixin.py:137} INFO - [2023-01-23T12:04:54.493+0000] {dag.py:3427} INFO - Setting next_dagrun for pip_example to 2023-01-21T12:30:00+00:00, run_after=2023-01-22T12:30:00+00:00
[2023-01-23T12:04:54.513+0000] {processor.py:175} INFO - Processing /opt/airflow/dags/pip_example.py took 0.604 seconds
[2023-01-23T12:05:24.701+0000] {processor.py:153} INFO - Started process (PID=2178) to work on /opt/airflow/dags/pip_example.py
[2023-01-23T12:05:24.705+0000] {processor.py:743} INFO - Processing file /opt/airflow/dags/pip_example.py for tasks to queue
[2023-01-23T12:05:24.705+0000] {logging_mixin.py:137} INFO - [2023-01-23T12:05:24.705+0000] {dagbag.py:538} INFO - Filling up the DagBag from /opt/airflow/dags/pip_example.py
[2023-01-23T12:05:25.238+0000] {processor.py:753} INFO - DAG(s) dict_keys(['pip_example']) retrieved from /opt/airflow/dags/pip_example.py
[2023-01-23T12:05:25.256+0000] {logging_mixin.py:137} INFO - [2023-01-23T12:05:25.256+0000] {dag.py:2676} INFO - Sync 1 DAGs
[2023-01-23T12:05:25.279+0000] {logging_mixin.py:137} INFO - [2023-01-23T12:05:25.279+0000] {dag.py:3427} INFO - Setting next_dagrun for pip_example to 2023-01-21T12:30:00+00:00, run_after=2023-01-22T12:30:00+00:00
[2023-01-23T12:05:25.298+0000] {processor.py:175} INFO - Processing /opt/airflow/dags/pip_example.py took 0.599 seconds
[2023-01-23T12:05:55.481+0000] {processor.py:153} INFO - Started process (PID=2212) to work on /opt/airflow/dags/pip_example.py
[2023-01-23T12:05:55.482+0000] {processor.py:743} INFO - Processing file /opt/airflow/dags/pip_example.py for tasks to queue
[2023-01-23T12:05:55.483+0000] {logging_mixin.py:137} INFO - [2023-01-23T12:05:55.483+0000] {dagbag.py:538} INFO - Filling up the DagBag from /opt/airflow/dags/pip_example.py
[2023-01-23T12:05:56.047+0000] {processor.py:753} INFO - DAG(s) dict_keys(['pip_example']) retrieved from /opt/airflow/dags/pip_example.py
[2023-01-23T12:05:56.067+0000] {logging_mixin.py:137} INFO - [2023-01-23T12:05:56.067+0000] {dag.py:2676} INFO - Sync 1 DAGs
[2023-01-23T12:05:56.098+0000] {logging_mixin.py:137} INFO - [2023-01-23T12:05:56.098+0000] {dag.py:3427} INFO - Setting next_dagrun for pip_example to 2023-01-21T12:30:00+00:00, run_after=2023-01-22T12:30:00+00:00
[2023-01-23T12:05:56.122+0000] {processor.py:175} INFO - Processing /opt/airflow/dags/pip_example.py took 0.643 seconds
[2023-01-23T12:06:26.314+0000] {processor.py:153} INFO - Started process (PID=2262) to work on /opt/airflow/dags/pip_example.py
[2023-01-23T12:06:26.315+0000] {processor.py:743} INFO - Processing file /opt/airflow/dags/pip_example.py for tasks to queue
[2023-01-23T12:06:26.316+0000] {logging_mixin.py:137} INFO - [2023-01-23T12:06:26.315+0000] {dagbag.py:538} INFO - Filling up the DagBag from /opt/airflow/dags/pip_example.py
[2023-01-23T12:06:26.853+0000] {processor.py:753} INFO - DAG(s) dict_keys(['pip_example']) retrieved from /opt/airflow/dags/pip_example.py
[2023-01-23T12:06:26.870+0000] {logging_mixin.py:137} INFO - [2023-01-23T12:06:26.869+0000] {dag.py:2676} INFO - Sync 1 DAGs
[2023-01-23T12:06:26.892+0000] {logging_mixin.py:137} INFO - [2023-01-23T12:06:26.892+0000] {dag.py:3427} INFO - Setting next_dagrun for pip_example to 2023-01-21T12:30:00+00:00, run_after=2023-01-22T12:30:00+00:00
[2023-01-23T12:06:26.910+0000] {processor.py:175} INFO - Processing /opt/airflow/dags/pip_example.py took 0.600 seconds
[2023-01-23T12:06:57.083+0000] {processor.py:153} INFO - Started process (PID=2296) to work on /opt/airflow/dags/pip_example.py
[2023-01-23T12:06:57.086+0000] {processor.py:743} INFO - Processing file /opt/airflow/dags/pip_example.py for tasks to queue
[2023-01-23T12:06:57.087+0000] {logging_mixin.py:137} INFO - [2023-01-23T12:06:57.087+0000] {dagbag.py:538} INFO - Filling up the DagBag from /opt/airflow/dags/pip_example.py
[2023-01-23T12:06:57.672+0000] {processor.py:753} INFO - DAG(s) dict_keys(['pip_example']) retrieved from /opt/airflow/dags/pip_example.py
[2023-01-23T12:06:57.690+0000] {logging_mixin.py:137} INFO - [2023-01-23T12:06:57.690+0000] {dag.py:2676} INFO - Sync 1 DAGs
[2023-01-23T12:06:57.714+0000] {logging_mixin.py:137} INFO - [2023-01-23T12:06:57.714+0000] {dag.py:3427} INFO - Setting next_dagrun for pip_example to 2023-01-21T12:30:00+00:00, run_after=2023-01-22T12:30:00+00:00
[2023-01-23T12:06:57.732+0000] {processor.py:175} INFO - Processing /opt/airflow/dags/pip_example.py took 0.652 seconds
[2023-01-23T12:07:27.908+0000] {processor.py:153} INFO - Started process (PID=2346) to work on /opt/airflow/dags/pip_example.py
[2023-01-23T12:07:27.911+0000] {processor.py:743} INFO - Processing file /opt/airflow/dags/pip_example.py for tasks to queue
[2023-01-23T12:07:27.912+0000] {logging_mixin.py:137} INFO - [2023-01-23T12:07:27.912+0000] {dagbag.py:538} INFO - Filling up the DagBag from /opt/airflow/dags/pip_example.py
[2023-01-23T12:07:28.442+0000] {processor.py:753} INFO - DAG(s) dict_keys(['pip_example']) retrieved from /opt/airflow/dags/pip_example.py
[2023-01-23T12:07:28.459+0000] {logging_mixin.py:137} INFO - [2023-01-23T12:07:28.458+0000] {dag.py:2676} INFO - Sync 1 DAGs
[2023-01-23T12:07:28.481+0000] {logging_mixin.py:137} INFO - [2023-01-23T12:07:28.481+0000] {dag.py:3427} INFO - Setting next_dagrun for pip_example to 2023-01-21T12:30:00+00:00, run_after=2023-01-22T12:30:00+00:00
[2023-01-23T12:07:28.500+0000] {processor.py:175} INFO - Processing /opt/airflow/dags/pip_example.py took 0.595 seconds
[2023-01-23T12:07:58.665+0000] {processor.py:153} INFO - Started process (PID=2380) to work on /opt/airflow/dags/pip_example.py
[2023-01-23T12:07:58.668+0000] {processor.py:743} INFO - Processing file /opt/airflow/dags/pip_example.py for tasks to queue
[2023-01-23T12:07:58.668+0000] {logging_mixin.py:137} INFO - [2023-01-23T12:07:58.668+0000] {dagbag.py:538} INFO - Filling up the DagBag from /opt/airflow/dags/pip_example.py
[2023-01-23T12:07:59.258+0000] {processor.py:753} INFO - DAG(s) dict_keys(['pip_example']) retrieved from /opt/airflow/dags/pip_example.py
[2023-01-23T12:07:59.276+0000] {logging_mixin.py:137} INFO - [2023-01-23T12:07:59.276+0000] {dag.py:2676} INFO - Sync 1 DAGs
[2023-01-23T12:07:59.300+0000] {logging_mixin.py:137} INFO - [2023-01-23T12:07:59.299+0000] {dag.py:3427} INFO - Setting next_dagrun for pip_example to 2023-01-21T12:30:00+00:00, run_after=2023-01-22T12:30:00+00:00
[2023-01-23T12:07:59.316+0000] {processor.py:175} INFO - Processing /opt/airflow/dags/pip_example.py took 0.653 seconds
[2023-01-23T12:08:29.499+0000] {processor.py:153} INFO - Started process (PID=2430) to work on /opt/airflow/dags/pip_example.py
[2023-01-23T12:08:29.502+0000] {processor.py:743} INFO - Processing file /opt/airflow/dags/pip_example.py for tasks to queue
[2023-01-23T12:08:29.504+0000] {logging_mixin.py:137} INFO - [2023-01-23T12:08:29.504+0000] {dagbag.py:538} INFO - Filling up the DagBag from /opt/airflow/dags/pip_example.py
[2023-01-23T12:08:30.061+0000] {processor.py:753} INFO - DAG(s) dict_keys(['pip_example']) retrieved from /opt/airflow/dags/pip_example.py
[2023-01-23T12:08:30.079+0000] {logging_mixin.py:137} INFO - [2023-01-23T12:08:30.078+0000] {dag.py:2676} INFO - Sync 1 DAGs
[2023-01-23T12:08:30.104+0000] {logging_mixin.py:137} INFO - [2023-01-23T12:08:30.104+0000] {dag.py:3427} INFO - Setting next_dagrun for pip_example to 2023-01-21T12:30:00+00:00, run_after=2023-01-22T12:30:00+00:00
[2023-01-23T12:08:30.124+0000] {processor.py:175} INFO - Processing /opt/airflow/dags/pip_example.py took 0.629 seconds
[2023-01-23T12:09:00.291+0000] {processor.py:153} INFO - Started process (PID=2473) to work on /opt/airflow/dags/pip_example.py
[2023-01-23T12:09:00.294+0000] {processor.py:743} INFO - Processing file /opt/airflow/dags/pip_example.py for tasks to queue
[2023-01-23T12:09:00.294+0000] {logging_mixin.py:137} INFO - [2023-01-23T12:09:00.294+0000] {dagbag.py:538} INFO - Filling up the DagBag from /opt/airflow/dags/pip_example.py
[2023-01-23T12:09:00.825+0000] {processor.py:753} INFO - DAG(s) dict_keys(['pip_example']) retrieved from /opt/airflow/dags/pip_example.py
[2023-01-23T12:09:00.849+0000] {logging_mixin.py:137} INFO - [2023-01-23T12:09:00.848+0000] {dag.py:2676} INFO - Sync 1 DAGs
[2023-01-23T12:09:00.875+0000] {logging_mixin.py:137} INFO - [2023-01-23T12:09:00.875+0000] {dag.py:3427} INFO - Setting next_dagrun for pip_example to 2023-01-21T12:30:00+00:00, run_after=2023-01-22T12:30:00+00:00
[2023-01-23T12:09:00.897+0000] {processor.py:175} INFO - Processing /opt/airflow/dags/pip_example.py took 0.608 seconds
[2023-01-23T12:09:31.094+0000] {processor.py:153} INFO - Started process (PID=2514) to work on /opt/airflow/dags/pip_example.py
[2023-01-23T12:09:31.095+0000] {processor.py:743} INFO - Processing file /opt/airflow/dags/pip_example.py for tasks to queue
[2023-01-23T12:09:31.095+0000] {logging_mixin.py:137} INFO - [2023-01-23T12:09:31.095+0000] {dagbag.py:538} INFO - Filling up the DagBag from /opt/airflow/dags/pip_example.py
[2023-01-23T12:09:31.636+0000] {processor.py:753} INFO - DAG(s) dict_keys(['pip_example']) retrieved from /opt/airflow/dags/pip_example.py
[2023-01-23T12:09:31.654+0000] {logging_mixin.py:137} INFO - [2023-01-23T12:09:31.653+0000] {dag.py:2676} INFO - Sync 1 DAGs
[2023-01-23T12:09:31.676+0000] {logging_mixin.py:137} INFO - [2023-01-23T12:09:31.675+0000] {dag.py:3427} INFO - Setting next_dagrun for pip_example to 2023-01-21T12:30:00+00:00, run_after=2023-01-22T12:30:00+00:00
[2023-01-23T12:09:31.692+0000] {processor.py:175} INFO - Processing /opt/airflow/dags/pip_example.py took 0.601 seconds
[2023-01-23T12:10:01.854+0000] {processor.py:153} INFO - Started process (PID=2564) to work on /opt/airflow/dags/pip_example.py
[2023-01-23T12:10:01.854+0000] {processor.py:743} INFO - Processing file /opt/airflow/dags/pip_example.py for tasks to queue
[2023-01-23T12:10:01.855+0000] {logging_mixin.py:137} INFO - [2023-01-23T12:10:01.855+0000] {dagbag.py:538} INFO - Filling up the DagBag from /opt/airflow/dags/pip_example.py
[2023-01-23T12:10:02.384+0000] {processor.py:753} INFO - DAG(s) dict_keys(['pip_example']) retrieved from /opt/airflow/dags/pip_example.py
[2023-01-23T12:10:02.402+0000] {logging_mixin.py:137} INFO - [2023-01-23T12:10:02.401+0000] {dag.py:2676} INFO - Sync 1 DAGs
[2023-01-23T12:10:02.428+0000] {logging_mixin.py:137} INFO - [2023-01-23T12:10:02.427+0000] {dag.py:3427} INFO - Setting next_dagrun for pip_example to 2023-01-21T12:30:00+00:00, run_after=2023-01-22T12:30:00+00:00
[2023-01-23T12:10:02.448+0000] {processor.py:175} INFO - Processing /opt/airflow/dags/pip_example.py took 0.596 seconds
[2023-01-23T12:10:32.642+0000] {processor.py:153} INFO - Started process (PID=2598) to work on /opt/airflow/dags/pip_example.py
[2023-01-23T12:10:32.645+0000] {processor.py:743} INFO - Processing file /opt/airflow/dags/pip_example.py for tasks to queue
[2023-01-23T12:10:32.647+0000] {logging_mixin.py:137} INFO - [2023-01-23T12:10:32.647+0000] {dagbag.py:538} INFO - Filling up the DagBag from /opt/airflow/dags/pip_example.py
[2023-01-23T12:10:33.192+0000] {processor.py:753} INFO - DAG(s) dict_keys(['pip_example']) retrieved from /opt/airflow/dags/pip_example.py
[2023-01-23T12:10:33.210+0000] {logging_mixin.py:137} INFO - [2023-01-23T12:10:33.209+0000] {dag.py:2676} INFO - Sync 1 DAGs
[2023-01-23T12:10:33.232+0000] {logging_mixin.py:137} INFO - [2023-01-23T12:10:33.232+0000] {dag.py:3427} INFO - Setting next_dagrun for pip_example to 2023-01-21T12:30:00+00:00, run_after=2023-01-22T12:30:00+00:00
[2023-01-23T12:10:33.249+0000] {processor.py:175} INFO - Processing /opt/airflow/dags/pip_example.py took 0.611 seconds
[2023-01-23T12:11:03.410+0000] {processor.py:153} INFO - Started process (PID=2649) to work on /opt/airflow/dags/pip_example.py
[2023-01-23T12:11:03.414+0000] {processor.py:743} INFO - Processing file /opt/airflow/dags/pip_example.py for tasks to queue
[2023-01-23T12:11:03.415+0000] {logging_mixin.py:137} INFO - [2023-01-23T12:11:03.415+0000] {dagbag.py:538} INFO - Filling up the DagBag from /opt/airflow/dags/pip_example.py
[2023-01-23T12:11:03.987+0000] {processor.py:753} INFO - DAG(s) dict_keys(['pip_example']) retrieved from /opt/airflow/dags/pip_example.py
[2023-01-23T12:11:04.029+0000] {logging_mixin.py:137} INFO - [2023-01-23T12:11:04.028+0000] {dag.py:2676} INFO - Sync 1 DAGs
[2023-01-23T12:11:04.064+0000] {logging_mixin.py:137} INFO - [2023-01-23T12:11:04.064+0000] {dag.py:3427} INFO - Setting next_dagrun for pip_example to 2023-01-21T12:30:00+00:00, run_after=2023-01-22T12:30:00+00:00
[2023-01-23T12:11:04.082+0000] {processor.py:175} INFO - Processing /opt/airflow/dags/pip_example.py took 0.675 seconds
[2023-01-23T12:11:34.297+0000] {processor.py:153} INFO - Started process (PID=2683) to work on /opt/airflow/dags/pip_example.py
[2023-01-23T12:11:34.300+0000] {processor.py:743} INFO - Processing file /opt/airflow/dags/pip_example.py for tasks to queue
[2023-01-23T12:11:34.301+0000] {logging_mixin.py:137} INFO - [2023-01-23T12:11:34.301+0000] {dagbag.py:538} INFO - Filling up the DagBag from /opt/airflow/dags/pip_example.py
[2023-01-23T12:11:34.814+0000] {processor.py:753} INFO - DAG(s) dict_keys(['pip_example']) retrieved from /opt/airflow/dags/pip_example.py
[2023-01-23T12:11:34.831+0000] {logging_mixin.py:137} INFO - [2023-01-23T12:11:34.831+0000] {dag.py:2676} INFO - Sync 1 DAGs
[2023-01-23T12:11:34.857+0000] {logging_mixin.py:137} INFO - [2023-01-23T12:11:34.857+0000] {dag.py:3427} INFO - Setting next_dagrun for pip_example to 2023-01-21T12:30:00+00:00, run_after=2023-01-22T12:30:00+00:00
[2023-01-23T12:11:34.872+0000] {processor.py:175} INFO - Processing /opt/airflow/dags/pip_example.py took 0.577 seconds
[2023-01-23T12:12:05.032+0000] {processor.py:153} INFO - Started process (PID=2733) to work on /opt/airflow/dags/pip_example.py
[2023-01-23T12:12:05.035+0000] {processor.py:743} INFO - Processing file /opt/airflow/dags/pip_example.py for tasks to queue
[2023-01-23T12:12:05.035+0000] {logging_mixin.py:137} INFO - [2023-01-23T12:12:05.035+0000] {dagbag.py:538} INFO - Filling up the DagBag from /opt/airflow/dags/pip_example.py
[2023-01-23T12:12:05.685+0000] {processor.py:753} INFO - DAG(s) dict_keys(['pip_example']) retrieved from /opt/airflow/dags/pip_example.py
[2023-01-23T12:12:05.705+0000] {logging_mixin.py:137} INFO - [2023-01-23T12:12:05.705+0000] {dag.py:2676} INFO - Sync 1 DAGs
[2023-01-23T12:12:05.732+0000] {logging_mixin.py:137} INFO - [2023-01-23T12:12:05.732+0000] {dag.py:3427} INFO - Setting next_dagrun for pip_example to 2023-01-21T12:30:00+00:00, run_after=2023-01-22T12:30:00+00:00
[2023-01-23T12:12:05.758+0000] {processor.py:175} INFO - Processing /opt/airflow/dags/pip_example.py took 0.729 seconds
[2023-01-23T12:12:35.907+0000] {processor.py:153} INFO - Started process (PID=2768) to work on /opt/airflow/dags/pip_example.py
[2023-01-23T12:12:35.912+0000] {processor.py:743} INFO - Processing file /opt/airflow/dags/pip_example.py for tasks to queue
[2023-01-23T12:12:35.913+0000] {logging_mixin.py:137} INFO - [2023-01-23T12:12:35.913+0000] {dagbag.py:538} INFO - Filling up the DagBag from /opt/airflow/dags/pip_example.py
[2023-01-23T12:12:36.433+0000] {processor.py:753} INFO - DAG(s) dict_keys(['pip_example']) retrieved from /opt/airflow/dags/pip_example.py
[2023-01-23T12:12:36.449+0000] {logging_mixin.py:137} INFO - [2023-01-23T12:12:36.449+0000] {dag.py:2676} INFO - Sync 1 DAGs
[2023-01-23T12:12:36.471+0000] {logging_mixin.py:137} INFO - [2023-01-23T12:12:36.471+0000] {dag.py:3427} INFO - Setting next_dagrun for pip_example to 2023-01-21T12:30:00+00:00, run_after=2023-01-22T12:30:00+00:00
[2023-01-23T12:12:36.485+0000] {processor.py:175} INFO - Processing /opt/airflow/dags/pip_example.py took 0.586 seconds
[2023-01-23T12:13:06.686+0000] {processor.py:153} INFO - Started process (PID=2817) to work on /opt/airflow/dags/pip_example.py
[2023-01-23T12:13:06.690+0000] {processor.py:743} INFO - Processing file /opt/airflow/dags/pip_example.py for tasks to queue
[2023-01-23T12:13:06.691+0000] {logging_mixin.py:137} INFO - [2023-01-23T12:13:06.691+0000] {dagbag.py:538} INFO - Filling up the DagBag from /opt/airflow/dags/pip_example.py
[2023-01-23T12:13:07.235+0000] {processor.py:753} INFO - DAG(s) dict_keys(['pip_example']) retrieved from /opt/airflow/dags/pip_example.py
[2023-01-23T12:13:07.251+0000] {logging_mixin.py:137} INFO - [2023-01-23T12:13:07.251+0000] {dag.py:2676} INFO - Sync 1 DAGs
[2023-01-23T12:13:07.273+0000] {logging_mixin.py:137} INFO - [2023-01-23T12:13:07.273+0000] {dag.py:3427} INFO - Setting next_dagrun for pip_example to 2023-01-21T12:30:00+00:00, run_after=2023-01-22T12:30:00+00:00
[2023-01-23T12:13:07.296+0000] {processor.py:175} INFO - Processing /opt/airflow/dags/pip_example.py took 0.614 seconds
[2023-01-23T12:13:37.495+0000] {processor.py:153} INFO - Started process (PID=2852) to work on /opt/airflow/dags/pip_example.py
[2023-01-23T12:13:37.496+0000] {processor.py:743} INFO - Processing file /opt/airflow/dags/pip_example.py for tasks to queue
[2023-01-23T12:13:37.497+0000] {logging_mixin.py:137} INFO - [2023-01-23T12:13:37.497+0000] {dagbag.py:538} INFO - Filling up the DagBag from /opt/airflow/dags/pip_example.py
[2023-01-23T12:13:38.038+0000] {processor.py:753} INFO - DAG(s) dict_keys(['pip_example']) retrieved from /opt/airflow/dags/pip_example.py
[2023-01-23T12:13:38.057+0000] {logging_mixin.py:137} INFO - [2023-01-23T12:13:38.056+0000] {dag.py:2676} INFO - Sync 1 DAGs
[2023-01-23T12:13:38.081+0000] {logging_mixin.py:137} INFO - [2023-01-23T12:13:38.080+0000] {dag.py:3427} INFO - Setting next_dagrun for pip_example to 2023-01-21T12:30:00+00:00, run_after=2023-01-22T12:30:00+00:00
[2023-01-23T12:13:38.101+0000] {processor.py:175} INFO - Processing /opt/airflow/dags/pip_example.py took 0.611 seconds
[2023-01-23T12:14:08.269+0000] {processor.py:153} INFO - Started process (PID=2895) to work on /opt/airflow/dags/pip_example.py
[2023-01-23T12:14:08.272+0000] {processor.py:743} INFO - Processing file /opt/airflow/dags/pip_example.py for tasks to queue
[2023-01-23T12:14:08.273+0000] {logging_mixin.py:137} INFO - [2023-01-23T12:14:08.273+0000] {dagbag.py:538} INFO - Filling up the DagBag from /opt/airflow/dags/pip_example.py
[2023-01-23T12:14:08.971+0000] {processor.py:753} INFO - DAG(s) dict_keys(['pip_example']) retrieved from /opt/airflow/dags/pip_example.py
[2023-01-23T12:14:08.992+0000] {logging_mixin.py:137} INFO - [2023-01-23T12:14:08.991+0000] {dag.py:2676} INFO - Sync 1 DAGs
[2023-01-23T12:14:09.025+0000] {logging_mixin.py:137} INFO - [2023-01-23T12:14:09.025+0000] {dag.py:3427} INFO - Setting next_dagrun for pip_example to 2023-01-21T12:30:00+00:00, run_after=2023-01-22T12:30:00+00:00
[2023-01-23T12:14:09.052+0000] {processor.py:175} INFO - Processing /opt/airflow/dags/pip_example.py took 0.785 seconds
[2023-01-23T12:14:39.292+0000] {processor.py:153} INFO - Started process (PID=2936) to work on /opt/airflow/dags/pip_example.py
[2023-01-23T12:14:39.297+0000] {processor.py:743} INFO - Processing file /opt/airflow/dags/pip_example.py for tasks to queue
[2023-01-23T12:14:39.299+0000] {logging_mixin.py:137} INFO - [2023-01-23T12:14:39.299+0000] {dagbag.py:538} INFO - Filling up the DagBag from /opt/airflow/dags/pip_example.py
[2023-01-23T12:14:39.855+0000] {processor.py:753} INFO - DAG(s) dict_keys(['pip_example']) retrieved from /opt/airflow/dags/pip_example.py
[2023-01-23T12:14:39.873+0000] {logging_mixin.py:137} INFO - [2023-01-23T12:14:39.872+0000] {dag.py:2676} INFO - Sync 1 DAGs
[2023-01-23T12:14:39.898+0000] {logging_mixin.py:137} INFO - [2023-01-23T12:14:39.898+0000] {dag.py:3427} INFO - Setting next_dagrun for pip_example to 2023-01-21T12:30:00+00:00, run_after=2023-01-22T12:30:00+00:00
[2023-01-23T12:14:39.917+0000] {processor.py:175} INFO - Processing /opt/airflow/dags/pip_example.py took 0.636 seconds
[2023-01-23T12:15:09.939+0000] {processor.py:153} INFO - Started process (PID=2979) to work on /opt/airflow/dags/pip_example.py
[2023-01-23T12:15:09.942+0000] {processor.py:743} INFO - Processing file /opt/airflow/dags/pip_example.py for tasks to queue
[2023-01-23T12:15:09.943+0000] {logging_mixin.py:137} INFO - [2023-01-23T12:15:09.943+0000] {dagbag.py:538} INFO - Filling up the DagBag from /opt/airflow/dags/pip_example.py
[2023-01-23T12:15:10.504+0000] {processor.py:753} INFO - DAG(s) dict_keys(['pip_example']) retrieved from /opt/airflow/dags/pip_example.py
[2023-01-23T12:15:10.522+0000] {logging_mixin.py:137} INFO - [2023-01-23T12:15:10.522+0000] {dag.py:2676} INFO - Sync 1 DAGs
[2023-01-23T12:15:10.548+0000] {logging_mixin.py:137} INFO - [2023-01-23T12:15:10.548+0000] {dag.py:3427} INFO - Setting next_dagrun for pip_example to 2023-01-21T12:30:00+00:00, run_after=2023-01-22T12:30:00+00:00
[2023-01-23T12:15:10.564+0000] {processor.py:175} INFO - Processing /opt/airflow/dags/pip_example.py took 0.627 seconds
[2023-01-23T12:15:40.755+0000] {processor.py:153} INFO - Started process (PID=3020) to work on /opt/airflow/dags/pip_example.py
[2023-01-23T12:15:40.759+0000] {processor.py:743} INFO - Processing file /opt/airflow/dags/pip_example.py for tasks to queue
[2023-01-23T12:15:40.760+0000] {logging_mixin.py:137} INFO - [2023-01-23T12:15:40.760+0000] {dagbag.py:538} INFO - Filling up the DagBag from /opt/airflow/dags/pip_example.py
[2023-01-23T12:15:41.327+0000] {processor.py:753} INFO - DAG(s) dict_keys(['pip_example']) retrieved from /opt/airflow/dags/pip_example.py
[2023-01-23T12:15:41.344+0000] {logging_mixin.py:137} INFO - [2023-01-23T12:15:41.343+0000] {dag.py:2676} INFO - Sync 1 DAGs
[2023-01-23T12:15:41.365+0000] {logging_mixin.py:137} INFO - [2023-01-23T12:15:41.364+0000] {dag.py:3427} INFO - Setting next_dagrun for pip_example to 2023-01-21T12:30:00+00:00, run_after=2023-01-22T12:30:00+00:00
[2023-01-23T12:15:41.390+0000] {processor.py:175} INFO - Processing /opt/airflow/dags/pip_example.py took 0.638 seconds
[2023-01-23T12:16:11.565+0000] {processor.py:153} INFO - Started process (PID=3063) to work on /opt/airflow/dags/pip_example.py
[2023-01-23T12:16:11.566+0000] {processor.py:743} INFO - Processing file /opt/airflow/dags/pip_example.py for tasks to queue
[2023-01-23T12:16:11.567+0000] {logging_mixin.py:137} INFO - [2023-01-23T12:16:11.567+0000] {dagbag.py:538} INFO - Filling up the DagBag from /opt/airflow/dags/pip_example.py
[2023-01-23T12:16:12.233+0000] {processor.py:753} INFO - DAG(s) dict_keys(['pip_example']) retrieved from /opt/airflow/dags/pip_example.py
[2023-01-23T12:16:12.252+0000] {logging_mixin.py:137} INFO - [2023-01-23T12:16:12.252+0000] {dag.py:2676} INFO - Sync 1 DAGs
[2023-01-23T12:16:12.276+0000] {logging_mixin.py:137} INFO - [2023-01-23T12:16:12.276+0000] {dag.py:3427} INFO - Setting next_dagrun for pip_example to 2023-01-21T12:30:00+00:00, run_after=2023-01-22T12:30:00+00:00
[2023-01-23T12:16:12.294+0000] {processor.py:175} INFO - Processing /opt/airflow/dags/pip_example.py took 0.731 seconds
[2023-01-23T12:16:46.102+0000] {processor.py:153} INFO - Started process (PID=37) to work on /opt/airflow/dags/pip_example.py
[2023-01-23T12:16:46.103+0000] {processor.py:743} INFO - Processing file /opt/airflow/dags/pip_example.py for tasks to queue
[2023-01-23T12:16:46.104+0000] {logging_mixin.py:137} INFO - [2023-01-23T12:16:46.104+0000] {dagbag.py:538} INFO - Filling up the DagBag from /opt/airflow/dags/pip_example.py
[2023-01-23T12:16:46.929+0000] {processor.py:753} INFO - DAG(s) dict_keys(['pip_example']) retrieved from /opt/airflow/dags/pip_example.py
[2023-01-23T12:16:47.006+0000] {logging_mixin.py:137} INFO - [2023-01-23T12:16:47.006+0000] {dag.py:2676} INFO - Sync 1 DAGs
[2023-01-23T12:16:47.045+0000] {logging_mixin.py:137} INFO - [2023-01-23T12:16:47.045+0000] {dag.py:3427} INFO - Setting next_dagrun for pip_example to 2023-01-21T12:30:00+00:00, run_after=2023-01-22T12:30:00+00:00
[2023-01-23T12:16:47.074+0000] {processor.py:175} INFO - Processing /opt/airflow/dags/pip_example.py took 0.976 seconds
[2023-01-23T12:17:17.299+0000] {processor.py:153} INFO - Started process (PID=86) to work on /opt/airflow/dags/pip_example.py
[2023-01-23T12:17:17.302+0000] {processor.py:743} INFO - Processing file /opt/airflow/dags/pip_example.py for tasks to queue
[2023-01-23T12:17:17.303+0000] {logging_mixin.py:137} INFO - [2023-01-23T12:17:17.303+0000] {dagbag.py:538} INFO - Filling up the DagBag from /opt/airflow/dags/pip_example.py
[2023-01-23T12:17:17.853+0000] {processor.py:753} INFO - DAG(s) dict_keys(['pip_example']) retrieved from /opt/airflow/dags/pip_example.py
[2023-01-23T12:17:17.870+0000] {logging_mixin.py:137} INFO - [2023-01-23T12:17:17.869+0000] {dag.py:2676} INFO - Sync 1 DAGs
[2023-01-23T12:17:17.891+0000] {logging_mixin.py:137} INFO - [2023-01-23T12:17:17.891+0000] {dag.py:3427} INFO - Setting next_dagrun for pip_example to 2023-01-21T12:30:00+00:00, run_after=2023-01-22T12:30:00+00:00
[2023-01-23T12:17:17.909+0000] {processor.py:175} INFO - Processing /opt/airflow/dags/pip_example.py took 0.613 seconds
