[2022-12-15T19:23:37.086+0000] {processor.py:153} INFO - Started process (PID=63) to work on /home/airflow/.local/lib/python3.7/site-packages/airflow/example_dags/example_short_circuit_decorator.py
[2022-12-15T19:23:37.086+0000] {processor.py:743} INFO - Processing file /home/airflow/.local/lib/python3.7/site-packages/airflow/example_dags/example_short_circuit_decorator.py for tasks to queue
[2022-12-15T19:23:37.087+0000] {logging_mixin.py:137} INFO - [2022-12-15T19:23:37.087+0000] {dagbag.py:538} INFO - Filling up the DagBag from /home/airflow/.local/lib/python3.7/site-packages/airflow/example_dags/example_short_circuit_decorator.py
[2022-12-15T19:23:37.124+0000] {processor.py:753} INFO - DAG(s) dict_keys(['example_short_circuit_decorator']) retrieved from /home/airflow/.local/lib/python3.7/site-packages/airflow/example_dags/example_short_circuit_decorator.py
[2022-12-15T19:23:37.157+0000] {logging_mixin.py:137} INFO - [2022-12-15T19:23:37.157+0000] {dag.py:2676} INFO - Sync 1 DAGs
[2022-12-15T19:23:37.202+0000] {logging_mixin.py:137} INFO - [2022-12-15T19:23:37.202+0000] {dag.py:3427} INFO - Setting next_dagrun for example_short_circuit_decorator to 2022-12-14T19:23:37.202366+00:00, run_after=2022-12-15T19:23:37.202366+00:00
[2022-12-15T19:23:37.234+0000] {processor.py:175} INFO - Processing /home/airflow/.local/lib/python3.7/site-packages/airflow/example_dags/example_short_circuit_decorator.py took 0.152 seconds
[2022-12-15T19:24:07.442+0000] {processor.py:153} INFO - Started process (PID=133) to work on /home/airflow/.local/lib/python3.7/site-packages/airflow/example_dags/example_short_circuit_decorator.py
[2022-12-15T19:24:07.443+0000] {processor.py:743} INFO - Processing file /home/airflow/.local/lib/python3.7/site-packages/airflow/example_dags/example_short_circuit_decorator.py for tasks to queue
[2022-12-15T19:24:07.444+0000] {logging_mixin.py:137} INFO - [2022-12-15T19:24:07.444+0000] {dagbag.py:538} INFO - Filling up the DagBag from /home/airflow/.local/lib/python3.7/site-packages/airflow/example_dags/example_short_circuit_decorator.py
[2022-12-15T19:24:07.473+0000] {processor.py:753} INFO - DAG(s) dict_keys(['example_short_circuit_decorator']) retrieved from /home/airflow/.local/lib/python3.7/site-packages/airflow/example_dags/example_short_circuit_decorator.py
[2022-12-15T19:24:07.519+0000] {logging_mixin.py:137} INFO - [2022-12-15T19:24:07.519+0000] {dag.py:2676} INFO - Sync 1 DAGs
[2022-12-15T19:24:07.546+0000] {logging_mixin.py:137} INFO - [2022-12-15T19:24:07.546+0000] {dag.py:3427} INFO - Setting next_dagrun for example_short_circuit_decorator to 2022-12-14T19:24:07.546065+00:00, run_after=2022-12-15T19:24:07.546065+00:00
[2022-12-15T19:24:07.566+0000] {processor.py:175} INFO - Processing /home/airflow/.local/lib/python3.7/site-packages/airflow/example_dags/example_short_circuit_decorator.py took 0.127 seconds
[2022-12-15T19:24:37.941+0000] {processor.py:153} INFO - Started process (PID=203) to work on /home/airflow/.local/lib/python3.7/site-packages/airflow/example_dags/example_short_circuit_decorator.py
[2022-12-15T19:24:37.942+0000] {processor.py:743} INFO - Processing file /home/airflow/.local/lib/python3.7/site-packages/airflow/example_dags/example_short_circuit_decorator.py for tasks to queue
[2022-12-15T19:24:37.943+0000] {logging_mixin.py:137} INFO - [2022-12-15T19:24:37.943+0000] {dagbag.py:538} INFO - Filling up the DagBag from /home/airflow/.local/lib/python3.7/site-packages/airflow/example_dags/example_short_circuit_decorator.py
[2022-12-15T19:24:37.970+0000] {processor.py:753} INFO - DAG(s) dict_keys(['example_short_circuit_decorator']) retrieved from /home/airflow/.local/lib/python3.7/site-packages/airflow/example_dags/example_short_circuit_decorator.py
[2022-12-15T19:24:38.008+0000] {logging_mixin.py:137} INFO - [2022-12-15T19:24:38.007+0000] {dag.py:2676} INFO - Sync 1 DAGs
[2022-12-15T19:24:38.033+0000] {logging_mixin.py:137} INFO - [2022-12-15T19:24:38.033+0000] {dag.py:3427} INFO - Setting next_dagrun for example_short_circuit_decorator to 2022-12-14T19:24:38.033212+00:00, run_after=2022-12-15T19:24:38.033212+00:00
[2022-12-15T19:24:38.054+0000] {processor.py:175} INFO - Processing /home/airflow/.local/lib/python3.7/site-packages/airflow/example_dags/example_short_circuit_decorator.py took 0.115 seconds
[2022-12-15T19:25:08.903+0000] {processor.py:153} INFO - Started process (PID=289) to work on /home/airflow/.local/lib/python3.7/site-packages/airflow/example_dags/example_short_circuit_decorator.py
[2022-12-15T19:25:08.904+0000] {processor.py:743} INFO - Processing file /home/airflow/.local/lib/python3.7/site-packages/airflow/example_dags/example_short_circuit_decorator.py for tasks to queue
[2022-12-15T19:25:08.905+0000] {logging_mixin.py:137} INFO - [2022-12-15T19:25:08.905+0000] {dagbag.py:538} INFO - Filling up the DagBag from /home/airflow/.local/lib/python3.7/site-packages/airflow/example_dags/example_short_circuit_decorator.py
[2022-12-15T19:25:08.951+0000] {processor.py:753} INFO - DAG(s) dict_keys(['example_short_circuit_decorator']) retrieved from /home/airflow/.local/lib/python3.7/site-packages/airflow/example_dags/example_short_circuit_decorator.py
[2022-12-15T19:25:08.995+0000] {logging_mixin.py:137} INFO - [2022-12-15T19:25:08.995+0000] {dag.py:2676} INFO - Sync 1 DAGs
[2022-12-15T19:25:09.047+0000] {logging_mixin.py:137} INFO - [2022-12-15T19:25:09.046+0000] {dag.py:3427} INFO - Setting next_dagrun for example_short_circuit_decorator to 2022-12-14T19:25:09.046501+00:00, run_after=2022-12-15T19:25:09.046501+00:00
[2022-12-15T19:25:09.080+0000] {processor.py:175} INFO - Processing /home/airflow/.local/lib/python3.7/site-packages/airflow/example_dags/example_short_circuit_decorator.py took 0.182 seconds
[2022-12-15T19:25:57.425+0000] {processor.py:153} INFO - Started process (PID=63) to work on /home/airflow/.local/lib/python3.7/site-packages/airflow/example_dags/example_short_circuit_decorator.py
[2022-12-15T19:25:57.427+0000] {processor.py:743} INFO - Processing file /home/airflow/.local/lib/python3.7/site-packages/airflow/example_dags/example_short_circuit_decorator.py for tasks to queue
[2022-12-15T19:25:57.430+0000] {logging_mixin.py:137} INFO - [2022-12-15T19:25:57.428+0000] {dagbag.py:538} INFO - Filling up the DagBag from /home/airflow/.local/lib/python3.7/site-packages/airflow/example_dags/example_short_circuit_decorator.py
[2022-12-15T19:25:57.480+0000] {processor.py:753} INFO - DAG(s) dict_keys(['example_short_circuit_decorator']) retrieved from /home/airflow/.local/lib/python3.7/site-packages/airflow/example_dags/example_short_circuit_decorator.py
[2022-12-15T19:25:57.539+0000] {logging_mixin.py:137} INFO - [2022-12-15T19:25:57.538+0000] {dag.py:2676} INFO - Sync 1 DAGs
[2022-12-15T19:25:57.580+0000] {logging_mixin.py:137} INFO - [2022-12-15T19:25:57.580+0000] {dag.py:3427} INFO - Setting next_dagrun for example_short_circuit_decorator to 2022-12-14T19:25:57.580286+00:00, run_after=2022-12-15T19:25:57.580286+00:00
[2022-12-15T19:25:57.613+0000] {processor.py:175} INFO - Processing /home/airflow/.local/lib/python3.7/site-packages/airflow/example_dags/example_short_circuit_decorator.py took 0.195 seconds
[2022-12-15T19:26:28.397+0000] {processor.py:153} INFO - Started process (PID=132) to work on /home/airflow/.local/lib/python3.7/site-packages/airflow/example_dags/example_short_circuit_decorator.py
[2022-12-15T19:26:28.398+0000] {processor.py:743} INFO - Processing file /home/airflow/.local/lib/python3.7/site-packages/airflow/example_dags/example_short_circuit_decorator.py for tasks to queue
[2022-12-15T19:26:28.399+0000] {logging_mixin.py:137} INFO - [2022-12-15T19:26:28.399+0000] {dagbag.py:538} INFO - Filling up the DagBag from /home/airflow/.local/lib/python3.7/site-packages/airflow/example_dags/example_short_circuit_decorator.py
[2022-12-15T19:26:28.434+0000] {processor.py:753} INFO - DAG(s) dict_keys(['example_short_circuit_decorator']) retrieved from /home/airflow/.local/lib/python3.7/site-packages/airflow/example_dags/example_short_circuit_decorator.py
[2022-12-15T19:26:28.491+0000] {logging_mixin.py:137} INFO - [2022-12-15T19:26:28.490+0000] {dag.py:2676} INFO - Sync 1 DAGs
[2022-12-15T19:26:28.537+0000] {logging_mixin.py:137} INFO - [2022-12-15T19:26:28.537+0000] {dag.py:3427} INFO - Setting next_dagrun for example_short_circuit_decorator to 2022-12-14T19:26:28.536728+00:00, run_after=2022-12-15T19:26:28.536728+00:00
[2022-12-15T19:26:28.565+0000] {processor.py:175} INFO - Processing /home/airflow/.local/lib/python3.7/site-packages/airflow/example_dags/example_short_circuit_decorator.py took 0.171 seconds
[2022-12-15T19:26:58.839+0000] {processor.py:153} INFO - Started process (PID=210) to work on /home/airflow/.local/lib/python3.7/site-packages/airflow/example_dags/example_short_circuit_decorator.py
[2022-12-15T19:26:58.840+0000] {processor.py:743} INFO - Processing file /home/airflow/.local/lib/python3.7/site-packages/airflow/example_dags/example_short_circuit_decorator.py for tasks to queue
[2022-12-15T19:26:58.841+0000] {logging_mixin.py:137} INFO - [2022-12-15T19:26:58.841+0000] {dagbag.py:538} INFO - Filling up the DagBag from /home/airflow/.local/lib/python3.7/site-packages/airflow/example_dags/example_short_circuit_decorator.py
[2022-12-15T19:26:58.893+0000] {processor.py:753} INFO - DAG(s) dict_keys(['example_short_circuit_decorator']) retrieved from /home/airflow/.local/lib/python3.7/site-packages/airflow/example_dags/example_short_circuit_decorator.py
[2022-12-15T19:26:58.974+0000] {logging_mixin.py:137} INFO - [2022-12-15T19:26:58.973+0000] {dag.py:2676} INFO - Sync 1 DAGs
[2022-12-15T19:26:59.027+0000] {logging_mixin.py:137} INFO - [2022-12-15T19:26:59.027+0000] {dag.py:3427} INFO - Setting next_dagrun for example_short_circuit_decorator to 2022-12-14T19:26:59.026835+00:00, run_after=2022-12-15T19:26:59.026835+00:00
[2022-12-15T19:26:59.061+0000] {processor.py:175} INFO - Processing /home/airflow/.local/lib/python3.7/site-packages/airflow/example_dags/example_short_circuit_decorator.py took 0.229 seconds
