[2022-12-15T19:23:39.005+0000] {processor.py:153} INFO - Started process (PID=84) to work on /home/airflow/.local/lib/python3.7/site-packages/airflow/example_dags/example_external_task_marker_dag.py
[2022-12-15T19:23:39.005+0000] {processor.py:743} INFO - Processing file /home/airflow/.local/lib/python3.7/site-packages/airflow/example_dags/example_external_task_marker_dag.py for tasks to queue
[2022-12-15T19:23:39.006+0000] {logging_mixin.py:137} INFO - [2022-12-15T19:23:39.006+0000] {dagbag.py:538} INFO - Filling up the DagBag from /home/airflow/.local/lib/python3.7/site-packages/airflow/example_dags/example_external_task_marker_dag.py
[2022-12-15T19:23:39.024+0000] {processor.py:753} INFO - DAG(s) dict_keys(['example_external_task_marker_child', 'example_external_task_marker_parent']) retrieved from /home/airflow/.local/lib/python3.7/site-packages/airflow/example_dags/example_external_task_marker_dag.py
[2022-12-15T19:23:39.051+0000] {logging_mixin.py:137} INFO - [2022-12-15T19:23:39.051+0000] {dag.py:2676} INFO - Sync 2 DAGs
[2022-12-15T19:23:39.082+0000] {logging_mixin.py:137} INFO - [2022-12-15T19:23:39.082+0000] {dag.py:3427} INFO - Setting next_dagrun for example_external_task_marker_child to None, run_after=None
[2022-12-15T19:23:39.087+0000] {logging_mixin.py:137} INFO - [2022-12-15T19:23:39.087+0000] {dag.py:3427} INFO - Setting next_dagrun for example_external_task_marker_parent to None, run_after=None
[2022-12-15T19:23:39.113+0000] {processor.py:175} INFO - Processing /home/airflow/.local/lib/python3.7/site-packages/airflow/example_dags/example_external_task_marker_dag.py took 0.112 seconds
[2022-12-15T19:24:09.272+0000] {processor.py:153} INFO - Started process (PID=154) to work on /home/airflow/.local/lib/python3.7/site-packages/airflow/example_dags/example_external_task_marker_dag.py
[2022-12-15T19:24:09.273+0000] {processor.py:743} INFO - Processing file /home/airflow/.local/lib/python3.7/site-packages/airflow/example_dags/example_external_task_marker_dag.py for tasks to queue
[2022-12-15T19:24:09.273+0000] {logging_mixin.py:137} INFO - [2022-12-15T19:24:09.273+0000] {dagbag.py:538} INFO - Filling up the DagBag from /home/airflow/.local/lib/python3.7/site-packages/airflow/example_dags/example_external_task_marker_dag.py
[2022-12-15T19:24:09.288+0000] {processor.py:753} INFO - DAG(s) dict_keys(['example_external_task_marker_parent', 'example_external_task_marker_child']) retrieved from /home/airflow/.local/lib/python3.7/site-packages/airflow/example_dags/example_external_task_marker_dag.py
[2022-12-15T19:24:09.326+0000] {logging_mixin.py:137} INFO - [2022-12-15T19:24:09.326+0000] {dag.py:2676} INFO - Sync 2 DAGs
[2022-12-15T19:24:09.361+0000] {logging_mixin.py:137} INFO - [2022-12-15T19:24:09.360+0000] {dag.py:3427} INFO - Setting next_dagrun for example_external_task_marker_child to None, run_after=None
[2022-12-15T19:24:09.366+0000] {logging_mixin.py:137} INFO - [2022-12-15T19:24:09.366+0000] {dag.py:3427} INFO - Setting next_dagrun for example_external_task_marker_parent to None, run_after=None
[2022-12-15T19:24:09.389+0000] {processor.py:175} INFO - Processing /home/airflow/.local/lib/python3.7/site-packages/airflow/example_dags/example_external_task_marker_dag.py took 0.120 seconds
[2022-12-15T19:24:40.042+0000] {processor.py:153} INFO - Started process (PID=233) to work on /home/airflow/.local/lib/python3.7/site-packages/airflow/example_dags/example_external_task_marker_dag.py
[2022-12-15T19:24:40.042+0000] {processor.py:743} INFO - Processing file /home/airflow/.local/lib/python3.7/site-packages/airflow/example_dags/example_external_task_marker_dag.py for tasks to queue
[2022-12-15T19:24:40.043+0000] {logging_mixin.py:137} INFO - [2022-12-15T19:24:40.043+0000] {dagbag.py:538} INFO - Filling up the DagBag from /home/airflow/.local/lib/python3.7/site-packages/airflow/example_dags/example_external_task_marker_dag.py
[2022-12-15T19:24:40.056+0000] {processor.py:753} INFO - DAG(s) dict_keys(['example_external_task_marker_child', 'example_external_task_marker_parent']) retrieved from /home/airflow/.local/lib/python3.7/site-packages/airflow/example_dags/example_external_task_marker_dag.py
[2022-12-15T19:24:40.099+0000] {logging_mixin.py:137} INFO - [2022-12-15T19:24:40.099+0000] {dag.py:2676} INFO - Sync 2 DAGs
[2022-12-15T19:24:40.138+0000] {logging_mixin.py:137} INFO - [2022-12-15T19:24:40.138+0000] {dag.py:3427} INFO - Setting next_dagrun for example_external_task_marker_child to None, run_after=None
[2022-12-15T19:24:40.145+0000] {logging_mixin.py:137} INFO - [2022-12-15T19:24:40.145+0000] {dag.py:3427} INFO - Setting next_dagrun for example_external_task_marker_parent to None, run_after=None
[2022-12-15T19:24:40.180+0000] {processor.py:175} INFO - Processing /home/airflow/.local/lib/python3.7/site-packages/airflow/example_dags/example_external_task_marker_dag.py took 0.142 seconds
[2022-12-15T19:25:59.639+0000] {processor.py:153} INFO - Started process (PID=84) to work on /home/airflow/.local/lib/python3.7/site-packages/airflow/example_dags/example_external_task_marker_dag.py
[2022-12-15T19:25:59.640+0000] {processor.py:743} INFO - Processing file /home/airflow/.local/lib/python3.7/site-packages/airflow/example_dags/example_external_task_marker_dag.py for tasks to queue
[2022-12-15T19:25:59.640+0000] {logging_mixin.py:137} INFO - [2022-12-15T19:25:59.640+0000] {dagbag.py:538} INFO - Filling up the DagBag from /home/airflow/.local/lib/python3.7/site-packages/airflow/example_dags/example_external_task_marker_dag.py
[2022-12-15T19:25:59.654+0000] {processor.py:753} INFO - DAG(s) dict_keys(['example_external_task_marker_parent', 'example_external_task_marker_child']) retrieved from /home/airflow/.local/lib/python3.7/site-packages/airflow/example_dags/example_external_task_marker_dag.py
[2022-12-15T19:25:59.741+0000] {logging_mixin.py:137} INFO - [2022-12-15T19:25:59.741+0000] {dag.py:2676} INFO - Sync 2 DAGs
[2022-12-15T19:25:59.769+0000] {logging_mixin.py:137} INFO - [2022-12-15T19:25:59.768+0000] {dag.py:3427} INFO - Setting next_dagrun for example_external_task_marker_child to None, run_after=None
[2022-12-15T19:25:59.773+0000] {logging_mixin.py:137} INFO - [2022-12-15T19:25:59.772+0000] {dag.py:3427} INFO - Setting next_dagrun for example_external_task_marker_parent to None, run_after=None
[2022-12-15T19:25:59.796+0000] {processor.py:175} INFO - Processing /home/airflow/.local/lib/python3.7/site-packages/airflow/example_dags/example_external_task_marker_dag.py took 0.160 seconds
[2022-12-15T19:26:30.294+0000] {processor.py:153} INFO - Started process (PID=153) to work on /home/airflow/.local/lib/python3.7/site-packages/airflow/example_dags/example_external_task_marker_dag.py
[2022-12-15T19:26:30.294+0000] {processor.py:743} INFO - Processing file /home/airflow/.local/lib/python3.7/site-packages/airflow/example_dags/example_external_task_marker_dag.py for tasks to queue
[2022-12-15T19:26:30.295+0000] {logging_mixin.py:137} INFO - [2022-12-15T19:26:30.295+0000] {dagbag.py:538} INFO - Filling up the DagBag from /home/airflow/.local/lib/python3.7/site-packages/airflow/example_dags/example_external_task_marker_dag.py
[2022-12-15T19:26:30.314+0000] {processor.py:753} INFO - DAG(s) dict_keys(['example_external_task_marker_parent', 'example_external_task_marker_child']) retrieved from /home/airflow/.local/lib/python3.7/site-packages/airflow/example_dags/example_external_task_marker_dag.py
[2022-12-15T19:26:30.357+0000] {logging_mixin.py:137} INFO - [2022-12-15T19:26:30.357+0000] {dag.py:2676} INFO - Sync 2 DAGs
[2022-12-15T19:26:30.397+0000] {logging_mixin.py:137} INFO - [2022-12-15T19:26:30.397+0000] {dag.py:3427} INFO - Setting next_dagrun for example_external_task_marker_child to None, run_after=None
[2022-12-15T19:26:30.402+0000] {logging_mixin.py:137} INFO - [2022-12-15T19:26:30.402+0000] {dag.py:3427} INFO - Setting next_dagrun for example_external_task_marker_parent to None, run_after=None
[2022-12-15T19:26:30.430+0000] {processor.py:175} INFO - Processing /home/airflow/.local/lib/python3.7/site-packages/airflow/example_dags/example_external_task_marker_dag.py took 0.139 seconds
[2022-12-15T19:27:01.427+0000] {processor.py:153} INFO - Started process (PID=238) to work on /home/airflow/.local/lib/python3.7/site-packages/airflow/example_dags/example_external_task_marker_dag.py
[2022-12-15T19:27:01.428+0000] {processor.py:743} INFO - Processing file /home/airflow/.local/lib/python3.7/site-packages/airflow/example_dags/example_external_task_marker_dag.py for tasks to queue
[2022-12-15T19:27:01.430+0000] {logging_mixin.py:137} INFO - [2022-12-15T19:27:01.429+0000] {dagbag.py:538} INFO - Filling up the DagBag from /home/airflow/.local/lib/python3.7/site-packages/airflow/example_dags/example_external_task_marker_dag.py
[2022-12-15T19:27:01.457+0000] {processor.py:753} INFO - DAG(s) dict_keys(['example_external_task_marker_parent', 'example_external_task_marker_child']) retrieved from /home/airflow/.local/lib/python3.7/site-packages/airflow/example_dags/example_external_task_marker_dag.py
[2022-12-15T19:27:01.545+0000] {logging_mixin.py:137} INFO - [2022-12-15T19:27:01.545+0000] {dag.py:2676} INFO - Sync 2 DAGs
[2022-12-15T19:27:01.612+0000] {logging_mixin.py:137} INFO - [2022-12-15T19:27:01.612+0000] {dag.py:3427} INFO - Setting next_dagrun for example_external_task_marker_child to None, run_after=None
[2022-12-15T19:27:01.619+0000] {logging_mixin.py:137} INFO - [2022-12-15T19:27:01.618+0000] {dag.py:3427} INFO - Setting next_dagrun for example_external_task_marker_parent to None, run_after=None
[2022-12-15T19:27:01.656+0000] {processor.py:175} INFO - Processing /home/airflow/.local/lib/python3.7/site-packages/airflow/example_dags/example_external_task_marker_dag.py took 0.234 seconds
