[2022-12-15T19:23:37.910+0000] {processor.py:153} INFO - Started process (PID=70) to work on /home/airflow/.local/lib/python3.7/site-packages/airflow/example_dags/example_python_operator.py
[2022-12-15T19:23:37.911+0000] {processor.py:743} INFO - Processing file /home/airflow/.local/lib/python3.7/site-packages/airflow/example_dags/example_python_operator.py for tasks to queue
[2022-12-15T19:23:37.913+0000] {logging_mixin.py:137} INFO - [2022-12-15T19:23:37.912+0000] {dagbag.py:538} INFO - Filling up the DagBag from /home/airflow/.local/lib/python3.7/site-packages/airflow/example_dags/example_python_operator.py
[2022-12-15T19:23:37.949+0000] {logging_mixin.py:137} INFO - [2022-12-15T19:23:37.949+0000] {taskmixin.py:205} WARNING - Dependency <Task(_PythonDecoratedOperator): print_the_context>, log_sql_query already registered for DAG: example_python_operator
[2022-12-15T19:23:37.949+0000] {logging_mixin.py:137} INFO - [2022-12-15T19:23:37.949+0000] {taskmixin.py:205} WARNING - Dependency <Task(_PythonDecoratedOperator): log_sql_query>, print_the_context already registered for DAG: example_python_operator
[2022-12-15T19:23:37.951+0000] {logging_mixin.py:137} INFO - [2022-12-15T19:23:37.950+0000] {taskmixin.py:205} WARNING - Dependency <Task(_PythonDecoratedOperator): print_the_context>, log_sql_query already registered for DAG: example_python_operator
[2022-12-15T19:23:37.951+0000] {logging_mixin.py:137} INFO - [2022-12-15T19:23:37.951+0000] {taskmixin.py:205} WARNING - Dependency <Task(_PythonDecoratedOperator): log_sql_query>, print_the_context already registered for DAG: example_python_operator
[2022-12-15T19:23:37.952+0000] {logging_mixin.py:137} INFO - [2022-12-15T19:23:37.952+0000] {taskmixin.py:205} WARNING - Dependency <Task(_PythonDecoratedOperator): print_the_context>, log_sql_query already registered for DAG: example_python_operator
[2022-12-15T19:23:37.952+0000] {logging_mixin.py:137} INFO - [2022-12-15T19:23:37.952+0000] {taskmixin.py:205} WARNING - Dependency <Task(_PythonDecoratedOperator): log_sql_query>, print_the_context already registered for DAG: example_python_operator
[2022-12-15T19:23:37.954+0000] {logging_mixin.py:137} INFO - [2022-12-15T19:23:37.953+0000] {taskmixin.py:205} WARNING - Dependency <Task(_PythonDecoratedOperator): print_the_context>, log_sql_query already registered for DAG: example_python_operator
[2022-12-15T19:23:37.954+0000] {logging_mixin.py:137} INFO - [2022-12-15T19:23:37.954+0000] {taskmixin.py:205} WARNING - Dependency <Task(_PythonDecoratedOperator): log_sql_query>, print_the_context already registered for DAG: example_python_operator
[2022-12-15T19:23:37.969+0000] {processor.py:753} INFO - DAG(s) dict_keys(['example_python_operator']) retrieved from /home/airflow/.local/lib/python3.7/site-packages/airflow/example_dags/example_python_operator.py
[2022-12-15T19:23:38.007+0000] {logging_mixin.py:137} INFO - [2022-12-15T19:23:38.006+0000] {dag.py:2676} INFO - Sync 1 DAGs
[2022-12-15T19:23:38.050+0000] {logging_mixin.py:137} INFO - [2022-12-15T19:23:38.050+0000] {dag.py:3427} INFO - Setting next_dagrun for example_python_operator to None, run_after=None
[2022-12-15T19:23:38.078+0000] {processor.py:175} INFO - Processing /home/airflow/.local/lib/python3.7/site-packages/airflow/example_dags/example_python_operator.py took 0.174 seconds
[2022-12-15T19:24:08.127+0000] {processor.py:153} INFO - Started process (PID=140) to work on /home/airflow/.local/lib/python3.7/site-packages/airflow/example_dags/example_python_operator.py
[2022-12-15T19:24:08.128+0000] {processor.py:743} INFO - Processing file /home/airflow/.local/lib/python3.7/site-packages/airflow/example_dags/example_python_operator.py for tasks to queue
[2022-12-15T19:24:08.129+0000] {logging_mixin.py:137} INFO - [2022-12-15T19:24:08.129+0000] {dagbag.py:538} INFO - Filling up the DagBag from /home/airflow/.local/lib/python3.7/site-packages/airflow/example_dags/example_python_operator.py
[2022-12-15T19:24:08.149+0000] {logging_mixin.py:137} INFO - [2022-12-15T19:24:08.149+0000] {taskmixin.py:205} WARNING - Dependency <Task(_PythonDecoratedOperator): print_the_context>, log_sql_query already registered for DAG: example_python_operator
[2022-12-15T19:24:08.149+0000] {logging_mixin.py:137} INFO - [2022-12-15T19:24:08.149+0000] {taskmixin.py:205} WARNING - Dependency <Task(_PythonDecoratedOperator): log_sql_query>, print_the_context already registered for DAG: example_python_operator
[2022-12-15T19:24:08.150+0000] {logging_mixin.py:137} INFO - [2022-12-15T19:24:08.150+0000] {taskmixin.py:205} WARNING - Dependency <Task(_PythonDecoratedOperator): print_the_context>, log_sql_query already registered for DAG: example_python_operator
[2022-12-15T19:24:08.150+0000] {logging_mixin.py:137} INFO - [2022-12-15T19:24:08.150+0000] {taskmixin.py:205} WARNING - Dependency <Task(_PythonDecoratedOperator): log_sql_query>, print_the_context already registered for DAG: example_python_operator
[2022-12-15T19:24:08.151+0000] {logging_mixin.py:137} INFO - [2022-12-15T19:24:08.150+0000] {taskmixin.py:205} WARNING - Dependency <Task(_PythonDecoratedOperator): print_the_context>, log_sql_query already registered for DAG: example_python_operator
[2022-12-15T19:24:08.151+0000] {logging_mixin.py:137} INFO - [2022-12-15T19:24:08.151+0000] {taskmixin.py:205} WARNING - Dependency <Task(_PythonDecoratedOperator): log_sql_query>, print_the_context already registered for DAG: example_python_operator
[2022-12-15T19:24:08.151+0000] {logging_mixin.py:137} INFO - [2022-12-15T19:24:08.151+0000] {taskmixin.py:205} WARNING - Dependency <Task(_PythonDecoratedOperator): print_the_context>, log_sql_query already registered for DAG: example_python_operator
[2022-12-15T19:24:08.152+0000] {logging_mixin.py:137} INFO - [2022-12-15T19:24:08.152+0000] {taskmixin.py:205} WARNING - Dependency <Task(_PythonDecoratedOperator): log_sql_query>, print_the_context already registered for DAG: example_python_operator
[2022-12-15T19:24:08.158+0000] {processor.py:753} INFO - DAG(s) dict_keys(['example_python_operator']) retrieved from /home/airflow/.local/lib/python3.7/site-packages/airflow/example_dags/example_python_operator.py
[2022-12-15T19:24:08.239+0000] {logging_mixin.py:137} INFO - [2022-12-15T19:24:08.238+0000] {dag.py:2676} INFO - Sync 1 DAGs
[2022-12-15T19:24:08.263+0000] {logging_mixin.py:137} INFO - [2022-12-15T19:24:08.263+0000] {dag.py:3427} INFO - Setting next_dagrun for example_python_operator to None, run_after=None
[2022-12-15T19:24:08.285+0000] {processor.py:175} INFO - Processing /home/airflow/.local/lib/python3.7/site-packages/airflow/example_dags/example_python_operator.py took 0.160 seconds
[2022-12-15T19:24:38.551+0000] {processor.py:153} INFO - Started process (PID=210) to work on /home/airflow/.local/lib/python3.7/site-packages/airflow/example_dags/example_python_operator.py
[2022-12-15T19:24:38.552+0000] {processor.py:743} INFO - Processing file /home/airflow/.local/lib/python3.7/site-packages/airflow/example_dags/example_python_operator.py for tasks to queue
[2022-12-15T19:24:38.553+0000] {logging_mixin.py:137} INFO - [2022-12-15T19:24:38.553+0000] {dagbag.py:538} INFO - Filling up the DagBag from /home/airflow/.local/lib/python3.7/site-packages/airflow/example_dags/example_python_operator.py
[2022-12-15T19:24:38.575+0000] {logging_mixin.py:137} INFO - [2022-12-15T19:24:38.574+0000] {taskmixin.py:205} WARNING - Dependency <Task(_PythonDecoratedOperator): print_the_context>, log_sql_query already registered for DAG: example_python_operator
[2022-12-15T19:24:38.575+0000] {logging_mixin.py:137} INFO - [2022-12-15T19:24:38.575+0000] {taskmixin.py:205} WARNING - Dependency <Task(_PythonDecoratedOperator): log_sql_query>, print_the_context already registered for DAG: example_python_operator
[2022-12-15T19:24:38.576+0000] {logging_mixin.py:137} INFO - [2022-12-15T19:24:38.576+0000] {taskmixin.py:205} WARNING - Dependency <Task(_PythonDecoratedOperator): print_the_context>, log_sql_query already registered for DAG: example_python_operator
[2022-12-15T19:24:38.576+0000] {logging_mixin.py:137} INFO - [2022-12-15T19:24:38.576+0000] {taskmixin.py:205} WARNING - Dependency <Task(_PythonDecoratedOperator): log_sql_query>, print_the_context already registered for DAG: example_python_operator
[2022-12-15T19:24:38.577+0000] {logging_mixin.py:137} INFO - [2022-12-15T19:24:38.577+0000] {taskmixin.py:205} WARNING - Dependency <Task(_PythonDecoratedOperator): print_the_context>, log_sql_query already registered for DAG: example_python_operator
[2022-12-15T19:24:38.577+0000] {logging_mixin.py:137} INFO - [2022-12-15T19:24:38.577+0000] {taskmixin.py:205} WARNING - Dependency <Task(_PythonDecoratedOperator): log_sql_query>, print_the_context already registered for DAG: example_python_operator
[2022-12-15T19:24:38.578+0000] {logging_mixin.py:137} INFO - [2022-12-15T19:24:38.578+0000] {taskmixin.py:205} WARNING - Dependency <Task(_PythonDecoratedOperator): print_the_context>, log_sql_query already registered for DAG: example_python_operator
[2022-12-15T19:24:38.578+0000] {logging_mixin.py:137} INFO - [2022-12-15T19:24:38.578+0000] {taskmixin.py:205} WARNING - Dependency <Task(_PythonDecoratedOperator): log_sql_query>, print_the_context already registered for DAG: example_python_operator
[2022-12-15T19:24:38.587+0000] {processor.py:753} INFO - DAG(s) dict_keys(['example_python_operator']) retrieved from /home/airflow/.local/lib/python3.7/site-packages/airflow/example_dags/example_python_operator.py
[2022-12-15T19:24:38.631+0000] {logging_mixin.py:137} INFO - [2022-12-15T19:24:38.631+0000] {dag.py:2676} INFO - Sync 1 DAGs
[2022-12-15T19:24:38.665+0000] {logging_mixin.py:137} INFO - [2022-12-15T19:24:38.664+0000] {dag.py:3427} INFO - Setting next_dagrun for example_python_operator to None, run_after=None
[2022-12-15T19:24:38.691+0000] {processor.py:175} INFO - Processing /home/airflow/.local/lib/python3.7/site-packages/airflow/example_dags/example_python_operator.py took 0.143 seconds
[2022-12-15T19:25:09.533+0000] {processor.py:153} INFO - Started process (PID=296) to work on /home/airflow/.local/lib/python3.7/site-packages/airflow/example_dags/example_python_operator.py
[2022-12-15T19:25:09.534+0000] {processor.py:743} INFO - Processing file /home/airflow/.local/lib/python3.7/site-packages/airflow/example_dags/example_python_operator.py for tasks to queue
[2022-12-15T19:25:09.534+0000] {logging_mixin.py:137} INFO - [2022-12-15T19:25:09.534+0000] {dagbag.py:538} INFO - Filling up the DagBag from /home/airflow/.local/lib/python3.7/site-packages/airflow/example_dags/example_python_operator.py
[2022-12-15T19:25:09.555+0000] {logging_mixin.py:137} INFO - [2022-12-15T19:25:09.554+0000] {taskmixin.py:205} WARNING - Dependency <Task(_PythonDecoratedOperator): print_the_context>, log_sql_query already registered for DAG: example_python_operator
[2022-12-15T19:25:09.555+0000] {logging_mixin.py:137} INFO - [2022-12-15T19:25:09.555+0000] {taskmixin.py:205} WARNING - Dependency <Task(_PythonDecoratedOperator): log_sql_query>, print_the_context already registered for DAG: example_python_operator
[2022-12-15T19:25:09.556+0000] {logging_mixin.py:137} INFO - [2022-12-15T19:25:09.556+0000] {taskmixin.py:205} WARNING - Dependency <Task(_PythonDecoratedOperator): print_the_context>, log_sql_query already registered for DAG: example_python_operator
[2022-12-15T19:25:09.556+0000] {logging_mixin.py:137} INFO - [2022-12-15T19:25:09.556+0000] {taskmixin.py:205} WARNING - Dependency <Task(_PythonDecoratedOperator): log_sql_query>, print_the_context already registered for DAG: example_python_operator
[2022-12-15T19:25:09.557+0000] {logging_mixin.py:137} INFO - [2022-12-15T19:25:09.557+0000] {taskmixin.py:205} WARNING - Dependency <Task(_PythonDecoratedOperator): print_the_context>, log_sql_query already registered for DAG: example_python_operator
[2022-12-15T19:25:09.557+0000] {logging_mixin.py:137} INFO - [2022-12-15T19:25:09.557+0000] {taskmixin.py:205} WARNING - Dependency <Task(_PythonDecoratedOperator): log_sql_query>, print_the_context already registered for DAG: example_python_operator
[2022-12-15T19:25:09.558+0000] {logging_mixin.py:137} INFO - [2022-12-15T19:25:09.557+0000] {taskmixin.py:205} WARNING - Dependency <Task(_PythonDecoratedOperator): print_the_context>, log_sql_query already registered for DAG: example_python_operator
[2022-12-15T19:25:09.558+0000] {logging_mixin.py:137} INFO - [2022-12-15T19:25:09.558+0000] {taskmixin.py:205} WARNING - Dependency <Task(_PythonDecoratedOperator): log_sql_query>, print_the_context already registered for DAG: example_python_operator
[2022-12-15T19:25:09.568+0000] {processor.py:753} INFO - DAG(s) dict_keys(['example_python_operator']) retrieved from /home/airflow/.local/lib/python3.7/site-packages/airflow/example_dags/example_python_operator.py
[2022-12-15T19:25:09.603+0000] {logging_mixin.py:137} INFO - [2022-12-15T19:25:09.603+0000] {dag.py:2676} INFO - Sync 1 DAGs
[2022-12-15T19:25:09.663+0000] {logging_mixin.py:137} INFO - [2022-12-15T19:25:09.662+0000] {dag.py:3427} INFO - Setting next_dagrun for example_python_operator to None, run_after=None
[2022-12-15T19:25:09.735+0000] {processor.py:175} INFO - Processing /home/airflow/.local/lib/python3.7/site-packages/airflow/example_dags/example_python_operator.py took 0.205 seconds
[2022-12-15T19:25:58.257+0000] {processor.py:153} INFO - Started process (PID=70) to work on /home/airflow/.local/lib/python3.7/site-packages/airflow/example_dags/example_python_operator.py
[2022-12-15T19:25:58.258+0000] {processor.py:743} INFO - Processing file /home/airflow/.local/lib/python3.7/site-packages/airflow/example_dags/example_python_operator.py for tasks to queue
[2022-12-15T19:25:58.258+0000] {logging_mixin.py:137} INFO - [2022-12-15T19:25:58.258+0000] {dagbag.py:538} INFO - Filling up the DagBag from /home/airflow/.local/lib/python3.7/site-packages/airflow/example_dags/example_python_operator.py
[2022-12-15T19:25:58.286+0000] {logging_mixin.py:137} INFO - [2022-12-15T19:25:58.286+0000] {taskmixin.py:205} WARNING - Dependency <Task(_PythonDecoratedOperator): print_the_context>, log_sql_query already registered for DAG: example_python_operator
[2022-12-15T19:25:58.286+0000] {logging_mixin.py:137} INFO - [2022-12-15T19:25:58.286+0000] {taskmixin.py:205} WARNING - Dependency <Task(_PythonDecoratedOperator): log_sql_query>, print_the_context already registered for DAG: example_python_operator
[2022-12-15T19:25:58.288+0000] {logging_mixin.py:137} INFO - [2022-12-15T19:25:58.287+0000] {taskmixin.py:205} WARNING - Dependency <Task(_PythonDecoratedOperator): print_the_context>, log_sql_query already registered for DAG: example_python_operator
[2022-12-15T19:25:58.288+0000] {logging_mixin.py:137} INFO - [2022-12-15T19:25:58.288+0000] {taskmixin.py:205} WARNING - Dependency <Task(_PythonDecoratedOperator): log_sql_query>, print_the_context already registered for DAG: example_python_operator
[2022-12-15T19:25:58.289+0000] {logging_mixin.py:137} INFO - [2022-12-15T19:25:58.289+0000] {taskmixin.py:205} WARNING - Dependency <Task(_PythonDecoratedOperator): print_the_context>, log_sql_query already registered for DAG: example_python_operator
[2022-12-15T19:25:58.289+0000] {logging_mixin.py:137} INFO - [2022-12-15T19:25:58.289+0000] {taskmixin.py:205} WARNING - Dependency <Task(_PythonDecoratedOperator): log_sql_query>, print_the_context already registered for DAG: example_python_operator
[2022-12-15T19:25:58.290+0000] {logging_mixin.py:137} INFO - [2022-12-15T19:25:58.290+0000] {taskmixin.py:205} WARNING - Dependency <Task(_PythonDecoratedOperator): print_the_context>, log_sql_query already registered for DAG: example_python_operator
[2022-12-15T19:25:58.290+0000] {logging_mixin.py:137} INFO - [2022-12-15T19:25:58.290+0000] {taskmixin.py:205} WARNING - Dependency <Task(_PythonDecoratedOperator): log_sql_query>, print_the_context already registered for DAG: example_python_operator
[2022-12-15T19:25:58.302+0000] {processor.py:753} INFO - DAG(s) dict_keys(['example_python_operator']) retrieved from /home/airflow/.local/lib/python3.7/site-packages/airflow/example_dags/example_python_operator.py
[2022-12-15T19:25:58.447+0000] {logging_mixin.py:137} INFO - [2022-12-15T19:25:58.447+0000] {dag.py:2676} INFO - Sync 1 DAGs
[2022-12-15T19:25:58.480+0000] {logging_mixin.py:137} INFO - [2022-12-15T19:25:58.480+0000] {dag.py:3427} INFO - Setting next_dagrun for example_python_operator to None, run_after=None
[2022-12-15T19:25:58.508+0000] {processor.py:175} INFO - Processing /home/airflow/.local/lib/python3.7/site-packages/airflow/example_dags/example_python_operator.py took 0.255 seconds
[2022-12-15T19:26:29.045+0000] {processor.py:153} INFO - Started process (PID=139) to work on /home/airflow/.local/lib/python3.7/site-packages/airflow/example_dags/example_python_operator.py
[2022-12-15T19:26:29.046+0000] {processor.py:743} INFO - Processing file /home/airflow/.local/lib/python3.7/site-packages/airflow/example_dags/example_python_operator.py for tasks to queue
[2022-12-15T19:26:29.047+0000] {logging_mixin.py:137} INFO - [2022-12-15T19:26:29.047+0000] {dagbag.py:538} INFO - Filling up the DagBag from /home/airflow/.local/lib/python3.7/site-packages/airflow/example_dags/example_python_operator.py
[2022-12-15T19:26:29.067+0000] {logging_mixin.py:137} INFO - [2022-12-15T19:26:29.067+0000] {taskmixin.py:205} WARNING - Dependency <Task(_PythonDecoratedOperator): print_the_context>, log_sql_query already registered for DAG: example_python_operator
[2022-12-15T19:26:29.067+0000] {logging_mixin.py:137} INFO - [2022-12-15T19:26:29.067+0000] {taskmixin.py:205} WARNING - Dependency <Task(_PythonDecoratedOperator): log_sql_query>, print_the_context already registered for DAG: example_python_operator
[2022-12-15T19:26:29.068+0000] {logging_mixin.py:137} INFO - [2022-12-15T19:26:29.068+0000] {taskmixin.py:205} WARNING - Dependency <Task(_PythonDecoratedOperator): print_the_context>, log_sql_query already registered for DAG: example_python_operator
[2022-12-15T19:26:29.068+0000] {logging_mixin.py:137} INFO - [2022-12-15T19:26:29.068+0000] {taskmixin.py:205} WARNING - Dependency <Task(_PythonDecoratedOperator): log_sql_query>, print_the_context already registered for DAG: example_python_operator
[2022-12-15T19:26:29.069+0000] {logging_mixin.py:137} INFO - [2022-12-15T19:26:29.069+0000] {taskmixin.py:205} WARNING - Dependency <Task(_PythonDecoratedOperator): print_the_context>, log_sql_query already registered for DAG: example_python_operator
[2022-12-15T19:26:29.069+0000] {logging_mixin.py:137} INFO - [2022-12-15T19:26:29.069+0000] {taskmixin.py:205} WARNING - Dependency <Task(_PythonDecoratedOperator): log_sql_query>, print_the_context already registered for DAG: example_python_operator
[2022-12-15T19:26:29.070+0000] {logging_mixin.py:137} INFO - [2022-12-15T19:26:29.070+0000] {taskmixin.py:205} WARNING - Dependency <Task(_PythonDecoratedOperator): print_the_context>, log_sql_query already registered for DAG: example_python_operator
[2022-12-15T19:26:29.070+0000] {logging_mixin.py:137} INFO - [2022-12-15T19:26:29.070+0000] {taskmixin.py:205} WARNING - Dependency <Task(_PythonDecoratedOperator): log_sql_query>, print_the_context already registered for DAG: example_python_operator
[2022-12-15T19:26:29.077+0000] {processor.py:753} INFO - DAG(s) dict_keys(['example_python_operator']) retrieved from /home/airflow/.local/lib/python3.7/site-packages/airflow/example_dags/example_python_operator.py
[2022-12-15T19:26:29.117+0000] {logging_mixin.py:137} INFO - [2022-12-15T19:26:29.117+0000] {dag.py:2676} INFO - Sync 1 DAGs
[2022-12-15T19:26:29.147+0000] {logging_mixin.py:137} INFO - [2022-12-15T19:26:29.147+0000] {dag.py:3427} INFO - Setting next_dagrun for example_python_operator to None, run_after=None
[2022-12-15T19:26:29.171+0000] {processor.py:175} INFO - Processing /home/airflow/.local/lib/python3.7/site-packages/airflow/example_dags/example_python_operator.py took 0.129 seconds
[2022-12-15T19:26:59.785+0000] {processor.py:153} INFO - Started process (PID=217) to work on /home/airflow/.local/lib/python3.7/site-packages/airflow/example_dags/example_python_operator.py
[2022-12-15T19:26:59.787+0000] {processor.py:743} INFO - Processing file /home/airflow/.local/lib/python3.7/site-packages/airflow/example_dags/example_python_operator.py for tasks to queue
[2022-12-15T19:26:59.787+0000] {logging_mixin.py:137} INFO - [2022-12-15T19:26:59.787+0000] {dagbag.py:538} INFO - Filling up the DagBag from /home/airflow/.local/lib/python3.7/site-packages/airflow/example_dags/example_python_operator.py
[2022-12-15T19:26:59.818+0000] {logging_mixin.py:137} INFO - [2022-12-15T19:26:59.818+0000] {taskmixin.py:205} WARNING - Dependency <Task(_PythonDecoratedOperator): print_the_context>, log_sql_query already registered for DAG: example_python_operator
[2022-12-15T19:26:59.819+0000] {logging_mixin.py:137} INFO - [2022-12-15T19:26:59.818+0000] {taskmixin.py:205} WARNING - Dependency <Task(_PythonDecoratedOperator): log_sql_query>, print_the_context already registered for DAG: example_python_operator
[2022-12-15T19:26:59.820+0000] {logging_mixin.py:137} INFO - [2022-12-15T19:26:59.820+0000] {taskmixin.py:205} WARNING - Dependency <Task(_PythonDecoratedOperator): print_the_context>, log_sql_query already registered for DAG: example_python_operator
[2022-12-15T19:26:59.820+0000] {logging_mixin.py:137} INFO - [2022-12-15T19:26:59.820+0000] {taskmixin.py:205} WARNING - Dependency <Task(_PythonDecoratedOperator): log_sql_query>, print_the_context already registered for DAG: example_python_operator
[2022-12-15T19:26:59.822+0000] {logging_mixin.py:137} INFO - [2022-12-15T19:26:59.822+0000] {taskmixin.py:205} WARNING - Dependency <Task(_PythonDecoratedOperator): print_the_context>, log_sql_query already registered for DAG: example_python_operator
[2022-12-15T19:26:59.822+0000] {logging_mixin.py:137} INFO - [2022-12-15T19:26:59.822+0000] {taskmixin.py:205} WARNING - Dependency <Task(_PythonDecoratedOperator): log_sql_query>, print_the_context already registered for DAG: example_python_operator
[2022-12-15T19:26:59.823+0000] {logging_mixin.py:137} INFO - [2022-12-15T19:26:59.823+0000] {taskmixin.py:205} WARNING - Dependency <Task(_PythonDecoratedOperator): print_the_context>, log_sql_query already registered for DAG: example_python_operator
[2022-12-15T19:26:59.824+0000] {logging_mixin.py:137} INFO - [2022-12-15T19:26:59.824+0000] {taskmixin.py:205} WARNING - Dependency <Task(_PythonDecoratedOperator): log_sql_query>, print_the_context already registered for DAG: example_python_operator
[2022-12-15T19:26:59.835+0000] {processor.py:753} INFO - DAG(s) dict_keys(['example_python_operator']) retrieved from /home/airflow/.local/lib/python3.7/site-packages/airflow/example_dags/example_python_operator.py
[2022-12-15T19:26:59.901+0000] {logging_mixin.py:137} INFO - [2022-12-15T19:26:59.900+0000] {dag.py:2676} INFO - Sync 1 DAGs
[2022-12-15T19:26:59.941+0000] {logging_mixin.py:137} INFO - [2022-12-15T19:26:59.941+0000] {dag.py:3427} INFO - Setting next_dagrun for example_python_operator to None, run_after=None
[2022-12-15T19:26:59.968+0000] {processor.py:175} INFO - Processing /home/airflow/.local/lib/python3.7/site-packages/airflow/example_dags/example_python_operator.py took 0.187 seconds
