[2022-12-15T19:23:39.142+0000] {processor.py:153} INFO - Started process (PID=86) to work on /home/airflow/.local/lib/python3.7/site-packages/airflow/example_dags/example_complex.py
[2022-12-15T19:23:39.143+0000] {processor.py:743} INFO - Processing file /home/airflow/.local/lib/python3.7/site-packages/airflow/example_dags/example_complex.py for tasks to queue
[2022-12-15T19:23:39.144+0000] {logging_mixin.py:137} INFO - [2022-12-15T19:23:39.143+0000] {dagbag.py:538} INFO - Filling up the DagBag from /home/airflow/.local/lib/python3.7/site-packages/airflow/example_dags/example_complex.py
[2022-12-15T19:23:39.161+0000] {logging_mixin.py:137} INFO - [2022-12-15T19:23:39.160+0000] {taskmixin.py:205} WARNING - Dependency <Task(BashOperator): create_entry_group>, delete_entry_group already registered for DAG: example_complex
[2022-12-15T19:23:39.161+0000] {logging_mixin.py:137} INFO - [2022-12-15T19:23:39.161+0000] {taskmixin.py:205} WARNING - Dependency <Task(BashOperator): delete_entry_group>, create_entry_group already registered for DAG: example_complex
[2022-12-15T19:23:39.161+0000] {logging_mixin.py:137} INFO - [2022-12-15T19:23:39.161+0000] {taskmixin.py:205} WARNING - Dependency <Task(BashOperator): create_entry_gcs>, delete_entry already registered for DAG: example_complex
[2022-12-15T19:23:39.162+0000] {logging_mixin.py:137} INFO - [2022-12-15T19:23:39.162+0000] {taskmixin.py:205} WARNING - Dependency <Task(BashOperator): delete_entry>, create_entry_gcs already registered for DAG: example_complex
[2022-12-15T19:23:39.162+0000] {logging_mixin.py:137} INFO - [2022-12-15T19:23:39.162+0000] {taskmixin.py:205} WARNING - Dependency <Task(BashOperator): create_tag>, delete_tag already registered for DAG: example_complex
[2022-12-15T19:23:39.162+0000] {logging_mixin.py:137} INFO - [2022-12-15T19:23:39.162+0000] {taskmixin.py:205} WARNING - Dependency <Task(BashOperator): delete_tag>, create_tag already registered for DAG: example_complex
[2022-12-15T19:23:39.173+0000] {processor.py:753} INFO - DAG(s) dict_keys(['example_complex']) retrieved from /home/airflow/.local/lib/python3.7/site-packages/airflow/example_dags/example_complex.py
[2022-12-15T19:23:39.203+0000] {logging_mixin.py:137} INFO - [2022-12-15T19:23:39.203+0000] {dag.py:2676} INFO - Sync 1 DAGs
[2022-12-15T19:23:39.236+0000] {logging_mixin.py:137} INFO - [2022-12-15T19:23:39.236+0000] {dag.py:3427} INFO - Setting next_dagrun for example_complex to None, run_after=None
[2022-12-15T19:23:39.259+0000] {processor.py:175} INFO - Processing /home/airflow/.local/lib/python3.7/site-packages/airflow/example_dags/example_complex.py took 0.121 seconds
[2022-12-15T19:24:09.414+0000] {processor.py:153} INFO - Started process (PID=156) to work on /home/airflow/.local/lib/python3.7/site-packages/airflow/example_dags/example_complex.py
[2022-12-15T19:24:09.415+0000] {processor.py:743} INFO - Processing file /home/airflow/.local/lib/python3.7/site-packages/airflow/example_dags/example_complex.py for tasks to queue
[2022-12-15T19:24:09.416+0000] {logging_mixin.py:137} INFO - [2022-12-15T19:24:09.416+0000] {dagbag.py:538} INFO - Filling up the DagBag from /home/airflow/.local/lib/python3.7/site-packages/airflow/example_dags/example_complex.py
[2022-12-15T19:24:09.430+0000] {logging_mixin.py:137} INFO - [2022-12-15T19:24:09.430+0000] {taskmixin.py:205} WARNING - Dependency <Task(BashOperator): create_entry_group>, delete_entry_group already registered for DAG: example_complex
[2022-12-15T19:24:09.430+0000] {logging_mixin.py:137} INFO - [2022-12-15T19:24:09.430+0000] {taskmixin.py:205} WARNING - Dependency <Task(BashOperator): delete_entry_group>, create_entry_group already registered for DAG: example_complex
[2022-12-15T19:24:09.431+0000] {logging_mixin.py:137} INFO - [2022-12-15T19:24:09.430+0000] {taskmixin.py:205} WARNING - Dependency <Task(BashOperator): create_entry_gcs>, delete_entry already registered for DAG: example_complex
[2022-12-15T19:24:09.431+0000] {logging_mixin.py:137} INFO - [2022-12-15T19:24:09.431+0000] {taskmixin.py:205} WARNING - Dependency <Task(BashOperator): delete_entry>, create_entry_gcs already registered for DAG: example_complex
[2022-12-15T19:24:09.431+0000] {logging_mixin.py:137} INFO - [2022-12-15T19:24:09.431+0000] {taskmixin.py:205} WARNING - Dependency <Task(BashOperator): create_tag>, delete_tag already registered for DAG: example_complex
[2022-12-15T19:24:09.431+0000] {logging_mixin.py:137} INFO - [2022-12-15T19:24:09.431+0000] {taskmixin.py:205} WARNING - Dependency <Task(BashOperator): delete_tag>, create_tag already registered for DAG: example_complex
[2022-12-15T19:24:09.439+0000] {processor.py:753} INFO - DAG(s) dict_keys(['example_complex']) retrieved from /home/airflow/.local/lib/python3.7/site-packages/airflow/example_dags/example_complex.py
[2022-12-15T19:24:09.483+0000] {logging_mixin.py:137} INFO - [2022-12-15T19:24:09.482+0000] {dag.py:2676} INFO - Sync 1 DAGs
[2022-12-15T19:24:09.512+0000] {logging_mixin.py:137} INFO - [2022-12-15T19:24:09.512+0000] {dag.py:3427} INFO - Setting next_dagrun for example_complex to None, run_after=None
[2022-12-15T19:24:09.536+0000] {processor.py:175} INFO - Processing /home/airflow/.local/lib/python3.7/site-packages/airflow/example_dags/example_complex.py took 0.124 seconds
[2022-12-15T19:24:40.209+0000] {processor.py:153} INFO - Started process (PID=235) to work on /home/airflow/.local/lib/python3.7/site-packages/airflow/example_dags/example_complex.py
[2022-12-15T19:24:40.210+0000] {processor.py:743} INFO - Processing file /home/airflow/.local/lib/python3.7/site-packages/airflow/example_dags/example_complex.py for tasks to queue
[2022-12-15T19:24:40.211+0000] {logging_mixin.py:137} INFO - [2022-12-15T19:24:40.211+0000] {dagbag.py:538} INFO - Filling up the DagBag from /home/airflow/.local/lib/python3.7/site-packages/airflow/example_dags/example_complex.py
[2022-12-15T19:24:40.232+0000] {logging_mixin.py:137} INFO - [2022-12-15T19:24:40.232+0000] {taskmixin.py:205} WARNING - Dependency <Task(BashOperator): create_entry_group>, delete_entry_group already registered for DAG: example_complex
[2022-12-15T19:24:40.233+0000] {logging_mixin.py:137} INFO - [2022-12-15T19:24:40.233+0000] {taskmixin.py:205} WARNING - Dependency <Task(BashOperator): delete_entry_group>, create_entry_group already registered for DAG: example_complex
[2022-12-15T19:24:40.233+0000] {logging_mixin.py:137} INFO - [2022-12-15T19:24:40.233+0000] {taskmixin.py:205} WARNING - Dependency <Task(BashOperator): create_entry_gcs>, delete_entry already registered for DAG: example_complex
[2022-12-15T19:24:40.234+0000] {logging_mixin.py:137} INFO - [2022-12-15T19:24:40.233+0000] {taskmixin.py:205} WARNING - Dependency <Task(BashOperator): delete_entry>, create_entry_gcs already registered for DAG: example_complex
[2022-12-15T19:24:40.234+0000] {logging_mixin.py:137} INFO - [2022-12-15T19:24:40.234+0000] {taskmixin.py:205} WARNING - Dependency <Task(BashOperator): create_tag>, delete_tag already registered for DAG: example_complex
[2022-12-15T19:24:40.235+0000] {logging_mixin.py:137} INFO - [2022-12-15T19:24:40.234+0000] {taskmixin.py:205} WARNING - Dependency <Task(BashOperator): delete_tag>, create_tag already registered for DAG: example_complex
[2022-12-15T19:24:40.248+0000] {processor.py:753} INFO - DAG(s) dict_keys(['example_complex']) retrieved from /home/airflow/.local/lib/python3.7/site-packages/airflow/example_dags/example_complex.py
[2022-12-15T19:24:40.316+0000] {logging_mixin.py:137} INFO - [2022-12-15T19:24:40.316+0000] {dag.py:2676} INFO - Sync 1 DAGs
[2022-12-15T19:24:40.363+0000] {logging_mixin.py:137} INFO - [2022-12-15T19:24:40.363+0000] {dag.py:3427} INFO - Setting next_dagrun for example_complex to None, run_after=None
[2022-12-15T19:24:40.392+0000] {processor.py:175} INFO - Processing /home/airflow/.local/lib/python3.7/site-packages/airflow/example_dags/example_complex.py took 0.186 seconds
[2022-12-15T19:25:59.819+0000] {processor.py:153} INFO - Started process (PID=86) to work on /home/airflow/.local/lib/python3.7/site-packages/airflow/example_dags/example_complex.py
[2022-12-15T19:25:59.820+0000] {processor.py:743} INFO - Processing file /home/airflow/.local/lib/python3.7/site-packages/airflow/example_dags/example_complex.py for tasks to queue
[2022-12-15T19:25:59.821+0000] {logging_mixin.py:137} INFO - [2022-12-15T19:25:59.821+0000] {dagbag.py:538} INFO - Filling up the DagBag from /home/airflow/.local/lib/python3.7/site-packages/airflow/example_dags/example_complex.py
[2022-12-15T19:25:59.835+0000] {logging_mixin.py:137} INFO - [2022-12-15T19:25:59.835+0000] {taskmixin.py:205} WARNING - Dependency <Task(BashOperator): create_entry_group>, delete_entry_group already registered for DAG: example_complex
[2022-12-15T19:25:59.835+0000] {logging_mixin.py:137} INFO - [2022-12-15T19:25:59.835+0000] {taskmixin.py:205} WARNING - Dependency <Task(BashOperator): delete_entry_group>, create_entry_group already registered for DAG: example_complex
[2022-12-15T19:25:59.835+0000] {logging_mixin.py:137} INFO - [2022-12-15T19:25:59.835+0000] {taskmixin.py:205} WARNING - Dependency <Task(BashOperator): create_entry_gcs>, delete_entry already registered for DAG: example_complex
[2022-12-15T19:25:59.835+0000] {logging_mixin.py:137} INFO - [2022-12-15T19:25:59.835+0000] {taskmixin.py:205} WARNING - Dependency <Task(BashOperator): delete_entry>, create_entry_gcs already registered for DAG: example_complex
[2022-12-15T19:25:59.836+0000] {logging_mixin.py:137} INFO - [2022-12-15T19:25:59.836+0000] {taskmixin.py:205} WARNING - Dependency <Task(BashOperator): create_tag>, delete_tag already registered for DAG: example_complex
[2022-12-15T19:25:59.836+0000] {logging_mixin.py:137} INFO - [2022-12-15T19:25:59.836+0000] {taskmixin.py:205} WARNING - Dependency <Task(BashOperator): delete_tag>, create_tag already registered for DAG: example_complex
[2022-12-15T19:25:59.844+0000] {processor.py:753} INFO - DAG(s) dict_keys(['example_complex']) retrieved from /home/airflow/.local/lib/python3.7/site-packages/airflow/example_dags/example_complex.py
[2022-12-15T19:25:59.893+0000] {logging_mixin.py:137} INFO - [2022-12-15T19:25:59.893+0000] {dag.py:2676} INFO - Sync 1 DAGs
[2022-12-15T19:25:59.919+0000] {logging_mixin.py:137} INFO - [2022-12-15T19:25:59.919+0000] {dag.py:3427} INFO - Setting next_dagrun for example_complex to None, run_after=None
[2022-12-15T19:25:59.944+0000] {processor.py:175} INFO - Processing /home/airflow/.local/lib/python3.7/site-packages/airflow/example_dags/example_complex.py took 0.127 seconds
[2022-12-15T19:26:30.460+0000] {processor.py:153} INFO - Started process (PID=155) to work on /home/airflow/.local/lib/python3.7/site-packages/airflow/example_dags/example_complex.py
[2022-12-15T19:26:30.461+0000] {processor.py:743} INFO - Processing file /home/airflow/.local/lib/python3.7/site-packages/airflow/example_dags/example_complex.py for tasks to queue
[2022-12-15T19:26:30.462+0000] {logging_mixin.py:137} INFO - [2022-12-15T19:26:30.462+0000] {dagbag.py:538} INFO - Filling up the DagBag from /home/airflow/.local/lib/python3.7/site-packages/airflow/example_dags/example_complex.py
[2022-12-15T19:26:30.480+0000] {logging_mixin.py:137} INFO - [2022-12-15T19:26:30.479+0000] {taskmixin.py:205} WARNING - Dependency <Task(BashOperator): create_entry_group>, delete_entry_group already registered for DAG: example_complex
[2022-12-15T19:26:30.480+0000] {logging_mixin.py:137} INFO - [2022-12-15T19:26:30.480+0000] {taskmixin.py:205} WARNING - Dependency <Task(BashOperator): delete_entry_group>, create_entry_group already registered for DAG: example_complex
[2022-12-15T19:26:30.480+0000] {logging_mixin.py:137} INFO - [2022-12-15T19:26:30.480+0000] {taskmixin.py:205} WARNING - Dependency <Task(BashOperator): create_entry_gcs>, delete_entry already registered for DAG: example_complex
[2022-12-15T19:26:30.481+0000] {logging_mixin.py:137} INFO - [2022-12-15T19:26:30.480+0000] {taskmixin.py:205} WARNING - Dependency <Task(BashOperator): delete_entry>, create_entry_gcs already registered for DAG: example_complex
[2022-12-15T19:26:30.481+0000] {logging_mixin.py:137} INFO - [2022-12-15T19:26:30.481+0000] {taskmixin.py:205} WARNING - Dependency <Task(BashOperator): create_tag>, delete_tag already registered for DAG: example_complex
[2022-12-15T19:26:30.481+0000] {logging_mixin.py:137} INFO - [2022-12-15T19:26:30.481+0000] {taskmixin.py:205} WARNING - Dependency <Task(BashOperator): delete_tag>, create_tag already registered for DAG: example_complex
[2022-12-15T19:26:30.490+0000] {processor.py:753} INFO - DAG(s) dict_keys(['example_complex']) retrieved from /home/airflow/.local/lib/python3.7/site-packages/airflow/example_dags/example_complex.py
[2022-12-15T19:26:30.533+0000] {logging_mixin.py:137} INFO - [2022-12-15T19:26:30.533+0000] {dag.py:2676} INFO - Sync 1 DAGs
[2022-12-15T19:26:30.558+0000] {logging_mixin.py:137} INFO - [2022-12-15T19:26:30.558+0000] {dag.py:3427} INFO - Setting next_dagrun for example_complex to None, run_after=None
[2022-12-15T19:26:30.575+0000] {processor.py:175} INFO - Processing /home/airflow/.local/lib/python3.7/site-packages/airflow/example_dags/example_complex.py took 0.118 seconds
[2022-12-15T19:27:01.711+0000] {processor.py:153} INFO - Started process (PID=240) to work on /home/airflow/.local/lib/python3.7/site-packages/airflow/example_dags/example_complex.py
[2022-12-15T19:27:01.712+0000] {processor.py:743} INFO - Processing file /home/airflow/.local/lib/python3.7/site-packages/airflow/example_dags/example_complex.py for tasks to queue
[2022-12-15T19:27:01.713+0000] {logging_mixin.py:137} INFO - [2022-12-15T19:27:01.713+0000] {dagbag.py:538} INFO - Filling up the DagBag from /home/airflow/.local/lib/python3.7/site-packages/airflow/example_dags/example_complex.py
[2022-12-15T19:27:01.732+0000] {logging_mixin.py:137} INFO - [2022-12-15T19:27:01.732+0000] {taskmixin.py:205} WARNING - Dependency <Task(BashOperator): create_entry_group>, delete_entry_group already registered for DAG: example_complex
[2022-12-15T19:27:01.732+0000] {logging_mixin.py:137} INFO - [2022-12-15T19:27:01.732+0000] {taskmixin.py:205} WARNING - Dependency <Task(BashOperator): delete_entry_group>, create_entry_group already registered for DAG: example_complex
[2022-12-15T19:27:01.733+0000] {logging_mixin.py:137} INFO - [2022-12-15T19:27:01.732+0000] {taskmixin.py:205} WARNING - Dependency <Task(BashOperator): create_entry_gcs>, delete_entry already registered for DAG: example_complex
[2022-12-15T19:27:01.733+0000] {logging_mixin.py:137} INFO - [2022-12-15T19:27:01.733+0000] {taskmixin.py:205} WARNING - Dependency <Task(BashOperator): delete_entry>, create_entry_gcs already registered for DAG: example_complex
[2022-12-15T19:27:01.733+0000] {logging_mixin.py:137} INFO - [2022-12-15T19:27:01.733+0000] {taskmixin.py:205} WARNING - Dependency <Task(BashOperator): create_tag>, delete_tag already registered for DAG: example_complex
[2022-12-15T19:27:01.734+0000] {logging_mixin.py:137} INFO - [2022-12-15T19:27:01.733+0000] {taskmixin.py:205} WARNING - Dependency <Task(BashOperator): delete_tag>, create_tag already registered for DAG: example_complex
[2022-12-15T19:27:01.744+0000] {processor.py:753} INFO - DAG(s) dict_keys(['example_complex']) retrieved from /home/airflow/.local/lib/python3.7/site-packages/airflow/example_dags/example_complex.py
[2022-12-15T19:27:01.812+0000] {logging_mixin.py:137} INFO - [2022-12-15T19:27:01.812+0000] {dag.py:2676} INFO - Sync 1 DAGs
[2022-12-15T19:27:01.859+0000] {logging_mixin.py:137} INFO - [2022-12-15T19:27:01.859+0000] {dag.py:3427} INFO - Setting next_dagrun for example_complex to None, run_after=None
[2022-12-15T19:27:01.889+0000] {processor.py:175} INFO - Processing /home/airflow/.local/lib/python3.7/site-packages/airflow/example_dags/example_complex.py took 0.182 seconds
