[2022-12-15T19:23:38.700+0000] {processor.py:153} INFO - Started process (PID=79) to work on /home/airflow/.local/lib/python3.7/site-packages/airflow/example_dags/example_latest_only.py
[2022-12-15T19:23:38.701+0000] {processor.py:743} INFO - Processing file /home/airflow/.local/lib/python3.7/site-packages/airflow/example_dags/example_latest_only.py for tasks to queue
[2022-12-15T19:23:38.701+0000] {logging_mixin.py:137} INFO - [2022-12-15T19:23:38.701+0000] {dagbag.py:538} INFO - Filling up the DagBag from /home/airflow/.local/lib/python3.7/site-packages/airflow/example_dags/example_latest_only.py
[2022-12-15T19:23:38.715+0000] {processor.py:753} INFO - DAG(s) dict_keys(['latest_only']) retrieved from /home/airflow/.local/lib/python3.7/site-packages/airflow/example_dags/example_latest_only.py
[2022-12-15T19:23:38.743+0000] {logging_mixin.py:137} INFO - [2022-12-15T19:23:38.742+0000] {dag.py:2676} INFO - Sync 1 DAGs
[2022-12-15T19:23:38.786+0000] {logging_mixin.py:137} INFO - [2022-12-15T19:23:38.785+0000] {dag.py:3427} INFO - Setting next_dagrun for latest_only to 2022-12-15T15:23:38.785651+00:00, run_after=2022-12-15T19:23:38.785651+00:00
[2022-12-15T19:23:38.812+0000] {processor.py:175} INFO - Processing /home/airflow/.local/lib/python3.7/site-packages/airflow/example_dags/example_latest_only.py took 0.115 seconds
[2022-12-15T19:24:08.972+0000] {processor.py:153} INFO - Started process (PID=149) to work on /home/airflow/.local/lib/python3.7/site-packages/airflow/example_dags/example_latest_only.py
[2022-12-15T19:24:08.973+0000] {processor.py:743} INFO - Processing file /home/airflow/.local/lib/python3.7/site-packages/airflow/example_dags/example_latest_only.py for tasks to queue
[2022-12-15T19:24:08.973+0000] {logging_mixin.py:137} INFO - [2022-12-15T19:24:08.973+0000] {dagbag.py:538} INFO - Filling up the DagBag from /home/airflow/.local/lib/python3.7/site-packages/airflow/example_dags/example_latest_only.py
[2022-12-15T19:24:08.988+0000] {processor.py:753} INFO - DAG(s) dict_keys(['latest_only']) retrieved from /home/airflow/.local/lib/python3.7/site-packages/airflow/example_dags/example_latest_only.py
[2022-12-15T19:24:09.027+0000] {logging_mixin.py:137} INFO - [2022-12-15T19:24:09.026+0000] {dag.py:2676} INFO - Sync 1 DAGs
[2022-12-15T19:24:09.054+0000] {logging_mixin.py:137} INFO - [2022-12-15T19:24:09.054+0000] {dag.py:3427} INFO - Setting next_dagrun for latest_only to 2022-12-15T15:24:09.054494+00:00, run_after=2022-12-15T19:24:09.054494+00:00
[2022-12-15T19:24:09.073+0000] {processor.py:175} INFO - Processing /home/airflow/.local/lib/python3.7/site-packages/airflow/example_dags/example_latest_only.py took 0.104 seconds
[2022-12-15T19:24:39.361+0000] {processor.py:153} INFO - Started process (PID=226) to work on /home/airflow/.local/lib/python3.7/site-packages/airflow/example_dags/example_latest_only.py
[2022-12-15T19:24:39.362+0000] {processor.py:743} INFO - Processing file /home/airflow/.local/lib/python3.7/site-packages/airflow/example_dags/example_latest_only.py for tasks to queue
[2022-12-15T19:24:39.363+0000] {logging_mixin.py:137} INFO - [2022-12-15T19:24:39.362+0000] {dagbag.py:538} INFO - Filling up the DagBag from /home/airflow/.local/lib/python3.7/site-packages/airflow/example_dags/example_latest_only.py
[2022-12-15T19:24:39.379+0000] {processor.py:753} INFO - DAG(s) dict_keys(['latest_only']) retrieved from /home/airflow/.local/lib/python3.7/site-packages/airflow/example_dags/example_latest_only.py
[2022-12-15T19:24:39.424+0000] {logging_mixin.py:137} INFO - [2022-12-15T19:24:39.424+0000] {dag.py:2676} INFO - Sync 1 DAGs
[2022-12-15T19:24:39.458+0000] {logging_mixin.py:137} INFO - [2022-12-15T19:24:39.458+0000] {dag.py:3427} INFO - Setting next_dagrun for latest_only to 2022-12-15T15:24:39.457930+00:00, run_after=2022-12-15T19:24:39.457930+00:00
[2022-12-15T19:24:39.487+0000] {processor.py:175} INFO - Processing /home/airflow/.local/lib/python3.7/site-packages/airflow/example_dags/example_latest_only.py took 0.129 seconds
[2022-12-15T19:25:12.824+0000] {processor.py:153} INFO - Started process (PID=305) to work on /home/airflow/.local/lib/python3.7/site-packages/airflow/example_dags/example_latest_only.py
[2022-12-15T19:25:12.826+0000] {processor.py:743} INFO - Processing file /home/airflow/.local/lib/python3.7/site-packages/airflow/example_dags/example_latest_only.py for tasks to queue
[2022-12-15T19:25:12.829+0000] {logging_mixin.py:137} INFO - [2022-12-15T19:25:12.828+0000] {dagbag.py:538} INFO - Filling up the DagBag from /home/airflow/.local/lib/python3.7/site-packages/airflow/example_dags/example_latest_only.py
[2022-12-15T19:25:12.877+0000] {processor.py:753} INFO - DAG(s) dict_keys(['latest_only']) retrieved from /home/airflow/.local/lib/python3.7/site-packages/airflow/example_dags/example_latest_only.py
[2022-12-15T19:25:12.972+0000] {logging_mixin.py:137} INFO - [2022-12-15T19:25:12.971+0000] {dag.py:2676} INFO - Sync 1 DAGs
[2022-12-15T19:25:13.080+0000] {logging_mixin.py:137} INFO - [2022-12-15T19:25:13.080+0000] {dag.py:3427} INFO - Setting next_dagrun for latest_only to 2022-12-15T15:25:13.079136+00:00, run_after=2022-12-15T19:25:13.079136+00:00
[2022-12-15T19:25:13.163+0000] {processor.py:175} INFO - Processing /home/airflow/.local/lib/python3.7/site-packages/airflow/example_dags/example_latest_only.py took 0.346 seconds
[2022-12-15T19:25:59.245+0000] {processor.py:153} INFO - Started process (PID=79) to work on /home/airflow/.local/lib/python3.7/site-packages/airflow/example_dags/example_latest_only.py
[2022-12-15T19:25:59.245+0000] {processor.py:743} INFO - Processing file /home/airflow/.local/lib/python3.7/site-packages/airflow/example_dags/example_latest_only.py for tasks to queue
[2022-12-15T19:25:59.246+0000] {logging_mixin.py:137} INFO - [2022-12-15T19:25:59.246+0000] {dagbag.py:538} INFO - Filling up the DagBag from /home/airflow/.local/lib/python3.7/site-packages/airflow/example_dags/example_latest_only.py
[2022-12-15T19:25:59.260+0000] {processor.py:753} INFO - DAG(s) dict_keys(['latest_only']) retrieved from /home/airflow/.local/lib/python3.7/site-packages/airflow/example_dags/example_latest_only.py
[2022-12-15T19:25:59.297+0000] {logging_mixin.py:137} INFO - [2022-12-15T19:25:59.297+0000] {dag.py:2676} INFO - Sync 1 DAGs
[2022-12-15T19:25:59.326+0000] {logging_mixin.py:137} INFO - [2022-12-15T19:25:59.326+0000] {dag.py:3427} INFO - Setting next_dagrun for latest_only to 2022-12-15T15:25:59.326058+00:00, run_after=2022-12-15T19:25:59.326058+00:00
[2022-12-15T19:25:59.349+0000] {processor.py:175} INFO - Processing /home/airflow/.local/lib/python3.7/site-packages/airflow/example_dags/example_latest_only.py took 0.107 seconds
[2022-12-15T19:26:29.733+0000] {processor.py:153} INFO - Started process (PID=148) to work on /home/airflow/.local/lib/python3.7/site-packages/airflow/example_dags/example_latest_only.py
[2022-12-15T19:26:29.734+0000] {processor.py:743} INFO - Processing file /home/airflow/.local/lib/python3.7/site-packages/airflow/example_dags/example_latest_only.py for tasks to queue
[2022-12-15T19:26:29.735+0000] {logging_mixin.py:137} INFO - [2022-12-15T19:26:29.734+0000] {dagbag.py:538} INFO - Filling up the DagBag from /home/airflow/.local/lib/python3.7/site-packages/airflow/example_dags/example_latest_only.py
[2022-12-15T19:26:29.750+0000] {processor.py:753} INFO - DAG(s) dict_keys(['latest_only']) retrieved from /home/airflow/.local/lib/python3.7/site-packages/airflow/example_dags/example_latest_only.py
[2022-12-15T19:26:29.792+0000] {logging_mixin.py:137} INFO - [2022-12-15T19:26:29.792+0000] {dag.py:2676} INFO - Sync 1 DAGs
[2022-12-15T19:26:29.827+0000] {logging_mixin.py:137} INFO - [2022-12-15T19:26:29.827+0000] {dag.py:3427} INFO - Setting next_dagrun for latest_only to 2022-12-15T15:26:29.826798+00:00, run_after=2022-12-15T19:26:29.826798+00:00
[2022-12-15T19:26:29.851+0000] {processor.py:175} INFO - Processing /home/airflow/.local/lib/python3.7/site-packages/airflow/example_dags/example_latest_only.py took 0.122 seconds
[2022-12-15T19:27:00.827+0000] {processor.py:153} INFO - Started process (PID=233) to work on /home/airflow/.local/lib/python3.7/site-packages/airflow/example_dags/example_latest_only.py
[2022-12-15T19:27:00.828+0000] {processor.py:743} INFO - Processing file /home/airflow/.local/lib/python3.7/site-packages/airflow/example_dags/example_latest_only.py for tasks to queue
[2022-12-15T19:27:00.829+0000] {logging_mixin.py:137} INFO - [2022-12-15T19:27:00.829+0000] {dagbag.py:538} INFO - Filling up the DagBag from /home/airflow/.local/lib/python3.7/site-packages/airflow/example_dags/example_latest_only.py
[2022-12-15T19:27:00.849+0000] {processor.py:753} INFO - DAG(s) dict_keys(['latest_only']) retrieved from /home/airflow/.local/lib/python3.7/site-packages/airflow/example_dags/example_latest_only.py
[2022-12-15T19:27:00.901+0000] {logging_mixin.py:137} INFO - [2022-12-15T19:27:00.900+0000] {dag.py:2676} INFO - Sync 1 DAGs
[2022-12-15T19:27:00.942+0000] {logging_mixin.py:137} INFO - [2022-12-15T19:27:00.942+0000] {dag.py:3427} INFO - Setting next_dagrun for latest_only to 2022-12-15T15:27:00.941812+00:00, run_after=2022-12-15T19:27:00.941812+00:00
[2022-12-15T19:27:00.975+0000] {processor.py:175} INFO - Processing /home/airflow/.local/lib/python3.7/site-packages/airflow/example_dags/example_latest_only.py took 0.153 seconds
