[2022-12-15T19:23:38.883+0000] {processor.py:153} INFO - Started process (PID=82) to work on /home/airflow/.local/lib/python3.7/site-packages/airflow/example_dags/example_branch_labels.py
[2022-12-15T19:23:38.883+0000] {processor.py:743} INFO - Processing file /home/airflow/.local/lib/python3.7/site-packages/airflow/example_dags/example_branch_labels.py for tasks to queue
[2022-12-15T19:23:38.884+0000] {logging_mixin.py:137} INFO - [2022-12-15T19:23:38.884+0000] {dagbag.py:538} INFO - Filling up the DagBag from /home/airflow/.local/lib/python3.7/site-packages/airflow/example_dags/example_branch_labels.py
[2022-12-15T19:23:38.899+0000] {processor.py:753} INFO - DAG(s) dict_keys(['example_branch_labels']) retrieved from /home/airflow/.local/lib/python3.7/site-packages/airflow/example_dags/example_branch_labels.py
[2022-12-15T19:23:38.925+0000] {logging_mixin.py:137} INFO - [2022-12-15T19:23:38.925+0000] {dag.py:2676} INFO - Sync 1 DAGs
[2022-12-15T19:23:38.962+0000] {logging_mixin.py:137} INFO - [2022-12-15T19:23:38.962+0000] {dag.py:3427} INFO - Setting next_dagrun for example_branch_labels to 2022-12-14T00:00:00+00:00, run_after=2022-12-15T00:00:00+00:00
[2022-12-15T19:23:38.984+0000] {processor.py:175} INFO - Processing /home/airflow/.local/lib/python3.7/site-packages/airflow/example_dags/example_branch_labels.py took 0.104 seconds
[2022-12-15T19:24:09.152+0000] {processor.py:153} INFO - Started process (PID=152) to work on /home/airflow/.local/lib/python3.7/site-packages/airflow/example_dags/example_branch_labels.py
[2022-12-15T19:24:09.153+0000] {processor.py:743} INFO - Processing file /home/airflow/.local/lib/python3.7/site-packages/airflow/example_dags/example_branch_labels.py for tasks to queue
[2022-12-15T19:24:09.153+0000] {logging_mixin.py:137} INFO - [2022-12-15T19:24:09.153+0000] {dagbag.py:538} INFO - Filling up the DagBag from /home/airflow/.local/lib/python3.7/site-packages/airflow/example_dags/example_branch_labels.py
[2022-12-15T19:24:09.169+0000] {processor.py:753} INFO - DAG(s) dict_keys(['example_branch_labels']) retrieved from /home/airflow/.local/lib/python3.7/site-packages/airflow/example_dags/example_branch_labels.py
[2022-12-15T19:24:09.204+0000] {logging_mixin.py:137} INFO - [2022-12-15T19:24:09.204+0000] {dag.py:2676} INFO - Sync 1 DAGs
[2022-12-15T19:24:09.234+0000] {logging_mixin.py:137} INFO - [2022-12-15T19:24:09.234+0000] {dag.py:3427} INFO - Setting next_dagrun for example_branch_labels to 2022-12-14T00:00:00+00:00, run_after=2022-12-15T00:00:00+00:00
[2022-12-15T19:24:09.253+0000] {processor.py:175} INFO - Processing /home/airflow/.local/lib/python3.7/site-packages/airflow/example_dags/example_branch_labels.py took 0.103 seconds
[2022-12-15T19:24:39.672+0000] {processor.py:153} INFO - Started process (PID=231) to work on /home/airflow/.local/lib/python3.7/site-packages/airflow/example_dags/example_branch_labels.py
[2022-12-15T19:24:39.673+0000] {processor.py:743} INFO - Processing file /home/airflow/.local/lib/python3.7/site-packages/airflow/example_dags/example_branch_labels.py for tasks to queue
[2022-12-15T19:24:39.673+0000] {logging_mixin.py:137} INFO - [2022-12-15T19:24:39.673+0000] {dagbag.py:538} INFO - Filling up the DagBag from /home/airflow/.local/lib/python3.7/site-packages/airflow/example_dags/example_branch_labels.py
[2022-12-15T19:24:39.694+0000] {processor.py:753} INFO - DAG(s) dict_keys(['example_branch_labels']) retrieved from /home/airflow/.local/lib/python3.7/site-packages/airflow/example_dags/example_branch_labels.py
[2022-12-15T19:24:39.745+0000] {logging_mixin.py:137} INFO - [2022-12-15T19:24:39.745+0000] {dag.py:2676} INFO - Sync 1 DAGs
[2022-12-15T19:24:39.792+0000] {logging_mixin.py:137} INFO - [2022-12-15T19:24:39.791+0000] {dag.py:3427} INFO - Setting next_dagrun for example_branch_labels to 2022-12-14T00:00:00+00:00, run_after=2022-12-15T00:00:00+00:00
[2022-12-15T19:24:39.820+0000] {processor.py:175} INFO - Processing /home/airflow/.local/lib/python3.7/site-packages/airflow/example_dags/example_branch_labels.py took 0.151 seconds
[2022-12-15T19:25:59.508+0000] {processor.py:153} INFO - Started process (PID=82) to work on /home/airflow/.local/lib/python3.7/site-packages/airflow/example_dags/example_branch_labels.py
[2022-12-15T19:25:59.509+0000] {processor.py:743} INFO - Processing file /home/airflow/.local/lib/python3.7/site-packages/airflow/example_dags/example_branch_labels.py for tasks to queue
[2022-12-15T19:25:59.510+0000] {logging_mixin.py:137} INFO - [2022-12-15T19:25:59.510+0000] {dagbag.py:538} INFO - Filling up the DagBag from /home/airflow/.local/lib/python3.7/site-packages/airflow/example_dags/example_branch_labels.py
[2022-12-15T19:25:59.525+0000] {processor.py:753} INFO - DAG(s) dict_keys(['example_branch_labels']) retrieved from /home/airflow/.local/lib/python3.7/site-packages/airflow/example_dags/example_branch_labels.py
[2022-12-15T19:25:59.564+0000] {logging_mixin.py:137} INFO - [2022-12-15T19:25:59.564+0000] {dag.py:2676} INFO - Sync 1 DAGs
[2022-12-15T19:25:59.593+0000] {logging_mixin.py:137} INFO - [2022-12-15T19:25:59.593+0000] {dag.py:3427} INFO - Setting next_dagrun for example_branch_labels to 2022-12-14T00:00:00+00:00, run_after=2022-12-15T00:00:00+00:00
[2022-12-15T19:25:59.612+0000] {processor.py:175} INFO - Processing /home/airflow/.local/lib/python3.7/site-packages/airflow/example_dags/example_branch_labels.py took 0.107 seconds
[2022-12-15T19:26:30.038+0000] {processor.py:153} INFO - Started process (PID=151) to work on /home/airflow/.local/lib/python3.7/site-packages/airflow/example_dags/example_branch_labels.py
[2022-12-15T19:26:30.039+0000] {processor.py:743} INFO - Processing file /home/airflow/.local/lib/python3.7/site-packages/airflow/example_dags/example_branch_labels.py for tasks to queue
[2022-12-15T19:26:30.040+0000] {logging_mixin.py:137} INFO - [2022-12-15T19:26:30.039+0000] {dagbag.py:538} INFO - Filling up the DagBag from /home/airflow/.local/lib/python3.7/site-packages/airflow/example_dags/example_branch_labels.py
[2022-12-15T19:26:30.058+0000] {processor.py:753} INFO - DAG(s) dict_keys(['example_branch_labels']) retrieved from /home/airflow/.local/lib/python3.7/site-packages/airflow/example_dags/example_branch_labels.py
[2022-12-15T19:26:30.094+0000] {logging_mixin.py:137} INFO - [2022-12-15T19:26:30.094+0000] {dag.py:2676} INFO - Sync 1 DAGs
[2022-12-15T19:26:30.123+0000] {logging_mixin.py:137} INFO - [2022-12-15T19:26:30.123+0000] {dag.py:3427} INFO - Setting next_dagrun for example_branch_labels to 2022-12-14T00:00:00+00:00, run_after=2022-12-15T00:00:00+00:00
[2022-12-15T19:26:30.141+0000] {processor.py:175} INFO - Processing /home/airflow/.local/lib/python3.7/site-packages/airflow/example_dags/example_branch_labels.py took 0.106 seconds
[2022-12-15T19:27:01.199+0000] {processor.py:153} INFO - Started process (PID=236) to work on /home/airflow/.local/lib/python3.7/site-packages/airflow/example_dags/example_branch_labels.py
[2022-12-15T19:27:01.200+0000] {processor.py:743} INFO - Processing file /home/airflow/.local/lib/python3.7/site-packages/airflow/example_dags/example_branch_labels.py for tasks to queue
[2022-12-15T19:27:01.201+0000] {logging_mixin.py:137} INFO - [2022-12-15T19:27:01.200+0000] {dagbag.py:538} INFO - Filling up the DagBag from /home/airflow/.local/lib/python3.7/site-packages/airflow/example_dags/example_branch_labels.py
[2022-12-15T19:27:01.220+0000] {processor.py:753} INFO - DAG(s) dict_keys(['example_branch_labels']) retrieved from /home/airflow/.local/lib/python3.7/site-packages/airflow/example_dags/example_branch_labels.py
[2022-12-15T19:27:01.300+0000] {logging_mixin.py:137} INFO - [2022-12-15T19:27:01.300+0000] {dag.py:2676} INFO - Sync 1 DAGs
[2022-12-15T19:27:01.345+0000] {logging_mixin.py:137} INFO - [2022-12-15T19:27:01.345+0000] {dag.py:3427} INFO - Setting next_dagrun for example_branch_labels to 2022-12-14T00:00:00+00:00, run_after=2022-12-15T00:00:00+00:00
[2022-12-15T19:27:01.381+0000] {processor.py:175} INFO - Processing /home/airflow/.local/lib/python3.7/site-packages/airflow/example_dags/example_branch_labels.py took 0.185 seconds
