[2022-12-15T19:23:38.446+0000] {processor.py:153} INFO - Started process (PID=76) to work on /home/airflow/.local/lib/python3.7/site-packages/airflow/example_dags/example_datasets.py
[2022-12-15T19:23:38.447+0000] {processor.py:743} INFO - Processing file /home/airflow/.local/lib/python3.7/site-packages/airflow/example_dags/example_datasets.py for tasks to queue
[2022-12-15T19:23:38.448+0000] {logging_mixin.py:137} INFO - [2022-12-15T19:23:38.448+0000] {dagbag.py:538} INFO - Filling up the DagBag from /home/airflow/.local/lib/python3.7/site-packages/airflow/example_dags/example_datasets.py
[2022-12-15T19:23:38.470+0000] {processor.py:753} INFO - DAG(s) dict_keys(['dataset_consumes_1', 'dataset_consumes_1_never_scheduled', 'dataset_consumes_unknown_never_scheduled', 'dataset_consumes_1_and_2', 'dataset_produces_1', 'dataset_produces_2']) retrieved from /home/airflow/.local/lib/python3.7/site-packages/airflow/example_dags/example_datasets.py
[2022-12-15T19:23:38.508+0000] {logging_mixin.py:137} INFO - [2022-12-15T19:23:38.508+0000] {dag.py:2676} INFO - Sync 6 DAGs
[2022-12-15T19:23:38.545+0000] {logging_mixin.py:137} INFO - [2022-12-15T19:23:38.545+0000] {dag.py:3427} INFO - Setting next_dagrun for dataset_consumes_1 to None, run_after=None
[2022-12-15T19:23:38.549+0000] {logging_mixin.py:137} INFO - [2022-12-15T19:23:38.549+0000] {dag.py:3427} INFO - Setting next_dagrun for dataset_consumes_1_and_2 to None, run_after=None
[2022-12-15T19:23:38.550+0000] {logging_mixin.py:137} INFO - [2022-12-15T19:23:38.550+0000] {dag.py:3427} INFO - Setting next_dagrun for dataset_consumes_1_never_scheduled to None, run_after=None
[2022-12-15T19:23:38.552+0000] {logging_mixin.py:137} INFO - [2022-12-15T19:23:38.552+0000] {dag.py:3427} INFO - Setting next_dagrun for dataset_consumes_unknown_never_scheduled to None, run_after=None
[2022-12-15T19:23:38.556+0000] {logging_mixin.py:137} INFO - [2022-12-15T19:23:38.556+0000] {dag.py:3427} INFO - Setting next_dagrun for dataset_produces_1 to 2022-12-14T00:00:00+00:00, run_after=2022-12-15T00:00:00+00:00
[2022-12-15T19:23:38.558+0000] {logging_mixin.py:137} INFO - [2022-12-15T19:23:38.558+0000] {dag.py:3427} INFO - Setting next_dagrun for dataset_produces_2 to None, run_after=None
[2022-12-15T19:23:38.595+0000] {processor.py:175} INFO - Processing /home/airflow/.local/lib/python3.7/site-packages/airflow/example_dags/example_datasets.py took 0.152 seconds
[2022-12-15T19:24:08.727+0000] {processor.py:153} INFO - Started process (PID=146) to work on /home/airflow/.local/lib/python3.7/site-packages/airflow/example_dags/example_datasets.py
[2022-12-15T19:24:08.728+0000] {processor.py:743} INFO - Processing file /home/airflow/.local/lib/python3.7/site-packages/airflow/example_dags/example_datasets.py for tasks to queue
[2022-12-15T19:24:08.729+0000] {logging_mixin.py:137} INFO - [2022-12-15T19:24:08.728+0000] {dagbag.py:538} INFO - Filling up the DagBag from /home/airflow/.local/lib/python3.7/site-packages/airflow/example_dags/example_datasets.py
[2022-12-15T19:24:08.750+0000] {processor.py:753} INFO - DAG(s) dict_keys(['dataset_produces_1', 'dataset_consumes_1', 'dataset_consumes_unknown_never_scheduled', 'dataset_consumes_1_never_scheduled', 'dataset_produces_2', 'dataset_consumes_1_and_2']) retrieved from /home/airflow/.local/lib/python3.7/site-packages/airflow/example_dags/example_datasets.py
[2022-12-15T19:24:08.872+0000] {logging_mixin.py:137} INFO - [2022-12-15T19:24:08.872+0000] {dag.py:2676} INFO - Sync 6 DAGs
[2022-12-15T19:24:08.903+0000] {logging_mixin.py:137} INFO - [2022-12-15T19:24:08.903+0000] {dag.py:3427} INFO - Setting next_dagrun for dataset_consumes_1 to None, run_after=None
[2022-12-15T19:24:08.907+0000] {logging_mixin.py:137} INFO - [2022-12-15T19:24:08.906+0000] {dag.py:3427} INFO - Setting next_dagrun for dataset_consumes_1_and_2 to None, run_after=None
[2022-12-15T19:24:08.908+0000] {logging_mixin.py:137} INFO - [2022-12-15T19:24:08.908+0000] {dag.py:3427} INFO - Setting next_dagrun for dataset_consumes_1_never_scheduled to None, run_after=None
[2022-12-15T19:24:08.909+0000] {logging_mixin.py:137} INFO - [2022-12-15T19:24:08.909+0000] {dag.py:3427} INFO - Setting next_dagrun for dataset_consumes_unknown_never_scheduled to None, run_after=None
[2022-12-15T19:24:08.913+0000] {logging_mixin.py:137} INFO - [2022-12-15T19:24:08.912+0000] {dag.py:3427} INFO - Setting next_dagrun for dataset_produces_1 to 2022-12-14T00:00:00+00:00, run_after=2022-12-15T00:00:00+00:00
[2022-12-15T19:24:08.914+0000] {logging_mixin.py:137} INFO - [2022-12-15T19:24:08.914+0000] {dag.py:3427} INFO - Setting next_dagrun for dataset_produces_2 to None, run_after=None
[2022-12-15T19:24:08.953+0000] {processor.py:175} INFO - Processing /home/airflow/.local/lib/python3.7/site-packages/airflow/example_dags/example_datasets.py took 0.229 seconds
[2022-12-15T19:24:39.065+0000] {processor.py:153} INFO - Started process (PID=216) to work on /home/airflow/.local/lib/python3.7/site-packages/airflow/example_dags/example_datasets.py
[2022-12-15T19:24:39.066+0000] {processor.py:743} INFO - Processing file /home/airflow/.local/lib/python3.7/site-packages/airflow/example_dags/example_datasets.py for tasks to queue
[2022-12-15T19:24:39.067+0000] {logging_mixin.py:137} INFO - [2022-12-15T19:24:39.066+0000] {dagbag.py:538} INFO - Filling up the DagBag from /home/airflow/.local/lib/python3.7/site-packages/airflow/example_dags/example_datasets.py
[2022-12-15T19:24:39.085+0000] {processor.py:753} INFO - DAG(s) dict_keys(['dataset_consumes_unknown_never_scheduled', 'dataset_consumes_1_never_scheduled', 'dataset_consumes_1_and_2', 'dataset_produces_1', 'dataset_consumes_1', 'dataset_produces_2']) retrieved from /home/airflow/.local/lib/python3.7/site-packages/airflow/example_dags/example_datasets.py
[2022-12-15T19:24:39.160+0000] {logging_mixin.py:137} INFO - [2022-12-15T19:24:39.160+0000] {dag.py:2676} INFO - Sync 6 DAGs
[2022-12-15T19:24:39.195+0000] {logging_mixin.py:137} INFO - [2022-12-15T19:24:39.195+0000] {dag.py:3427} INFO - Setting next_dagrun for dataset_consumes_1 to None, run_after=None
[2022-12-15T19:24:39.199+0000] {logging_mixin.py:137} INFO - [2022-12-15T19:24:39.199+0000] {dag.py:3427} INFO - Setting next_dagrun for dataset_consumes_1_and_2 to None, run_after=None
[2022-12-15T19:24:39.201+0000] {logging_mixin.py:137} INFO - [2022-12-15T19:24:39.201+0000] {dag.py:3427} INFO - Setting next_dagrun for dataset_consumes_1_never_scheduled to None, run_after=None
[2022-12-15T19:24:39.202+0000] {logging_mixin.py:137} INFO - [2022-12-15T19:24:39.202+0000] {dag.py:3427} INFO - Setting next_dagrun for dataset_consumes_unknown_never_scheduled to None, run_after=None
[2022-12-15T19:24:39.205+0000] {logging_mixin.py:137} INFO - [2022-12-15T19:24:39.205+0000] {dag.py:3427} INFO - Setting next_dagrun for dataset_produces_1 to 2022-12-14T00:00:00+00:00, run_after=2022-12-15T00:00:00+00:00
[2022-12-15T19:24:39.207+0000] {logging_mixin.py:137} INFO - [2022-12-15T19:24:39.207+0000] {dag.py:3427} INFO - Setting next_dagrun for dataset_produces_2 to None, run_after=None
[2022-12-15T19:24:39.248+0000] {processor.py:175} INFO - Processing /home/airflow/.local/lib/python3.7/site-packages/airflow/example_dags/example_datasets.py took 0.187 seconds
[2022-12-15T19:25:12.351+0000] {processor.py:153} INFO - Started process (PID=302) to work on /home/airflow/.local/lib/python3.7/site-packages/airflow/example_dags/example_datasets.py
[2022-12-15T19:25:12.352+0000] {processor.py:743} INFO - Processing file /home/airflow/.local/lib/python3.7/site-packages/airflow/example_dags/example_datasets.py for tasks to queue
[2022-12-15T19:25:12.353+0000] {logging_mixin.py:137} INFO - [2022-12-15T19:25:12.353+0000] {dagbag.py:538} INFO - Filling up the DagBag from /home/airflow/.local/lib/python3.7/site-packages/airflow/example_dags/example_datasets.py
[2022-12-15T19:25:12.390+0000] {processor.py:753} INFO - DAG(s) dict_keys(['dataset_consumes_1_and_2', 'dataset_produces_2', 'dataset_consumes_1', 'dataset_consumes_1_never_scheduled', 'dataset_consumes_unknown_never_scheduled', 'dataset_produces_1']) retrieved from /home/airflow/.local/lib/python3.7/site-packages/airflow/example_dags/example_datasets.py
[2022-12-15T19:25:12.467+0000] {logging_mixin.py:137} INFO - [2022-12-15T19:25:12.467+0000] {dag.py:2676} INFO - Sync 6 DAGs
[2022-12-15T19:25:12.554+0000] {logging_mixin.py:137} INFO - [2022-12-15T19:25:12.554+0000] {dag.py:3427} INFO - Setting next_dagrun for dataset_consumes_1 to None, run_after=None
[2022-12-15T19:25:12.565+0000] {logging_mixin.py:137} INFO - [2022-12-15T19:25:12.564+0000] {dag.py:3427} INFO - Setting next_dagrun for dataset_consumes_1_and_2 to None, run_after=None
[2022-12-15T19:25:12.570+0000] {logging_mixin.py:137} INFO - [2022-12-15T19:25:12.569+0000] {dag.py:3427} INFO - Setting next_dagrun for dataset_consumes_1_never_scheduled to None, run_after=None
[2022-12-15T19:25:12.575+0000] {logging_mixin.py:137} INFO - [2022-12-15T19:25:12.574+0000] {dag.py:3427} INFO - Setting next_dagrun for dataset_consumes_unknown_never_scheduled to None, run_after=None
[2022-12-15T19:25:12.584+0000] {logging_mixin.py:137} INFO - [2022-12-15T19:25:12.584+0000] {dag.py:3427} INFO - Setting next_dagrun for dataset_produces_1 to 2022-12-14T00:00:00+00:00, run_after=2022-12-15T00:00:00+00:00
[2022-12-15T19:25:12.588+0000] {logging_mixin.py:137} INFO - [2022-12-15T19:25:12.587+0000] {dag.py:3427} INFO - Setting next_dagrun for dataset_produces_2 to None, run_after=None
[2022-12-15T19:25:12.702+0000] {processor.py:175} INFO - Processing /home/airflow/.local/lib/python3.7/site-packages/airflow/example_dags/example_datasets.py took 0.358 seconds
[2022-12-15T19:25:59.012+0000] {processor.py:153} INFO - Started process (PID=76) to work on /home/airflow/.local/lib/python3.7/site-packages/airflow/example_dags/example_datasets.py
[2022-12-15T19:25:59.013+0000] {processor.py:743} INFO - Processing file /home/airflow/.local/lib/python3.7/site-packages/airflow/example_dags/example_datasets.py for tasks to queue
[2022-12-15T19:25:59.014+0000] {logging_mixin.py:137} INFO - [2022-12-15T19:25:59.014+0000] {dagbag.py:538} INFO - Filling up the DagBag from /home/airflow/.local/lib/python3.7/site-packages/airflow/example_dags/example_datasets.py
[2022-12-15T19:25:59.032+0000] {processor.py:753} INFO - DAG(s) dict_keys(['dataset_consumes_1_never_scheduled', 'dataset_consumes_1', 'dataset_consumes_1_and_2', 'dataset_produces_2', 'dataset_consumes_unknown_never_scheduled', 'dataset_produces_1']) retrieved from /home/airflow/.local/lib/python3.7/site-packages/airflow/example_dags/example_datasets.py
[2022-12-15T19:25:59.141+0000] {logging_mixin.py:137} INFO - [2022-12-15T19:25:59.140+0000] {dag.py:2676} INFO - Sync 6 DAGs
[2022-12-15T19:25:59.168+0000] {logging_mixin.py:137} INFO - [2022-12-15T19:25:59.168+0000] {dag.py:3427} INFO - Setting next_dagrun for dataset_consumes_1 to None, run_after=None
[2022-12-15T19:25:59.172+0000] {logging_mixin.py:137} INFO - [2022-12-15T19:25:59.172+0000] {dag.py:3427} INFO - Setting next_dagrun for dataset_consumes_1_and_2 to None, run_after=None
[2022-12-15T19:25:59.173+0000] {logging_mixin.py:137} INFO - [2022-12-15T19:25:59.173+0000] {dag.py:3427} INFO - Setting next_dagrun for dataset_consumes_1_never_scheduled to None, run_after=None
[2022-12-15T19:25:59.174+0000] {logging_mixin.py:137} INFO - [2022-12-15T19:25:59.174+0000] {dag.py:3427} INFO - Setting next_dagrun for dataset_consumes_unknown_never_scheduled to None, run_after=None
[2022-12-15T19:25:59.178+0000] {logging_mixin.py:137} INFO - [2022-12-15T19:25:59.177+0000] {dag.py:3427} INFO - Setting next_dagrun for dataset_produces_1 to 2022-12-14T00:00:00+00:00, run_after=2022-12-15T00:00:00+00:00
[2022-12-15T19:25:59.179+0000] {logging_mixin.py:137} INFO - [2022-12-15T19:25:59.179+0000] {dag.py:3427} INFO - Setting next_dagrun for dataset_produces_2 to None, run_after=None
[2022-12-15T19:25:59.220+0000] {processor.py:175} INFO - Processing /home/airflow/.local/lib/python3.7/site-packages/airflow/example_dags/example_datasets.py took 0.210 seconds
[2022-12-15T19:26:29.542+0000] {processor.py:153} INFO - Started process (PID=145) to work on /home/airflow/.local/lib/python3.7/site-packages/airflow/example_dags/example_datasets.py
[2022-12-15T19:26:29.542+0000] {processor.py:743} INFO - Processing file /home/airflow/.local/lib/python3.7/site-packages/airflow/example_dags/example_datasets.py for tasks to queue
[2022-12-15T19:26:29.543+0000] {logging_mixin.py:137} INFO - [2022-12-15T19:26:29.543+0000] {dagbag.py:538} INFO - Filling up the DagBag from /home/airflow/.local/lib/python3.7/site-packages/airflow/example_dags/example_datasets.py
[2022-12-15T19:26:29.566+0000] {processor.py:753} INFO - DAG(s) dict_keys(['dataset_consumes_1', 'dataset_produces_1', 'dataset_produces_2', 'dataset_consumes_1_and_2', 'dataset_consumes_1_never_scheduled', 'dataset_consumes_unknown_never_scheduled']) retrieved from /home/airflow/.local/lib/python3.7/site-packages/airflow/example_dags/example_datasets.py
[2022-12-15T19:26:29.628+0000] {logging_mixin.py:137} INFO - [2022-12-15T19:26:29.627+0000] {dag.py:2676} INFO - Sync 6 DAGs
[2022-12-15T19:26:29.658+0000] {logging_mixin.py:137} INFO - [2022-12-15T19:26:29.658+0000] {dag.py:3427} INFO - Setting next_dagrun for dataset_consumes_1 to None, run_after=None
[2022-12-15T19:26:29.662+0000] {logging_mixin.py:137} INFO - [2022-12-15T19:26:29.661+0000] {dag.py:3427} INFO - Setting next_dagrun for dataset_consumes_1_and_2 to None, run_after=None
[2022-12-15T19:26:29.663+0000] {logging_mixin.py:137} INFO - [2022-12-15T19:26:29.663+0000] {dag.py:3427} INFO - Setting next_dagrun for dataset_consumes_1_never_scheduled to None, run_after=None
[2022-12-15T19:26:29.664+0000] {logging_mixin.py:137} INFO - [2022-12-15T19:26:29.664+0000] {dag.py:3427} INFO - Setting next_dagrun for dataset_consumes_unknown_never_scheduled to None, run_after=None
[2022-12-15T19:26:29.668+0000] {logging_mixin.py:137} INFO - [2022-12-15T19:26:29.667+0000] {dag.py:3427} INFO - Setting next_dagrun for dataset_produces_1 to 2022-12-14T00:00:00+00:00, run_after=2022-12-15T00:00:00+00:00
[2022-12-15T19:26:29.669+0000] {logging_mixin.py:137} INFO - [2022-12-15T19:26:29.669+0000] {dag.py:3427} INFO - Setting next_dagrun for dataset_produces_2 to None, run_after=None
[2022-12-15T19:26:29.707+0000] {processor.py:175} INFO - Processing /home/airflow/.local/lib/python3.7/site-packages/airflow/example_dags/example_datasets.py took 0.168 seconds
[2022-12-15T19:27:00.520+0000] {processor.py:153} INFO - Started process (PID=230) to work on /home/airflow/.local/lib/python3.7/site-packages/airflow/example_dags/example_datasets.py
[2022-12-15T19:27:00.521+0000] {processor.py:743} INFO - Processing file /home/airflow/.local/lib/python3.7/site-packages/airflow/example_dags/example_datasets.py for tasks to queue
[2022-12-15T19:27:00.522+0000] {logging_mixin.py:137} INFO - [2022-12-15T19:27:00.522+0000] {dagbag.py:538} INFO - Filling up the DagBag from /home/airflow/.local/lib/python3.7/site-packages/airflow/example_dags/example_datasets.py
[2022-12-15T19:27:00.553+0000] {processor.py:753} INFO - DAG(s) dict_keys(['dataset_consumes_1', 'dataset_produces_2', 'dataset_consumes_1_never_scheduled', 'dataset_consumes_1_and_2', 'dataset_produces_1', 'dataset_consumes_unknown_never_scheduled']) retrieved from /home/airflow/.local/lib/python3.7/site-packages/airflow/example_dags/example_datasets.py
[2022-12-15T19:27:00.657+0000] {logging_mixin.py:137} INFO - [2022-12-15T19:27:00.656+0000] {dag.py:2676} INFO - Sync 6 DAGs
[2022-12-15T19:27:00.701+0000] {logging_mixin.py:137} INFO - [2022-12-15T19:27:00.701+0000] {dag.py:3427} INFO - Setting next_dagrun for dataset_consumes_1 to None, run_after=None
[2022-12-15T19:27:00.706+0000] {logging_mixin.py:137} INFO - [2022-12-15T19:27:00.706+0000] {dag.py:3427} INFO - Setting next_dagrun for dataset_consumes_1_and_2 to None, run_after=None
[2022-12-15T19:27:00.708+0000] {logging_mixin.py:137} INFO - [2022-12-15T19:27:00.707+0000] {dag.py:3427} INFO - Setting next_dagrun for dataset_consumes_1_never_scheduled to None, run_after=None
[2022-12-15T19:27:00.709+0000] {logging_mixin.py:137} INFO - [2022-12-15T19:27:00.709+0000] {dag.py:3427} INFO - Setting next_dagrun for dataset_consumes_unknown_never_scheduled to None, run_after=None
[2022-12-15T19:27:00.714+0000] {logging_mixin.py:137} INFO - [2022-12-15T19:27:00.713+0000] {dag.py:3427} INFO - Setting next_dagrun for dataset_produces_1 to 2022-12-14T00:00:00+00:00, run_after=2022-12-15T00:00:00+00:00
[2022-12-15T19:27:00.716+0000] {logging_mixin.py:137} INFO - [2022-12-15T19:27:00.715+0000] {dag.py:3427} INFO - Setting next_dagrun for dataset_produces_2 to None, run_after=None
[2022-12-15T19:27:00.767+0000] {processor.py:175} INFO - Processing /home/airflow/.local/lib/python3.7/site-packages/airflow/example_dags/example_datasets.py took 0.251 seconds
