[2022-12-15T19:23:37.040+0000] {processor.py:153} INFO - Started process (PID=62) to work on /home/airflow/.local/lib/python3.7/site-packages/airflow/example_dags/example_trigger_target_dag.py
[2022-12-15T19:23:37.041+0000] {processor.py:743} INFO - Processing file /home/airflow/.local/lib/python3.7/site-packages/airflow/example_dags/example_trigger_target_dag.py for tasks to queue
[2022-12-15T19:23:37.042+0000] {logging_mixin.py:137} INFO - [2022-12-15T19:23:37.042+0000] {dagbag.py:538} INFO - Filling up the DagBag from /home/airflow/.local/lib/python3.7/site-packages/airflow/example_dags/example_trigger_target_dag.py
[2022-12-15T19:23:37.091+0000] {processor.py:753} INFO - DAG(s) dict_keys(['example_trigger_target_dag']) retrieved from /home/airflow/.local/lib/python3.7/site-packages/airflow/example_dags/example_trigger_target_dag.py
[2022-12-15T19:23:37.128+0000] {logging_mixin.py:137} INFO - [2022-12-15T19:23:37.128+0000] {dag.py:2676} INFO - Sync 1 DAGs
[2022-12-15T19:23:37.169+0000] {logging_mixin.py:137} INFO - [2022-12-15T19:23:37.169+0000] {dag.py:3427} INFO - Setting next_dagrun for example_trigger_target_dag to None, run_after=None
[2022-12-15T19:23:37.202+0000] {processor.py:175} INFO - Processing /home/airflow/.local/lib/python3.7/site-packages/airflow/example_dags/example_trigger_target_dag.py took 0.166 seconds
[2022-12-15T19:24:07.430+0000] {processor.py:153} INFO - Started process (PID=132) to work on /home/airflow/.local/lib/python3.7/site-packages/airflow/example_dags/example_trigger_target_dag.py
[2022-12-15T19:24:07.430+0000] {processor.py:743} INFO - Processing file /home/airflow/.local/lib/python3.7/site-packages/airflow/example_dags/example_trigger_target_dag.py for tasks to queue
[2022-12-15T19:24:07.431+0000] {logging_mixin.py:137} INFO - [2022-12-15T19:24:07.431+0000] {dagbag.py:538} INFO - Filling up the DagBag from /home/airflow/.local/lib/python3.7/site-packages/airflow/example_dags/example_trigger_target_dag.py
[2022-12-15T19:24:07.462+0000] {processor.py:753} INFO - DAG(s) dict_keys(['example_trigger_target_dag']) retrieved from /home/airflow/.local/lib/python3.7/site-packages/airflow/example_dags/example_trigger_target_dag.py
[2022-12-15T19:24:07.502+0000] {logging_mixin.py:137} INFO - [2022-12-15T19:24:07.502+0000] {dag.py:2676} INFO - Sync 1 DAGs
[2022-12-15T19:24:07.534+0000] {logging_mixin.py:137} INFO - [2022-12-15T19:24:07.534+0000] {dag.py:3427} INFO - Setting next_dagrun for example_trigger_target_dag to None, run_after=None
[2022-12-15T19:24:07.553+0000] {processor.py:175} INFO - Processing /home/airflow/.local/lib/python3.7/site-packages/airflow/example_dags/example_trigger_target_dag.py took 0.126 seconds
[2022-12-15T19:24:37.811+0000] {processor.py:153} INFO - Started process (PID=202) to work on /home/airflow/.local/lib/python3.7/site-packages/airflow/example_dags/example_trigger_target_dag.py
[2022-12-15T19:24:37.812+0000] {processor.py:743} INFO - Processing file /home/airflow/.local/lib/python3.7/site-packages/airflow/example_dags/example_trigger_target_dag.py for tasks to queue
[2022-12-15T19:24:37.812+0000] {logging_mixin.py:137} INFO - [2022-12-15T19:24:37.812+0000] {dagbag.py:538} INFO - Filling up the DagBag from /home/airflow/.local/lib/python3.7/site-packages/airflow/example_dags/example_trigger_target_dag.py
[2022-12-15T19:24:37.836+0000] {processor.py:753} INFO - DAG(s) dict_keys(['example_trigger_target_dag']) retrieved from /home/airflow/.local/lib/python3.7/site-packages/airflow/example_dags/example_trigger_target_dag.py
[2022-12-15T19:24:37.874+0000] {logging_mixin.py:137} INFO - [2022-12-15T19:24:37.874+0000] {dag.py:2676} INFO - Sync 1 DAGs
[2022-12-15T19:24:37.900+0000] {logging_mixin.py:137} INFO - [2022-12-15T19:24:37.900+0000] {dag.py:3427} INFO - Setting next_dagrun for example_trigger_target_dag to None, run_after=None
[2022-12-15T19:24:37.921+0000] {processor.py:175} INFO - Processing /home/airflow/.local/lib/python3.7/site-packages/airflow/example_dags/example_trigger_target_dag.py took 0.113 seconds
[2022-12-15T19:25:08.832+0000] {processor.py:153} INFO - Started process (PID=288) to work on /home/airflow/.local/lib/python3.7/site-packages/airflow/example_dags/example_trigger_target_dag.py
[2022-12-15T19:25:08.834+0000] {processor.py:743} INFO - Processing file /home/airflow/.local/lib/python3.7/site-packages/airflow/example_dags/example_trigger_target_dag.py for tasks to queue
[2022-12-15T19:25:08.835+0000] {logging_mixin.py:137} INFO - [2022-12-15T19:25:08.835+0000] {dagbag.py:538} INFO - Filling up the DagBag from /home/airflow/.local/lib/python3.7/site-packages/airflow/example_dags/example_trigger_target_dag.py
[2022-12-15T19:25:08.889+0000] {processor.py:753} INFO - DAG(s) dict_keys(['example_trigger_target_dag']) retrieved from /home/airflow/.local/lib/python3.7/site-packages/airflow/example_dags/example_trigger_target_dag.py
[2022-12-15T19:25:08.944+0000] {logging_mixin.py:137} INFO - [2022-12-15T19:25:08.944+0000] {dag.py:2676} INFO - Sync 1 DAGs
[2022-12-15T19:25:09.018+0000] {logging_mixin.py:137} INFO - [2022-12-15T19:25:09.017+0000] {dag.py:3427} INFO - Setting next_dagrun for example_trigger_target_dag to None, run_after=None
[2022-12-15T19:25:09.062+0000] {processor.py:175} INFO - Processing /home/airflow/.local/lib/python3.7/site-packages/airflow/example_dags/example_trigger_target_dag.py took 0.234 seconds
[2022-12-15T19:25:57.169+0000] {processor.py:153} INFO - Started process (PID=62) to work on /home/airflow/.local/lib/python3.7/site-packages/airflow/example_dags/example_trigger_target_dag.py
[2022-12-15T19:25:57.171+0000] {processor.py:743} INFO - Processing file /home/airflow/.local/lib/python3.7/site-packages/airflow/example_dags/example_trigger_target_dag.py for tasks to queue
[2022-12-15T19:25:57.172+0000] {logging_mixin.py:137} INFO - [2022-12-15T19:25:57.172+0000] {dagbag.py:538} INFO - Filling up the DagBag from /home/airflow/.local/lib/python3.7/site-packages/airflow/example_dags/example_trigger_target_dag.py
[2022-12-15T19:25:57.226+0000] {processor.py:753} INFO - DAG(s) dict_keys(['example_trigger_target_dag']) retrieved from /home/airflow/.local/lib/python3.7/site-packages/airflow/example_dags/example_trigger_target_dag.py
[2022-12-15T19:25:57.297+0000] {logging_mixin.py:137} INFO - [2022-12-15T19:25:57.296+0000] {dag.py:2676} INFO - Sync 1 DAGs
[2022-12-15T19:25:57.347+0000] {logging_mixin.py:137} INFO - [2022-12-15T19:25:57.347+0000] {dag.py:3427} INFO - Setting next_dagrun for example_trigger_target_dag to None, run_after=None
[2022-12-15T19:25:57.386+0000] {processor.py:175} INFO - Processing /home/airflow/.local/lib/python3.7/site-packages/airflow/example_dags/example_trigger_target_dag.py took 0.222 seconds
[2022-12-15T19:26:28.191+0000] {processor.py:153} INFO - Started process (PID=131) to work on /home/airflow/.local/lib/python3.7/site-packages/airflow/example_dags/example_trigger_target_dag.py
[2022-12-15T19:26:28.192+0000] {processor.py:743} INFO - Processing file /home/airflow/.local/lib/python3.7/site-packages/airflow/example_dags/example_trigger_target_dag.py for tasks to queue
[2022-12-15T19:26:28.194+0000] {logging_mixin.py:137} INFO - [2022-12-15T19:26:28.194+0000] {dagbag.py:538} INFO - Filling up the DagBag from /home/airflow/.local/lib/python3.7/site-packages/airflow/example_dags/example_trigger_target_dag.py
[2022-12-15T19:26:28.249+0000] {processor.py:753} INFO - DAG(s) dict_keys(['example_trigger_target_dag']) retrieved from /home/airflow/.local/lib/python3.7/site-packages/airflow/example_dags/example_trigger_target_dag.py
[2022-12-15T19:26:28.314+0000] {logging_mixin.py:137} INFO - [2022-12-15T19:26:28.314+0000] {dag.py:2676} INFO - Sync 1 DAGs
[2022-12-15T19:26:28.348+0000] {logging_mixin.py:137} INFO - [2022-12-15T19:26:28.348+0000] {dag.py:3427} INFO - Setting next_dagrun for example_trigger_target_dag to None, run_after=None
[2022-12-15T19:26:28.371+0000] {processor.py:175} INFO - Processing /home/airflow/.local/lib/python3.7/site-packages/airflow/example_dags/example_trigger_target_dag.py took 0.185 seconds
[2022-12-15T19:26:58.804+0000] {processor.py:153} INFO - Started process (PID=209) to work on /home/airflow/.local/lib/python3.7/site-packages/airflow/example_dags/example_trigger_target_dag.py
[2022-12-15T19:26:58.807+0000] {processor.py:743} INFO - Processing file /home/airflow/.local/lib/python3.7/site-packages/airflow/example_dags/example_trigger_target_dag.py for tasks to queue
[2022-12-15T19:26:58.809+0000] {logging_mixin.py:137} INFO - [2022-12-15T19:26:58.809+0000] {dagbag.py:538} INFO - Filling up the DagBag from /home/airflow/.local/lib/python3.7/site-packages/airflow/example_dags/example_trigger_target_dag.py
[2022-12-15T19:26:58.856+0000] {processor.py:753} INFO - DAG(s) dict_keys(['example_trigger_target_dag']) retrieved from /home/airflow/.local/lib/python3.7/site-packages/airflow/example_dags/example_trigger_target_dag.py
[2022-12-15T19:26:58.952+0000] {logging_mixin.py:137} INFO - [2022-12-15T19:26:58.952+0000] {dag.py:2676} INFO - Sync 1 DAGs
[2022-12-15T19:26:59.007+0000] {logging_mixin.py:137} INFO - [2022-12-15T19:26:59.007+0000] {dag.py:3427} INFO - Setting next_dagrun for example_trigger_target_dag to None, run_after=None
[2022-12-15T19:26:59.049+0000] {processor.py:175} INFO - Processing /home/airflow/.local/lib/python3.7/site-packages/airflow/example_dags/example_trigger_target_dag.py took 0.252 seconds
