[2022-12-15T19:23:37.228+0000] {processor.py:153} INFO - Started process (PID=64) to work on /home/airflow/.local/lib/python3.7/site-packages/airflow/example_dags/example_sla_dag.py
[2022-12-15T19:23:37.229+0000] {processor.py:743} INFO - Processing file /home/airflow/.local/lib/python3.7/site-packages/airflow/example_dags/example_sla_dag.py for tasks to queue
[2022-12-15T19:23:37.230+0000] {logging_mixin.py:137} INFO - [2022-12-15T19:23:37.229+0000] {dagbag.py:538} INFO - Filling up the DagBag from /home/airflow/.local/lib/python3.7/site-packages/airflow/example_dags/example_sla_dag.py
[2022-12-15T19:23:37.276+0000] {processor.py:753} INFO - DAG(s) dict_keys(['example_sla_dag']) retrieved from /home/airflow/.local/lib/python3.7/site-packages/airflow/example_dags/example_sla_dag.py
[2022-12-15T19:23:37.314+0000] {logging_mixin.py:137} INFO - [2022-12-15T19:23:37.314+0000] {dag.py:2676} INFO - Sync 1 DAGs
[2022-12-15T19:23:37.368+0000] {logging_mixin.py:137} INFO - [2022-12-15T19:23:37.367+0000] {dag.py:3427} INFO - Setting next_dagrun for example_sla_dag to 2022-12-15T19:20:00+00:00, run_after=2022-12-15T19:22:00+00:00
[2022-12-15T19:23:37.394+0000] {processor.py:175} INFO - Processing /home/airflow/.local/lib/python3.7/site-packages/airflow/example_dags/example_sla_dag.py took 0.171 seconds
[2022-12-15T19:24:07.571+0000] {processor.py:153} INFO - Started process (PID=134) to work on /home/airflow/.local/lib/python3.7/site-packages/airflow/example_dags/example_sla_dag.py
[2022-12-15T19:24:07.571+0000] {processor.py:743} INFO - Processing file /home/airflow/.local/lib/python3.7/site-packages/airflow/example_dags/example_sla_dag.py for tasks to queue
[2022-12-15T19:24:07.572+0000] {logging_mixin.py:137} INFO - [2022-12-15T19:24:07.572+0000] {dagbag.py:538} INFO - Filling up the DagBag from /home/airflow/.local/lib/python3.7/site-packages/airflow/example_dags/example_sla_dag.py
[2022-12-15T19:24:07.600+0000] {processor.py:753} INFO - DAG(s) dict_keys(['example_sla_dag']) retrieved from /home/airflow/.local/lib/python3.7/site-packages/airflow/example_dags/example_sla_dag.py
[2022-12-15T19:24:07.634+0000] {logging_mixin.py:137} INFO - [2022-12-15T19:24:07.634+0000] {dag.py:2676} INFO - Sync 1 DAGs
[2022-12-15T19:24:07.665+0000] {logging_mixin.py:137} INFO - [2022-12-15T19:24:07.664+0000] {dag.py:3427} INFO - Setting next_dagrun for example_sla_dag to 2022-12-15T19:22:00+00:00, run_after=2022-12-15T19:24:00+00:00
[2022-12-15T19:24:07.682+0000] {processor.py:175} INFO - Processing /home/airflow/.local/lib/python3.7/site-packages/airflow/example_dags/example_sla_dag.py took 0.115 seconds
[2022-12-15T19:24:38.074+0000] {processor.py:153} INFO - Started process (PID=204) to work on /home/airflow/.local/lib/python3.7/site-packages/airflow/example_dags/example_sla_dag.py
[2022-12-15T19:24:38.074+0000] {processor.py:743} INFO - Processing file /home/airflow/.local/lib/python3.7/site-packages/airflow/example_dags/example_sla_dag.py for tasks to queue
[2022-12-15T19:24:38.075+0000] {logging_mixin.py:137} INFO - [2022-12-15T19:24:38.075+0000] {dagbag.py:538} INFO - Filling up the DagBag from /home/airflow/.local/lib/python3.7/site-packages/airflow/example_dags/example_sla_dag.py
[2022-12-15T19:24:38.103+0000] {processor.py:753} INFO - DAG(s) dict_keys(['example_sla_dag']) retrieved from /home/airflow/.local/lib/python3.7/site-packages/airflow/example_dags/example_sla_dag.py
[2022-12-15T19:24:38.144+0000] {logging_mixin.py:137} INFO - [2022-12-15T19:24:38.144+0000] {dag.py:2676} INFO - Sync 1 DAGs
[2022-12-15T19:24:38.185+0000] {logging_mixin.py:137} INFO - [2022-12-15T19:24:38.185+0000] {dag.py:3427} INFO - Setting next_dagrun for example_sla_dag to 2022-12-15T19:22:00+00:00, run_after=2022-12-15T19:24:00+00:00
[2022-12-15T19:24:38.207+0000] {processor.py:175} INFO - Processing /home/airflow/.local/lib/python3.7/site-packages/airflow/example_dags/example_sla_dag.py took 0.136 seconds
[2022-12-15T19:25:09.095+0000] {processor.py:153} INFO - Started process (PID=290) to work on /home/airflow/.local/lib/python3.7/site-packages/airflow/example_dags/example_sla_dag.py
[2022-12-15T19:25:09.096+0000] {processor.py:743} INFO - Processing file /home/airflow/.local/lib/python3.7/site-packages/airflow/example_dags/example_sla_dag.py for tasks to queue
[2022-12-15T19:25:09.097+0000] {logging_mixin.py:137} INFO - [2022-12-15T19:25:09.097+0000] {dagbag.py:538} INFO - Filling up the DagBag from /home/airflow/.local/lib/python3.7/site-packages/airflow/example_dags/example_sla_dag.py
[2022-12-15T19:25:09.128+0000] {processor.py:753} INFO - DAG(s) dict_keys(['example_sla_dag']) retrieved from /home/airflow/.local/lib/python3.7/site-packages/airflow/example_dags/example_sla_dag.py
[2022-12-15T19:25:09.159+0000] {logging_mixin.py:137} INFO - [2022-12-15T19:25:09.159+0000] {dag.py:2676} INFO - Sync 1 DAGs
[2022-12-15T19:25:09.197+0000] {logging_mixin.py:137} INFO - [2022-12-15T19:25:09.197+0000] {dag.py:3427} INFO - Setting next_dagrun for example_sla_dag to 2022-12-15T19:22:00+00:00, run_after=2022-12-15T19:24:00+00:00
[2022-12-15T19:25:09.218+0000] {processor.py:175} INFO - Processing /home/airflow/.local/lib/python3.7/site-packages/airflow/example_dags/example_sla_dag.py took 0.127 seconds
[2022-12-15T19:25:57.435+0000] {processor.py:153} INFO - Started process (PID=64) to work on /home/airflow/.local/lib/python3.7/site-packages/airflow/example_dags/example_sla_dag.py
[2022-12-15T19:25:57.438+0000] {processor.py:743} INFO - Processing file /home/airflow/.local/lib/python3.7/site-packages/airflow/example_dags/example_sla_dag.py for tasks to queue
[2022-12-15T19:25:57.440+0000] {logging_mixin.py:137} INFO - [2022-12-15T19:25:57.440+0000] {dagbag.py:538} INFO - Filling up the DagBag from /home/airflow/.local/lib/python3.7/site-packages/airflow/example_dags/example_sla_dag.py
[2022-12-15T19:25:57.482+0000] {processor.py:753} INFO - DAG(s) dict_keys(['example_sla_dag']) retrieved from /home/airflow/.local/lib/python3.7/site-packages/airflow/example_dags/example_sla_dag.py
[2022-12-15T19:25:57.545+0000] {logging_mixin.py:137} INFO - [2022-12-15T19:25:57.545+0000] {dag.py:2676} INFO - Sync 1 DAGs
[2022-12-15T19:25:57.596+0000] {logging_mixin.py:137} INFO - [2022-12-15T19:25:57.595+0000] {dag.py:3427} INFO - Setting next_dagrun for example_sla_dag to 2022-12-15T19:22:00+00:00, run_after=2022-12-15T19:24:00+00:00
[2022-12-15T19:25:57.635+0000] {processor.py:175} INFO - Processing /home/airflow/.local/lib/python3.7/site-packages/airflow/example_dags/example_sla_dag.py took 0.204 seconds
[2022-12-15T19:26:28.405+0000] {processor.py:153} INFO - Started process (PID=133) to work on /home/airflow/.local/lib/python3.7/site-packages/airflow/example_dags/example_sla_dag.py
[2022-12-15T19:26:28.406+0000] {processor.py:743} INFO - Processing file /home/airflow/.local/lib/python3.7/site-packages/airflow/example_dags/example_sla_dag.py for tasks to queue
[2022-12-15T19:26:28.407+0000] {logging_mixin.py:137} INFO - [2022-12-15T19:26:28.407+0000] {dagbag.py:538} INFO - Filling up the DagBag from /home/airflow/.local/lib/python3.7/site-packages/airflow/example_dags/example_sla_dag.py
[2022-12-15T19:26:28.438+0000] {processor.py:753} INFO - DAG(s) dict_keys(['example_sla_dag']) retrieved from /home/airflow/.local/lib/python3.7/site-packages/airflow/example_dags/example_sla_dag.py
[2022-12-15T19:26:28.487+0000] {logging_mixin.py:137} INFO - [2022-12-15T19:26:28.486+0000] {dag.py:2676} INFO - Sync 1 DAGs
[2022-12-15T19:26:28.526+0000] {logging_mixin.py:137} INFO - [2022-12-15T19:26:28.526+0000] {dag.py:3427} INFO - Setting next_dagrun for example_sla_dag to 2022-12-15T19:24:00+00:00, run_after=2022-12-15T19:26:00+00:00
[2022-12-15T19:26:28.554+0000] {processor.py:175} INFO - Processing /home/airflow/.local/lib/python3.7/site-packages/airflow/example_dags/example_sla_dag.py took 0.152 seconds
[2022-12-15T19:26:59.080+0000] {processor.py:153} INFO - Started process (PID=211) to work on /home/airflow/.local/lib/python3.7/site-packages/airflow/example_dags/example_sla_dag.py
[2022-12-15T19:26:59.081+0000] {processor.py:743} INFO - Processing file /home/airflow/.local/lib/python3.7/site-packages/airflow/example_dags/example_sla_dag.py for tasks to queue
[2022-12-15T19:26:59.082+0000] {logging_mixin.py:137} INFO - [2022-12-15T19:26:59.082+0000] {dagbag.py:538} INFO - Filling up the DagBag from /home/airflow/.local/lib/python3.7/site-packages/airflow/example_dags/example_sla_dag.py
[2022-12-15T19:26:59.122+0000] {processor.py:753} INFO - DAG(s) dict_keys(['example_sla_dag']) retrieved from /home/airflow/.local/lib/python3.7/site-packages/airflow/example_dags/example_sla_dag.py
[2022-12-15T19:26:59.172+0000] {logging_mixin.py:137} INFO - [2022-12-15T19:26:59.172+0000] {dag.py:2676} INFO - Sync 1 DAGs
[2022-12-15T19:26:59.213+0000] {logging_mixin.py:137} INFO - [2022-12-15T19:26:59.213+0000] {dag.py:3427} INFO - Setting next_dagrun for example_sla_dag to 2022-12-15T19:24:00+00:00, run_after=2022-12-15T19:26:00+00:00
[2022-12-15T19:26:59.238+0000] {processor.py:175} INFO - Processing /home/airflow/.local/lib/python3.7/site-packages/airflow/example_dags/example_sla_dag.py took 0.161 seconds
