[2022-12-15T19:23:37.260+0000] {processor.py:153} INFO - Started process (PID=65) to work on /home/airflow/.local/lib/python3.7/site-packages/airflow/example_dags/example_dag_decorator.py
[2022-12-15T19:23:37.260+0000] {processor.py:743} INFO - Processing file /home/airflow/.local/lib/python3.7/site-packages/airflow/example_dags/example_dag_decorator.py for tasks to queue
[2022-12-15T19:23:37.261+0000] {logging_mixin.py:137} INFO - [2022-12-15T19:23:37.261+0000] {dagbag.py:538} INFO - Filling up the DagBag from /home/airflow/.local/lib/python3.7/site-packages/airflow/example_dags/example_dag_decorator.py
[2022-12-15T19:23:37.286+0000] {logging_mixin.py:137} INFO - [2022-12-15T19:23:37.285+0000] {taskmixin.py:205} WARNING - Dependency <Task(_PythonDecoratedOperator): prepare_email>, send_email already registered for DAG: example_dag_decorator
[2022-12-15T19:23:37.286+0000] {logging_mixin.py:137} INFO - [2022-12-15T19:23:37.286+0000] {taskmixin.py:205} WARNING - Dependency <Task(EmailOperator): send_email>, prepare_email already registered for DAG: example_dag_decorator
[2022-12-15T19:23:37.310+0000] {processor.py:753} INFO - DAG(s) dict_keys(['example_dag_decorator']) retrieved from /home/airflow/.local/lib/python3.7/site-packages/airflow/example_dags/example_dag_decorator.py
[2022-12-15T19:23:37.347+0000] {logging_mixin.py:137} INFO - [2022-12-15T19:23:37.346+0000] {dag.py:2676} INFO - Sync 1 DAGs
[2022-12-15T19:23:37.393+0000] {logging_mixin.py:137} INFO - [2022-12-15T19:23:37.392+0000] {dag.py:3427} INFO - Setting next_dagrun for example_dag_decorator to None, run_after=None
[2022-12-15T19:23:37.437+0000] {processor.py:175} INFO - Processing /home/airflow/.local/lib/python3.7/site-packages/airflow/example_dags/example_dag_decorator.py took 0.181 seconds
[2022-12-15T19:24:07.588+0000] {processor.py:153} INFO - Started process (PID=135) to work on /home/airflow/.local/lib/python3.7/site-packages/airflow/example_dags/example_dag_decorator.py
[2022-12-15T19:24:07.588+0000] {processor.py:743} INFO - Processing file /home/airflow/.local/lib/python3.7/site-packages/airflow/example_dags/example_dag_decorator.py for tasks to queue
[2022-12-15T19:24:07.589+0000] {logging_mixin.py:137} INFO - [2022-12-15T19:24:07.589+0000] {dagbag.py:538} INFO - Filling up the DagBag from /home/airflow/.local/lib/python3.7/site-packages/airflow/example_dags/example_dag_decorator.py
[2022-12-15T19:24:07.609+0000] {logging_mixin.py:137} INFO - [2022-12-15T19:24:07.609+0000] {taskmixin.py:205} WARNING - Dependency <Task(_PythonDecoratedOperator): prepare_email>, send_email already registered for DAG: example_dag_decorator
[2022-12-15T19:24:07.609+0000] {logging_mixin.py:137} INFO - [2022-12-15T19:24:07.609+0000] {taskmixin.py:205} WARNING - Dependency <Task(EmailOperator): send_email>, prepare_email already registered for DAG: example_dag_decorator
[2022-12-15T19:24:07.621+0000] {processor.py:753} INFO - DAG(s) dict_keys(['example_dag_decorator']) retrieved from /home/airflow/.local/lib/python3.7/site-packages/airflow/example_dags/example_dag_decorator.py
[2022-12-15T19:24:07.711+0000] {logging_mixin.py:137} INFO - [2022-12-15T19:24:07.710+0000] {dag.py:2676} INFO - Sync 1 DAGs
[2022-12-15T19:24:07.736+0000] {logging_mixin.py:137} INFO - [2022-12-15T19:24:07.736+0000] {dag.py:3427} INFO - Setting next_dagrun for example_dag_decorator to None, run_after=None
[2022-12-15T19:24:07.760+0000] {processor.py:175} INFO - Processing /home/airflow/.local/lib/python3.7/site-packages/airflow/example_dags/example_dag_decorator.py took 0.175 seconds
[2022-12-15T19:24:38.079+0000] {processor.py:153} INFO - Started process (PID=205) to work on /home/airflow/.local/lib/python3.7/site-packages/airflow/example_dags/example_dag_decorator.py
[2022-12-15T19:24:38.080+0000] {processor.py:743} INFO - Processing file /home/airflow/.local/lib/python3.7/site-packages/airflow/example_dags/example_dag_decorator.py for tasks to queue
[2022-12-15T19:24:38.081+0000] {logging_mixin.py:137} INFO - [2022-12-15T19:24:38.080+0000] {dagbag.py:538} INFO - Filling up the DagBag from /home/airflow/.local/lib/python3.7/site-packages/airflow/example_dags/example_dag_decorator.py
[2022-12-15T19:24:38.101+0000] {logging_mixin.py:137} INFO - [2022-12-15T19:24:38.101+0000] {taskmixin.py:205} WARNING - Dependency <Task(_PythonDecoratedOperator): prepare_email>, send_email already registered for DAG: example_dag_decorator
[2022-12-15T19:24:38.101+0000] {logging_mixin.py:137} INFO - [2022-12-15T19:24:38.101+0000] {taskmixin.py:205} WARNING - Dependency <Task(EmailOperator): send_email>, prepare_email already registered for DAG: example_dag_decorator
[2022-12-15T19:24:38.114+0000] {processor.py:753} INFO - DAG(s) dict_keys(['example_dag_decorator']) retrieved from /home/airflow/.local/lib/python3.7/site-packages/airflow/example_dags/example_dag_decorator.py
[2022-12-15T19:24:38.219+0000] {logging_mixin.py:137} INFO - [2022-12-15T19:24:38.219+0000] {dag.py:2676} INFO - Sync 1 DAGs
[2022-12-15T19:24:38.264+0000] {logging_mixin.py:137} INFO - [2022-12-15T19:24:38.263+0000] {dag.py:3427} INFO - Setting next_dagrun for example_dag_decorator to None, run_after=None
[2022-12-15T19:24:38.298+0000] {processor.py:175} INFO - Processing /home/airflow/.local/lib/python3.7/site-packages/airflow/example_dags/example_dag_decorator.py took 0.222 seconds
[2022-12-15T19:25:09.108+0000] {processor.py:153} INFO - Started process (PID=291) to work on /home/airflow/.local/lib/python3.7/site-packages/airflow/example_dags/example_dag_decorator.py
[2022-12-15T19:25:09.109+0000] {processor.py:743} INFO - Processing file /home/airflow/.local/lib/python3.7/site-packages/airflow/example_dags/example_dag_decorator.py for tasks to queue
[2022-12-15T19:25:09.110+0000] {logging_mixin.py:137} INFO - [2022-12-15T19:25:09.110+0000] {dagbag.py:538} INFO - Filling up the DagBag from /home/airflow/.local/lib/python3.7/site-packages/airflow/example_dags/example_dag_decorator.py
[2022-12-15T19:25:09.134+0000] {logging_mixin.py:137} INFO - [2022-12-15T19:25:09.133+0000] {taskmixin.py:205} WARNING - Dependency <Task(_PythonDecoratedOperator): prepare_email>, send_email already registered for DAG: example_dag_decorator
[2022-12-15T19:25:09.134+0000] {logging_mixin.py:137} INFO - [2022-12-15T19:25:09.134+0000] {taskmixin.py:205} WARNING - Dependency <Task(EmailOperator): send_email>, prepare_email already registered for DAG: example_dag_decorator
[2022-12-15T19:25:09.150+0000] {processor.py:753} INFO - DAG(s) dict_keys(['example_dag_decorator']) retrieved from /home/airflow/.local/lib/python3.7/site-packages/airflow/example_dags/example_dag_decorator.py
[2022-12-15T19:25:09.180+0000] {logging_mixin.py:137} INFO - [2022-12-15T19:25:09.180+0000] {dag.py:2676} INFO - Sync 1 DAGs
[2022-12-15T19:25:09.209+0000] {logging_mixin.py:137} INFO - [2022-12-15T19:25:09.209+0000] {dag.py:3427} INFO - Setting next_dagrun for example_dag_decorator to None, run_after=None
[2022-12-15T19:25:09.231+0000] {processor.py:175} INFO - Processing /home/airflow/.local/lib/python3.7/site-packages/airflow/example_dags/example_dag_decorator.py took 0.125 seconds
[2022-12-15T19:25:57.646+0000] {processor.py:153} INFO - Started process (PID=65) to work on /home/airflow/.local/lib/python3.7/site-packages/airflow/example_dags/example_dag_decorator.py
[2022-12-15T19:25:57.647+0000] {processor.py:743} INFO - Processing file /home/airflow/.local/lib/python3.7/site-packages/airflow/example_dags/example_dag_decorator.py for tasks to queue
[2022-12-15T19:25:57.648+0000] {logging_mixin.py:137} INFO - [2022-12-15T19:25:57.648+0000] {dagbag.py:538} INFO - Filling up the DagBag from /home/airflow/.local/lib/python3.7/site-packages/airflow/example_dags/example_dag_decorator.py
[2022-12-15T19:25:57.673+0000] {logging_mixin.py:137} INFO - [2022-12-15T19:25:57.672+0000] {taskmixin.py:205} WARNING - Dependency <Task(_PythonDecoratedOperator): prepare_email>, send_email already registered for DAG: example_dag_decorator
[2022-12-15T19:25:57.673+0000] {logging_mixin.py:137} INFO - [2022-12-15T19:25:57.673+0000] {taskmixin.py:205} WARNING - Dependency <Task(EmailOperator): send_email>, prepare_email already registered for DAG: example_dag_decorator
[2022-12-15T19:25:57.696+0000] {processor.py:753} INFO - DAG(s) dict_keys(['example_dag_decorator']) retrieved from /home/airflow/.local/lib/python3.7/site-packages/airflow/example_dags/example_dag_decorator.py
[2022-12-15T19:25:57.839+0000] {logging_mixin.py:137} INFO - [2022-12-15T19:25:57.838+0000] {dag.py:2676} INFO - Sync 1 DAGs
[2022-12-15T19:25:57.885+0000] {logging_mixin.py:137} INFO - [2022-12-15T19:25:57.884+0000] {dag.py:3427} INFO - Setting next_dagrun for example_dag_decorator to None, run_after=None
[2022-12-15T19:25:57.917+0000] {processor.py:175} INFO - Processing /home/airflow/.local/lib/python3.7/site-packages/airflow/example_dags/example_dag_decorator.py took 0.275 seconds
[2022-12-15T19:26:28.601+0000] {processor.py:153} INFO - Started process (PID=135) to work on /home/airflow/.local/lib/python3.7/site-packages/airflow/example_dags/example_dag_decorator.py
[2022-12-15T19:26:28.602+0000] {processor.py:743} INFO - Processing file /home/airflow/.local/lib/python3.7/site-packages/airflow/example_dags/example_dag_decorator.py for tasks to queue
[2022-12-15T19:26:28.603+0000] {logging_mixin.py:137} INFO - [2022-12-15T19:26:28.602+0000] {dagbag.py:538} INFO - Filling up the DagBag from /home/airflow/.local/lib/python3.7/site-packages/airflow/example_dags/example_dag_decorator.py
[2022-12-15T19:26:28.638+0000] {logging_mixin.py:137} INFO - [2022-12-15T19:26:28.638+0000] {taskmixin.py:205} WARNING - Dependency <Task(_PythonDecoratedOperator): prepare_email>, send_email already registered for DAG: example_dag_decorator
[2022-12-15T19:26:28.638+0000] {logging_mixin.py:137} INFO - [2022-12-15T19:26:28.638+0000] {taskmixin.py:205} WARNING - Dependency <Task(EmailOperator): send_email>, prepare_email already registered for DAG: example_dag_decorator
[2022-12-15T19:26:28.658+0000] {processor.py:753} INFO - DAG(s) dict_keys(['example_dag_decorator']) retrieved from /home/airflow/.local/lib/python3.7/site-packages/airflow/example_dags/example_dag_decorator.py
[2022-12-15T19:26:28.798+0000] {logging_mixin.py:137} INFO - [2022-12-15T19:26:28.798+0000] {dag.py:2676} INFO - Sync 1 DAGs
[2022-12-15T19:26:28.837+0000] {logging_mixin.py:137} INFO - [2022-12-15T19:26:28.837+0000] {dag.py:3427} INFO - Setting next_dagrun for example_dag_decorator to None, run_after=None
[2022-12-15T19:26:28.871+0000] {processor.py:175} INFO - Processing /home/airflow/.local/lib/python3.7/site-packages/airflow/example_dags/example_dag_decorator.py took 0.275 seconds
[2022-12-15T19:26:59.266+0000] {processor.py:153} INFO - Started process (PID=213) to work on /home/airflow/.local/lib/python3.7/site-packages/airflow/example_dags/example_dag_decorator.py
[2022-12-15T19:26:59.267+0000] {processor.py:743} INFO - Processing file /home/airflow/.local/lib/python3.7/site-packages/airflow/example_dags/example_dag_decorator.py for tasks to queue
[2022-12-15T19:26:59.268+0000] {logging_mixin.py:137} INFO - [2022-12-15T19:26:59.268+0000] {dagbag.py:538} INFO - Filling up the DagBag from /home/airflow/.local/lib/python3.7/site-packages/airflow/example_dags/example_dag_decorator.py
[2022-12-15T19:26:59.289+0000] {logging_mixin.py:137} INFO - [2022-12-15T19:26:59.288+0000] {taskmixin.py:205} WARNING - Dependency <Task(_PythonDecoratedOperator): prepare_email>, send_email already registered for DAG: example_dag_decorator
[2022-12-15T19:26:59.289+0000] {logging_mixin.py:137} INFO - [2022-12-15T19:26:59.289+0000] {taskmixin.py:205} WARNING - Dependency <Task(EmailOperator): send_email>, prepare_email already registered for DAG: example_dag_decorator
[2022-12-15T19:26:59.302+0000] {processor.py:753} INFO - DAG(s) dict_keys(['example_dag_decorator']) retrieved from /home/airflow/.local/lib/python3.7/site-packages/airflow/example_dags/example_dag_decorator.py
[2022-12-15T19:26:59.402+0000] {logging_mixin.py:137} INFO - [2022-12-15T19:26:59.402+0000] {dag.py:2676} INFO - Sync 1 DAGs
[2022-12-15T19:26:59.437+0000] {logging_mixin.py:137} INFO - [2022-12-15T19:26:59.437+0000] {dag.py:3427} INFO - Setting next_dagrun for example_dag_decorator to None, run_after=None
[2022-12-15T19:26:59.464+0000] {processor.py:175} INFO - Processing /home/airflow/.local/lib/python3.7/site-packages/airflow/example_dags/example_dag_decorator.py took 0.201 seconds
