[2022-12-15T19:23:39.248+0000] {processor.py:153} INFO - Started process (PID=87) to work on /home/airflow/.local/lib/python3.7/site-packages/airflow/example_dags/example_xcomargs.py
[2022-12-15T19:23:39.249+0000] {processor.py:743} INFO - Processing file /home/airflow/.local/lib/python3.7/site-packages/airflow/example_dags/example_xcomargs.py for tasks to queue
[2022-12-15T19:23:39.250+0000] {logging_mixin.py:137} INFO - [2022-12-15T19:23:39.249+0000] {dagbag.py:538} INFO - Filling up the DagBag from /home/airflow/.local/lib/python3.7/site-packages/airflow/example_dags/example_xcomargs.py
[2022-12-15T19:23:39.281+0000] {processor.py:753} INFO - DAG(s) dict_keys(['example_xcom_args_with_operators', 'example_xcom_args']) retrieved from /home/airflow/.local/lib/python3.7/site-packages/airflow/example_dags/example_xcomargs.py
[2022-12-15T19:23:39.306+0000] {logging_mixin.py:137} INFO - [2022-12-15T19:23:39.306+0000] {dag.py:2676} INFO - Sync 2 DAGs
[2022-12-15T19:23:39.336+0000] {logging_mixin.py:137} INFO - [2022-12-15T19:23:39.335+0000] {dag.py:3427} INFO - Setting next_dagrun for example_xcom_args to None, run_after=None
[2022-12-15T19:23:39.340+0000] {logging_mixin.py:137} INFO - [2022-12-15T19:23:39.340+0000] {dag.py:3427} INFO - Setting next_dagrun for example_xcom_args_with_operators to None, run_after=None
[2022-12-15T19:23:39.363+0000] {processor.py:175} INFO - Processing /home/airflow/.local/lib/python3.7/site-packages/airflow/example_dags/example_xcomargs.py took 0.117 seconds
[2022-12-15T19:24:09.498+0000] {processor.py:153} INFO - Started process (PID=157) to work on /home/airflow/.local/lib/python3.7/site-packages/airflow/example_dags/example_xcomargs.py
[2022-12-15T19:24:09.499+0000] {processor.py:743} INFO - Processing file /home/airflow/.local/lib/python3.7/site-packages/airflow/example_dags/example_xcomargs.py for tasks to queue
[2022-12-15T19:24:09.500+0000] {logging_mixin.py:137} INFO - [2022-12-15T19:24:09.500+0000] {dagbag.py:538} INFO - Filling up the DagBag from /home/airflow/.local/lib/python3.7/site-packages/airflow/example_dags/example_xcomargs.py
[2022-12-15T19:24:09.533+0000] {processor.py:753} INFO - DAG(s) dict_keys(['example_xcom_args', 'example_xcom_args_with_operators']) retrieved from /home/airflow/.local/lib/python3.7/site-packages/airflow/example_dags/example_xcomargs.py
[2022-12-15T19:24:09.586+0000] {logging_mixin.py:137} INFO - [2022-12-15T19:24:09.585+0000] {dag.py:2676} INFO - Sync 2 DAGs
[2022-12-15T19:24:09.624+0000] {logging_mixin.py:137} INFO - [2022-12-15T19:24:09.624+0000] {dag.py:3427} INFO - Setting next_dagrun for example_xcom_args to None, run_after=None
[2022-12-15T19:24:09.628+0000] {logging_mixin.py:137} INFO - [2022-12-15T19:24:09.628+0000] {dag.py:3427} INFO - Setting next_dagrun for example_xcom_args_with_operators to None, run_after=None
[2022-12-15T19:24:09.647+0000] {processor.py:175} INFO - Processing /home/airflow/.local/lib/python3.7/site-packages/airflow/example_dags/example_xcomargs.py took 0.151 seconds
[2022-12-15T19:24:40.244+0000] {processor.py:153} INFO - Started process (PID=236) to work on /home/airflow/.local/lib/python3.7/site-packages/airflow/example_dags/example_xcomargs.py
[2022-12-15T19:24:40.245+0000] {processor.py:743} INFO - Processing file /home/airflow/.local/lib/python3.7/site-packages/airflow/example_dags/example_xcomargs.py for tasks to queue
[2022-12-15T19:24:40.246+0000] {logging_mixin.py:137} INFO - [2022-12-15T19:24:40.246+0000] {dagbag.py:538} INFO - Filling up the DagBag from /home/airflow/.local/lib/python3.7/site-packages/airflow/example_dags/example_xcomargs.py
[2022-12-15T19:24:40.274+0000] {processor.py:753} INFO - DAG(s) dict_keys(['example_xcom_args', 'example_xcom_args_with_operators']) retrieved from /home/airflow/.local/lib/python3.7/site-packages/airflow/example_dags/example_xcomargs.py
[2022-12-15T19:24:40.326+0000] {logging_mixin.py:137} INFO - [2022-12-15T19:24:40.326+0000] {dag.py:2676} INFO - Sync 2 DAGs
[2022-12-15T19:24:40.362+0000] {logging_mixin.py:137} INFO - [2022-12-15T19:24:40.362+0000] {dag.py:3427} INFO - Setting next_dagrun for example_xcom_args to None, run_after=None
[2022-12-15T19:24:40.367+0000] {logging_mixin.py:137} INFO - [2022-12-15T19:24:40.367+0000] {dag.py:3427} INFO - Setting next_dagrun for example_xcom_args_with_operators to None, run_after=None
[2022-12-15T19:24:40.387+0000] {processor.py:175} INFO - Processing /home/airflow/.local/lib/python3.7/site-packages/airflow/example_dags/example_xcomargs.py took 0.147 seconds
[2022-12-15T19:25:59.943+0000] {processor.py:153} INFO - Started process (PID=87) to work on /home/airflow/.local/lib/python3.7/site-packages/airflow/example_dags/example_xcomargs.py
[2022-12-15T19:25:59.944+0000] {processor.py:743} INFO - Processing file /home/airflow/.local/lib/python3.7/site-packages/airflow/example_dags/example_xcomargs.py for tasks to queue
[2022-12-15T19:25:59.945+0000] {logging_mixin.py:137} INFO - [2022-12-15T19:25:59.944+0000] {dagbag.py:538} INFO - Filling up the DagBag from /home/airflow/.local/lib/python3.7/site-packages/airflow/example_dags/example_xcomargs.py
[2022-12-15T19:25:59.979+0000] {processor.py:753} INFO - DAG(s) dict_keys(['example_xcom_args', 'example_xcom_args_with_operators']) retrieved from /home/airflow/.local/lib/python3.7/site-packages/airflow/example_dags/example_xcomargs.py
[2022-12-15T19:26:00.027+0000] {logging_mixin.py:137} INFO - [2022-12-15T19:26:00.027+0000] {dag.py:2676} INFO - Sync 2 DAGs
[2022-12-15T19:26:00.058+0000] {logging_mixin.py:137} INFO - [2022-12-15T19:26:00.058+0000] {dag.py:3427} INFO - Setting next_dagrun for example_xcom_args to None, run_after=None
[2022-12-15T19:26:00.061+0000] {logging_mixin.py:137} INFO - [2022-12-15T19:26:00.061+0000] {dag.py:3427} INFO - Setting next_dagrun for example_xcom_args_with_operators to None, run_after=None
[2022-12-15T19:26:00.080+0000] {processor.py:175} INFO - Processing /home/airflow/.local/lib/python3.7/site-packages/airflow/example_dags/example_xcomargs.py took 0.140 seconds
[2022-12-15T19:26:30.599+0000] {processor.py:153} INFO - Started process (PID=156) to work on /home/airflow/.local/lib/python3.7/site-packages/airflow/example_dags/example_xcomargs.py
[2022-12-15T19:26:30.600+0000] {processor.py:743} INFO - Processing file /home/airflow/.local/lib/python3.7/site-packages/airflow/example_dags/example_xcomargs.py for tasks to queue
[2022-12-15T19:26:30.601+0000] {logging_mixin.py:137} INFO - [2022-12-15T19:26:30.601+0000] {dagbag.py:538} INFO - Filling up the DagBag from /home/airflow/.local/lib/python3.7/site-packages/airflow/example_dags/example_xcomargs.py
[2022-12-15T19:26:30.632+0000] {processor.py:753} INFO - DAG(s) dict_keys(['example_xcom_args', 'example_xcom_args_with_operators']) retrieved from /home/airflow/.local/lib/python3.7/site-packages/airflow/example_dags/example_xcomargs.py
[2022-12-15T19:26:30.678+0000] {logging_mixin.py:137} INFO - [2022-12-15T19:26:30.677+0000] {dag.py:2676} INFO - Sync 2 DAGs
[2022-12-15T19:26:30.708+0000] {logging_mixin.py:137} INFO - [2022-12-15T19:26:30.708+0000] {dag.py:3427} INFO - Setting next_dagrun for example_xcom_args to None, run_after=None
[2022-12-15T19:26:30.712+0000] {logging_mixin.py:137} INFO - [2022-12-15T19:26:30.711+0000] {dag.py:3427} INFO - Setting next_dagrun for example_xcom_args_with_operators to None, run_after=None
[2022-12-15T19:26:30.735+0000] {processor.py:175} INFO - Processing /home/airflow/.local/lib/python3.7/site-packages/airflow/example_dags/example_xcomargs.py took 0.139 seconds
[2022-12-15T19:27:01.918+0000] {processor.py:153} INFO - Started process (PID=241) to work on /home/airflow/.local/lib/python3.7/site-packages/airflow/example_dags/example_xcomargs.py
[2022-12-15T19:27:01.919+0000] {processor.py:743} INFO - Processing file /home/airflow/.local/lib/python3.7/site-packages/airflow/example_dags/example_xcomargs.py for tasks to queue
[2022-12-15T19:27:01.920+0000] {logging_mixin.py:137} INFO - [2022-12-15T19:27:01.920+0000] {dagbag.py:538} INFO - Filling up the DagBag from /home/airflow/.local/lib/python3.7/site-packages/airflow/example_dags/example_xcomargs.py
[2022-12-15T19:27:01.964+0000] {processor.py:753} INFO - DAG(s) dict_keys(['example_xcom_args', 'example_xcom_args_with_operators']) retrieved from /home/airflow/.local/lib/python3.7/site-packages/airflow/example_dags/example_xcomargs.py
[2022-12-15T19:27:02.035+0000] {logging_mixin.py:137} INFO - [2022-12-15T19:27:02.035+0000] {dag.py:2676} INFO - Sync 2 DAGs
[2022-12-15T19:27:02.086+0000] {logging_mixin.py:137} INFO - [2022-12-15T19:27:02.086+0000] {dag.py:3427} INFO - Setting next_dagrun for example_xcom_args to None, run_after=None
[2022-12-15T19:27:02.094+0000] {logging_mixin.py:137} INFO - [2022-12-15T19:27:02.093+0000] {dag.py:3427} INFO - Setting next_dagrun for example_xcom_args_with_operators to None, run_after=None
[2022-12-15T19:27:02.127+0000] {processor.py:175} INFO - Processing /home/airflow/.local/lib/python3.7/site-packages/airflow/example_dags/example_xcomargs.py took 0.214 seconds
