[2022-12-15T19:23:39.084+0000] {processor.py:153} INFO - Started process (PID=85) to work on /home/airflow/.local/lib/python3.7/site-packages/airflow/example_dags/example_task_group_decorator.py
[2022-12-15T19:23:39.085+0000] {processor.py:743} INFO - Processing file /home/airflow/.local/lib/python3.7/site-packages/airflow/example_dags/example_task_group_decorator.py for tasks to queue
[2022-12-15T19:23:39.085+0000] {logging_mixin.py:137} INFO - [2022-12-15T19:23:39.085+0000] {dagbag.py:538} INFO - Filling up the DagBag from /home/airflow/.local/lib/python3.7/site-packages/airflow/example_dags/example_task_group_decorator.py
[2022-12-15T19:23:39.138+0000] {processor.py:753} INFO - DAG(s) dict_keys(['example_task_group_decorator']) retrieved from /home/airflow/.local/lib/python3.7/site-packages/airflow/example_dags/example_task_group_decorator.py
[2022-12-15T19:23:39.168+0000] {logging_mixin.py:137} INFO - [2022-12-15T19:23:39.168+0000] {dag.py:2676} INFO - Sync 1 DAGs
[2022-12-15T19:23:39.203+0000] {logging_mixin.py:137} INFO - [2022-12-15T19:23:39.202+0000] {dag.py:3427} INFO - Setting next_dagrun for example_task_group_decorator to 2022-12-14T19:23:39.202676+00:00, run_after=2022-12-15T19:23:39.202676+00:00
[2022-12-15T19:23:39.228+0000] {processor.py:175} INFO - Processing /home/airflow/.local/lib/python3.7/site-packages/airflow/example_dags/example_task_group_decorator.py took 0.148 seconds
[2022-12-15T19:24:09.354+0000] {processor.py:153} INFO - Started process (PID=155) to work on /home/airflow/.local/lib/python3.7/site-packages/airflow/example_dags/example_task_group_decorator.py
[2022-12-15T19:24:09.355+0000] {processor.py:743} INFO - Processing file /home/airflow/.local/lib/python3.7/site-packages/airflow/example_dags/example_task_group_decorator.py for tasks to queue
[2022-12-15T19:24:09.356+0000] {logging_mixin.py:137} INFO - [2022-12-15T19:24:09.355+0000] {dagbag.py:538} INFO - Filling up the DagBag from /home/airflow/.local/lib/python3.7/site-packages/airflow/example_dags/example_task_group_decorator.py
[2022-12-15T19:24:09.388+0000] {processor.py:753} INFO - DAG(s) dict_keys(['example_task_group_decorator']) retrieved from /home/airflow/.local/lib/python3.7/site-packages/airflow/example_dags/example_task_group_decorator.py
[2022-12-15T19:24:09.433+0000] {logging_mixin.py:137} INFO - [2022-12-15T19:24:09.433+0000] {dag.py:2676} INFO - Sync 1 DAGs
[2022-12-15T19:24:09.460+0000] {logging_mixin.py:137} INFO - [2022-12-15T19:24:09.460+0000] {dag.py:3427} INFO - Setting next_dagrun for example_task_group_decorator to 2022-12-14T19:24:09.459832+00:00, run_after=2022-12-15T19:24:09.459832+00:00
[2022-12-15T19:24:09.479+0000] {processor.py:175} INFO - Processing /home/airflow/.local/lib/python3.7/site-packages/airflow/example_dags/example_task_group_decorator.py took 0.129 seconds
[2022-12-15T19:24:40.048+0000] {processor.py:153} INFO - Started process (PID=234) to work on /home/airflow/.local/lib/python3.7/site-packages/airflow/example_dags/example_task_group_decorator.py
[2022-12-15T19:24:40.048+0000] {processor.py:743} INFO - Processing file /home/airflow/.local/lib/python3.7/site-packages/airflow/example_dags/example_task_group_decorator.py for tasks to queue
[2022-12-15T19:24:40.049+0000] {logging_mixin.py:137} INFO - [2022-12-15T19:24:40.049+0000] {dagbag.py:538} INFO - Filling up the DagBag from /home/airflow/.local/lib/python3.7/site-packages/airflow/example_dags/example_task_group_decorator.py
[2022-12-15T19:24:40.093+0000] {processor.py:753} INFO - DAG(s) dict_keys(['example_task_group_decorator']) retrieved from /home/airflow/.local/lib/python3.7/site-packages/airflow/example_dags/example_task_group_decorator.py
[2022-12-15T19:24:40.153+0000] {logging_mixin.py:137} INFO - [2022-12-15T19:24:40.152+0000] {dag.py:2676} INFO - Sync 1 DAGs
[2022-12-15T19:24:40.192+0000] {logging_mixin.py:137} INFO - [2022-12-15T19:24:40.192+0000] {dag.py:3427} INFO - Setting next_dagrun for example_task_group_decorator to 2022-12-14T19:24:40.191909+00:00, run_after=2022-12-15T19:24:40.191909+00:00
[2022-12-15T19:24:40.219+0000] {processor.py:175} INFO - Processing /home/airflow/.local/lib/python3.7/site-packages/airflow/example_dags/example_task_group_decorator.py took 0.175 seconds
[2022-12-15T19:25:59.785+0000] {processor.py:153} INFO - Started process (PID=85) to work on /home/airflow/.local/lib/python3.7/site-packages/airflow/example_dags/example_task_group_decorator.py
[2022-12-15T19:25:59.786+0000] {processor.py:743} INFO - Processing file /home/airflow/.local/lib/python3.7/site-packages/airflow/example_dags/example_task_group_decorator.py for tasks to queue
[2022-12-15T19:25:59.787+0000] {logging_mixin.py:137} INFO - [2022-12-15T19:25:59.787+0000] {dagbag.py:538} INFO - Filling up the DagBag from /home/airflow/.local/lib/python3.7/site-packages/airflow/example_dags/example_task_group_decorator.py
[2022-12-15T19:25:59.824+0000] {processor.py:753} INFO - DAG(s) dict_keys(['example_task_group_decorator']) retrieved from /home/airflow/.local/lib/python3.7/site-packages/airflow/example_dags/example_task_group_decorator.py
[2022-12-15T19:25:59.868+0000] {logging_mixin.py:137} INFO - [2022-12-15T19:25:59.868+0000] {dag.py:2676} INFO - Sync 1 DAGs
[2022-12-15T19:25:59.900+0000] {logging_mixin.py:137} INFO - [2022-12-15T19:25:59.900+0000] {dag.py:3427} INFO - Setting next_dagrun for example_task_group_decorator to 2022-12-14T19:25:59.900378+00:00, run_after=2022-12-15T19:25:59.900378+00:00
[2022-12-15T19:25:59.919+0000] {processor.py:175} INFO - Processing /home/airflow/.local/lib/python3.7/site-packages/airflow/example_dags/example_task_group_decorator.py took 0.136 seconds
[2022-12-15T19:26:30.301+0000] {processor.py:153} INFO - Started process (PID=154) to work on /home/airflow/.local/lib/python3.7/site-packages/airflow/example_dags/example_task_group_decorator.py
[2022-12-15T19:26:30.302+0000] {processor.py:743} INFO - Processing file /home/airflow/.local/lib/python3.7/site-packages/airflow/example_dags/example_task_group_decorator.py for tasks to queue
[2022-12-15T19:26:30.302+0000] {logging_mixin.py:137} INFO - [2022-12-15T19:26:30.302+0000] {dagbag.py:538} INFO - Filling up the DagBag from /home/airflow/.local/lib/python3.7/site-packages/airflow/example_dags/example_task_group_decorator.py
[2022-12-15T19:26:30.339+0000] {processor.py:753} INFO - DAG(s) dict_keys(['example_task_group_decorator']) retrieved from /home/airflow/.local/lib/python3.7/site-packages/airflow/example_dags/example_task_group_decorator.py
[2022-12-15T19:26:30.388+0000] {logging_mixin.py:137} INFO - [2022-12-15T19:26:30.387+0000] {dag.py:2676} INFO - Sync 1 DAGs
[2022-12-15T19:26:30.424+0000] {logging_mixin.py:137} INFO - [2022-12-15T19:26:30.424+0000] {dag.py:3427} INFO - Setting next_dagrun for example_task_group_decorator to 2022-12-14T19:26:30.424081+00:00, run_after=2022-12-15T19:26:30.424081+00:00
[2022-12-15T19:26:30.445+0000] {processor.py:175} INFO - Processing /home/airflow/.local/lib/python3.7/site-packages/airflow/example_dags/example_task_group_decorator.py took 0.147 seconds
[2022-12-15T19:27:01.690+0000] {processor.py:153} INFO - Started process (PID=239) to work on /home/airflow/.local/lib/python3.7/site-packages/airflow/example_dags/example_task_group_decorator.py
[2022-12-15T19:27:01.691+0000] {processor.py:743} INFO - Processing file /home/airflow/.local/lib/python3.7/site-packages/airflow/example_dags/example_task_group_decorator.py for tasks to queue
[2022-12-15T19:27:01.693+0000] {logging_mixin.py:137} INFO - [2022-12-15T19:27:01.692+0000] {dagbag.py:538} INFO - Filling up the DagBag from /home/airflow/.local/lib/python3.7/site-packages/airflow/example_dags/example_task_group_decorator.py
[2022-12-15T19:27:01.745+0000] {processor.py:753} INFO - DAG(s) dict_keys(['example_task_group_decorator']) retrieved from /home/airflow/.local/lib/python3.7/site-packages/airflow/example_dags/example_task_group_decorator.py
[2022-12-15T19:27:01.811+0000] {logging_mixin.py:137} INFO - [2022-12-15T19:27:01.811+0000] {dag.py:2676} INFO - Sync 1 DAGs
[2022-12-15T19:27:01.870+0000] {logging_mixin.py:137} INFO - [2022-12-15T19:27:01.869+0000] {dag.py:3427} INFO - Setting next_dagrun for example_task_group_decorator to 2022-12-14T19:27:01.869390+00:00, run_after=2022-12-15T19:27:01.869390+00:00
[2022-12-15T19:27:01.907+0000] {processor.py:175} INFO - Processing /home/airflow/.local/lib/python3.7/site-packages/airflow/example_dags/example_task_group_decorator.py took 0.222 seconds
