[2022-12-15T19:23:36.259+0000] {processor.py:153} INFO - Started process (PID=57) to work on /home/airflow/.local/lib/python3.7/site-packages/airflow/example_dags/example_skip_dag.py
[2022-12-15T19:23:36.260+0000] {processor.py:743} INFO - Processing file /home/airflow/.local/lib/python3.7/site-packages/airflow/example_dags/example_skip_dag.py for tasks to queue
[2022-12-15T19:23:36.261+0000] {logging_mixin.py:137} INFO - [2022-12-15T19:23:36.261+0000] {dagbag.py:538} INFO - Filling up the DagBag from /home/airflow/.local/lib/python3.7/site-packages/airflow/example_dags/example_skip_dag.py
[2022-12-15T19:23:36.319+0000] {processor.py:753} INFO - DAG(s) dict_keys(['example_skip_dag']) retrieved from /home/airflow/.local/lib/python3.7/site-packages/airflow/example_dags/example_skip_dag.py
[2022-12-15T19:23:36.396+0000] {logging_mixin.py:137} INFO - [2022-12-15T19:23:36.396+0000] {dag.py:2676} INFO - Sync 1 DAGs
[2022-12-15T19:23:36.463+0000] {logging_mixin.py:137} INFO - [2022-12-15T19:23:36.463+0000] {dag.py:3427} INFO - Setting next_dagrun for example_skip_dag to 2022-12-14T19:23:36.463081+00:00, run_after=2022-12-15T19:23:36.463081+00:00
[2022-12-15T19:23:36.556+0000] {processor.py:175} INFO - Processing /home/airflow/.local/lib/python3.7/site-packages/airflow/example_dags/example_skip_dag.py took 0.302 seconds
[2022-12-15T19:24:07.047+0000] {processor.py:153} INFO - Started process (PID=127) to work on /home/airflow/.local/lib/python3.7/site-packages/airflow/example_dags/example_skip_dag.py
[2022-12-15T19:24:07.048+0000] {processor.py:743} INFO - Processing file /home/airflow/.local/lib/python3.7/site-packages/airflow/example_dags/example_skip_dag.py for tasks to queue
[2022-12-15T19:24:07.049+0000] {logging_mixin.py:137} INFO - [2022-12-15T19:24:07.049+0000] {dagbag.py:538} INFO - Filling up the DagBag from /home/airflow/.local/lib/python3.7/site-packages/airflow/example_dags/example_skip_dag.py
[2022-12-15T19:24:07.068+0000] {processor.py:753} INFO - DAG(s) dict_keys(['example_skip_dag']) retrieved from /home/airflow/.local/lib/python3.7/site-packages/airflow/example_dags/example_skip_dag.py
[2022-12-15T19:24:07.111+0000] {logging_mixin.py:137} INFO - [2022-12-15T19:24:07.111+0000] {dag.py:2676} INFO - Sync 1 DAGs
[2022-12-15T19:24:07.138+0000] {logging_mixin.py:137} INFO - [2022-12-15T19:24:07.138+0000] {dag.py:3427} INFO - Setting next_dagrun for example_skip_dag to 2022-12-14T19:24:07.138354+00:00, run_after=2022-12-15T19:24:07.138354+00:00
[2022-12-15T19:24:07.159+0000] {processor.py:175} INFO - Processing /home/airflow/.local/lib/python3.7/site-packages/airflow/example_dags/example_skip_dag.py took 0.115 seconds
[2022-12-15T19:24:37.339+0000] {processor.py:153} INFO - Started process (PID=197) to work on /home/airflow/.local/lib/python3.7/site-packages/airflow/example_dags/example_skip_dag.py
[2022-12-15T19:24:37.340+0000] {processor.py:743} INFO - Processing file /home/airflow/.local/lib/python3.7/site-packages/airflow/example_dags/example_skip_dag.py for tasks to queue
[2022-12-15T19:24:37.340+0000] {logging_mixin.py:137} INFO - [2022-12-15T19:24:37.340+0000] {dagbag.py:538} INFO - Filling up the DagBag from /home/airflow/.local/lib/python3.7/site-packages/airflow/example_dags/example_skip_dag.py
[2022-12-15T19:24:37.359+0000] {processor.py:753} INFO - DAG(s) dict_keys(['example_skip_dag']) retrieved from /home/airflow/.local/lib/python3.7/site-packages/airflow/example_dags/example_skip_dag.py
[2022-12-15T19:24:37.402+0000] {logging_mixin.py:137} INFO - [2022-12-15T19:24:37.402+0000] {dag.py:2676} INFO - Sync 1 DAGs
[2022-12-15T19:24:37.433+0000] {logging_mixin.py:137} INFO - [2022-12-15T19:24:37.433+0000] {dag.py:3427} INFO - Setting next_dagrun for example_skip_dag to 2022-12-14T19:24:37.432823+00:00, run_after=2022-12-15T19:24:37.432823+00:00
[2022-12-15T19:24:37.458+0000] {processor.py:175} INFO - Processing /home/airflow/.local/lib/python3.7/site-packages/airflow/example_dags/example_skip_dag.py took 0.123 seconds
[2022-12-15T19:25:08.192+0000] {processor.py:153} INFO - Started process (PID=283) to work on /home/airflow/.local/lib/python3.7/site-packages/airflow/example_dags/example_skip_dag.py
[2022-12-15T19:25:08.193+0000] {processor.py:743} INFO - Processing file /home/airflow/.local/lib/python3.7/site-packages/airflow/example_dags/example_skip_dag.py for tasks to queue
[2022-12-15T19:25:08.194+0000] {logging_mixin.py:137} INFO - [2022-12-15T19:25:08.193+0000] {dagbag.py:538} INFO - Filling up the DagBag from /home/airflow/.local/lib/python3.7/site-packages/airflow/example_dags/example_skip_dag.py
[2022-12-15T19:25:08.216+0000] {processor.py:753} INFO - DAG(s) dict_keys(['example_skip_dag']) retrieved from /home/airflow/.local/lib/python3.7/site-packages/airflow/example_dags/example_skip_dag.py
[2022-12-15T19:25:08.259+0000] {logging_mixin.py:137} INFO - [2022-12-15T19:25:08.259+0000] {dag.py:2676} INFO - Sync 1 DAGs
[2022-12-15T19:25:08.323+0000] {logging_mixin.py:137} INFO - [2022-12-15T19:25:08.322+0000] {dag.py:3427} INFO - Setting next_dagrun for example_skip_dag to 2022-12-14T19:25:08.322379+00:00, run_after=2022-12-15T19:25:08.322379+00:00
[2022-12-15T19:25:08.373+0000] {processor.py:175} INFO - Processing /home/airflow/.local/lib/python3.7/site-packages/airflow/example_dags/example_skip_dag.py took 0.185 seconds
[2022-12-15T19:25:56.362+0000] {processor.py:153} INFO - Started process (PID=57) to work on /home/airflow/.local/lib/python3.7/site-packages/airflow/example_dags/example_skip_dag.py
[2022-12-15T19:25:56.363+0000] {processor.py:743} INFO - Processing file /home/airflow/.local/lib/python3.7/site-packages/airflow/example_dags/example_skip_dag.py for tasks to queue
[2022-12-15T19:25:56.365+0000] {logging_mixin.py:137} INFO - [2022-12-15T19:25:56.364+0000] {dagbag.py:538} INFO - Filling up the DagBag from /home/airflow/.local/lib/python3.7/site-packages/airflow/example_dags/example_skip_dag.py
[2022-12-15T19:25:56.400+0000] {processor.py:753} INFO - DAG(s) dict_keys(['example_skip_dag']) retrieved from /home/airflow/.local/lib/python3.7/site-packages/airflow/example_dags/example_skip_dag.py
[2022-12-15T19:25:56.506+0000] {logging_mixin.py:137} INFO - [2022-12-15T19:25:56.505+0000] {dag.py:2676} INFO - Sync 1 DAGs
[2022-12-15T19:25:56.569+0000] {logging_mixin.py:137} INFO - [2022-12-15T19:25:56.569+0000] {dag.py:3427} INFO - Setting next_dagrun for example_skip_dag to 2022-12-14T19:25:56.568762+00:00, run_after=2022-12-15T19:25:56.568762+00:00
[2022-12-15T19:25:56.602+0000] {processor.py:175} INFO - Processing /home/airflow/.local/lib/python3.7/site-packages/airflow/example_dags/example_skip_dag.py took 0.247 seconds
[2022-12-15T19:26:26.782+0000] {processor.py:153} INFO - Started process (PID=126) to work on /home/airflow/.local/lib/python3.7/site-packages/airflow/example_dags/example_skip_dag.py
[2022-12-15T19:26:26.783+0000] {processor.py:743} INFO - Processing file /home/airflow/.local/lib/python3.7/site-packages/airflow/example_dags/example_skip_dag.py for tasks to queue
[2022-12-15T19:26:26.784+0000] {logging_mixin.py:137} INFO - [2022-12-15T19:26:26.784+0000] {dagbag.py:538} INFO - Filling up the DagBag from /home/airflow/.local/lib/python3.7/site-packages/airflow/example_dags/example_skip_dag.py
[2022-12-15T19:26:26.802+0000] {processor.py:753} INFO - DAG(s) dict_keys(['example_skip_dag']) retrieved from /home/airflow/.local/lib/python3.7/site-packages/airflow/example_dags/example_skip_dag.py
[2022-12-15T19:26:26.842+0000] {logging_mixin.py:137} INFO - [2022-12-15T19:26:26.842+0000] {dag.py:2676} INFO - Sync 1 DAGs
[2022-12-15T19:26:26.874+0000] {logging_mixin.py:137} INFO - [2022-12-15T19:26:26.874+0000] {dag.py:3427} INFO - Setting next_dagrun for example_skip_dag to 2022-12-14T19:26:26.874265+00:00, run_after=2022-12-15T19:26:26.874265+00:00
[2022-12-15T19:26:26.899+0000] {processor.py:175} INFO - Processing /home/airflow/.local/lib/python3.7/site-packages/airflow/example_dags/example_skip_dag.py took 0.120 seconds
[2022-12-15T19:26:57.383+0000] {processor.py:153} INFO - Started process (PID=195) to work on /home/airflow/.local/lib/python3.7/site-packages/airflow/example_dags/example_skip_dag.py
[2022-12-15T19:26:57.384+0000] {processor.py:743} INFO - Processing file /home/airflow/.local/lib/python3.7/site-packages/airflow/example_dags/example_skip_dag.py for tasks to queue
[2022-12-15T19:26:57.384+0000] {logging_mixin.py:137} INFO - [2022-12-15T19:26:57.384+0000] {dagbag.py:538} INFO - Filling up the DagBag from /home/airflow/.local/lib/python3.7/site-packages/airflow/example_dags/example_skip_dag.py
[2022-12-15T19:26:57.398+0000] {processor.py:753} INFO - DAG(s) dict_keys(['example_skip_dag']) retrieved from /home/airflow/.local/lib/python3.7/site-packages/airflow/example_dags/example_skip_dag.py
[2022-12-15T19:26:57.435+0000] {logging_mixin.py:137} INFO - [2022-12-15T19:26:57.435+0000] {dag.py:2676} INFO - Sync 1 DAGs
[2022-12-15T19:26:57.460+0000] {logging_mixin.py:137} INFO - [2022-12-15T19:26:57.460+0000] {dag.py:3427} INFO - Setting next_dagrun for example_skip_dag to 2022-12-14T19:26:57.460484+00:00, run_after=2022-12-15T19:26:57.460484+00:00
[2022-12-15T19:26:57.482+0000] {processor.py:175} INFO - Processing /home/airflow/.local/lib/python3.7/site-packages/airflow/example_dags/example_skip_dag.py took 0.102 seconds
