[2022-12-15T19:23:37.650+0000] {processor.py:153} INFO - Started process (PID=69) to work on /home/airflow/.local/lib/python3.7/site-packages/airflow/example_dags/example_latest_only_with_trigger.py
[2022-12-15T19:23:37.652+0000] {processor.py:743} INFO - Processing file /home/airflow/.local/lib/python3.7/site-packages/airflow/example_dags/example_latest_only_with_trigger.py for tasks to queue
[2022-12-15T19:23:37.653+0000] {logging_mixin.py:137} INFO - [2022-12-15T19:23:37.653+0000] {dagbag.py:538} INFO - Filling up the DagBag from /home/airflow/.local/lib/python3.7/site-packages/airflow/example_dags/example_latest_only_with_trigger.py
[2022-12-15T19:23:37.684+0000] {processor.py:753} INFO - DAG(s) dict_keys(['latest_only_with_trigger']) retrieved from /home/airflow/.local/lib/python3.7/site-packages/airflow/example_dags/example_latest_only_with_trigger.py
[2022-12-15T19:23:37.743+0000] {logging_mixin.py:137} INFO - [2022-12-15T19:23:37.742+0000] {dag.py:2676} INFO - Sync 1 DAGs
[2022-12-15T19:23:37.797+0000] {logging_mixin.py:137} INFO - [2022-12-15T19:23:37.797+0000] {dag.py:3427} INFO - Setting next_dagrun for latest_only_with_trigger to 2022-12-15T15:23:37.796640+00:00, run_after=2022-12-15T19:23:37.796640+00:00
[2022-12-15T19:23:37.839+0000] {processor.py:175} INFO - Processing /home/airflow/.local/lib/python3.7/site-packages/airflow/example_dags/example_latest_only_with_trigger.py took 0.194 seconds
[2022-12-15T19:24:07.901+0000] {processor.py:153} INFO - Started process (PID=138) to work on /home/airflow/.local/lib/python3.7/site-packages/airflow/example_dags/example_latest_only_with_trigger.py
[2022-12-15T19:24:07.901+0000] {processor.py:743} INFO - Processing file /home/airflow/.local/lib/python3.7/site-packages/airflow/example_dags/example_latest_only_with_trigger.py for tasks to queue
[2022-12-15T19:24:07.902+0000] {logging_mixin.py:137} INFO - [2022-12-15T19:24:07.902+0000] {dagbag.py:538} INFO - Filling up the DagBag from /home/airflow/.local/lib/python3.7/site-packages/airflow/example_dags/example_latest_only_with_trigger.py
[2022-12-15T19:24:07.919+0000] {processor.py:753} INFO - DAG(s) dict_keys(['latest_only_with_trigger']) retrieved from /home/airflow/.local/lib/python3.7/site-packages/airflow/example_dags/example_latest_only_with_trigger.py
[2022-12-15T19:24:07.953+0000] {logging_mixin.py:137} INFO - [2022-12-15T19:24:07.953+0000] {dag.py:2676} INFO - Sync 1 DAGs
[2022-12-15T19:24:07.978+0000] {logging_mixin.py:137} INFO - [2022-12-15T19:24:07.978+0000] {dag.py:3427} INFO - Setting next_dagrun for latest_only_with_trigger to 2022-12-15T15:24:07.978165+00:00, run_after=2022-12-15T19:24:07.978165+00:00
[2022-12-15T19:24:07.995+0000] {processor.py:175} INFO - Processing /home/airflow/.local/lib/python3.7/site-packages/airflow/example_dags/example_latest_only_with_trigger.py took 0.097 seconds
[2022-12-15T19:24:38.406+0000] {processor.py:153} INFO - Started process (PID=208) to work on /home/airflow/.local/lib/python3.7/site-packages/airflow/example_dags/example_latest_only_with_trigger.py
[2022-12-15T19:24:38.407+0000] {processor.py:743} INFO - Processing file /home/airflow/.local/lib/python3.7/site-packages/airflow/example_dags/example_latest_only_with_trigger.py for tasks to queue
[2022-12-15T19:24:38.408+0000] {logging_mixin.py:137} INFO - [2022-12-15T19:24:38.408+0000] {dagbag.py:538} INFO - Filling up the DagBag from /home/airflow/.local/lib/python3.7/site-packages/airflow/example_dags/example_latest_only_with_trigger.py
[2022-12-15T19:24:38.424+0000] {processor.py:753} INFO - DAG(s) dict_keys(['latest_only_with_trigger']) retrieved from /home/airflow/.local/lib/python3.7/site-packages/airflow/example_dags/example_latest_only_with_trigger.py
[2022-12-15T19:24:38.468+0000] {logging_mixin.py:137} INFO - [2022-12-15T19:24:38.468+0000] {dag.py:2676} INFO - Sync 1 DAGs
[2022-12-15T19:24:38.504+0000] {logging_mixin.py:137} INFO - [2022-12-15T19:24:38.504+0000] {dag.py:3427} INFO - Setting next_dagrun for latest_only_with_trigger to 2022-12-15T15:24:38.503959+00:00, run_after=2022-12-15T19:24:38.503959+00:00
[2022-12-15T19:24:38.528+0000] {processor.py:175} INFO - Processing /home/airflow/.local/lib/python3.7/site-packages/airflow/example_dags/example_latest_only_with_trigger.py took 0.124 seconds
[2022-12-15T19:25:09.528+0000] {processor.py:153} INFO - Started process (PID=295) to work on /home/airflow/.local/lib/python3.7/site-packages/airflow/example_dags/example_latest_only_with_trigger.py
[2022-12-15T19:25:09.529+0000] {processor.py:743} INFO - Processing file /home/airflow/.local/lib/python3.7/site-packages/airflow/example_dags/example_latest_only_with_trigger.py for tasks to queue
[2022-12-15T19:25:09.530+0000] {logging_mixin.py:137} INFO - [2022-12-15T19:25:09.529+0000] {dagbag.py:538} INFO - Filling up the DagBag from /home/airflow/.local/lib/python3.7/site-packages/airflow/example_dags/example_latest_only_with_trigger.py
[2022-12-15T19:25:09.545+0000] {processor.py:753} INFO - DAG(s) dict_keys(['latest_only_with_trigger']) retrieved from /home/airflow/.local/lib/python3.7/site-packages/airflow/example_dags/example_latest_only_with_trigger.py
[2022-12-15T19:25:09.577+0000] {logging_mixin.py:137} INFO - [2022-12-15T19:25:09.576+0000] {dag.py:2676} INFO - Sync 1 DAGs
[2022-12-15T19:25:09.610+0000] {logging_mixin.py:137} INFO - [2022-12-15T19:25:09.610+0000] {dag.py:3427} INFO - Setting next_dagrun for latest_only_with_trigger to 2022-12-15T15:25:09.609872+00:00, run_after=2022-12-15T19:25:09.609872+00:00
[2022-12-15T19:25:09.672+0000] {processor.py:175} INFO - Processing /home/airflow/.local/lib/python3.7/site-packages/airflow/example_dags/example_latest_only_with_trigger.py took 0.147 seconds
[2022-12-15T19:25:58.061+0000] {processor.py:153} INFO - Started process (PID=69) to work on /home/airflow/.local/lib/python3.7/site-packages/airflow/example_dags/example_latest_only_with_trigger.py
[2022-12-15T19:25:58.062+0000] {processor.py:743} INFO - Processing file /home/airflow/.local/lib/python3.7/site-packages/airflow/example_dags/example_latest_only_with_trigger.py for tasks to queue
[2022-12-15T19:25:58.063+0000] {logging_mixin.py:137} INFO - [2022-12-15T19:25:58.063+0000] {dagbag.py:538} INFO - Filling up the DagBag from /home/airflow/.local/lib/python3.7/site-packages/airflow/example_dags/example_latest_only_with_trigger.py
[2022-12-15T19:25:58.088+0000] {processor.py:753} INFO - DAG(s) dict_keys(['latest_only_with_trigger']) retrieved from /home/airflow/.local/lib/python3.7/site-packages/airflow/example_dags/example_latest_only_with_trigger.py
[2022-12-15T19:25:58.146+0000] {logging_mixin.py:137} INFO - [2022-12-15T19:25:58.146+0000] {dag.py:2676} INFO - Sync 1 DAGs
[2022-12-15T19:25:58.194+0000] {logging_mixin.py:137} INFO - [2022-12-15T19:25:58.194+0000] {dag.py:3427} INFO - Setting next_dagrun for latest_only_with_trigger to 2022-12-15T15:25:58.193494+00:00, run_after=2022-12-15T19:25:58.193494+00:00
[2022-12-15T19:25:58.229+0000] {processor.py:175} INFO - Processing /home/airflow/.local/lib/python3.7/site-packages/airflow/example_dags/example_latest_only_with_trigger.py took 0.173 seconds
[2022-12-15T19:26:28.981+0000] {processor.py:153} INFO - Started process (PID=138) to work on /home/airflow/.local/lib/python3.7/site-packages/airflow/example_dags/example_latest_only_with_trigger.py
[2022-12-15T19:26:28.982+0000] {processor.py:743} INFO - Processing file /home/airflow/.local/lib/python3.7/site-packages/airflow/example_dags/example_latest_only_with_trigger.py for tasks to queue
[2022-12-15T19:26:28.982+0000] {logging_mixin.py:137} INFO - [2022-12-15T19:26:28.982+0000] {dagbag.py:538} INFO - Filling up the DagBag from /home/airflow/.local/lib/python3.7/site-packages/airflow/example_dags/example_latest_only_with_trigger.py
[2022-12-15T19:26:28.998+0000] {processor.py:753} INFO - DAG(s) dict_keys(['latest_only_with_trigger']) retrieved from /home/airflow/.local/lib/python3.7/site-packages/airflow/example_dags/example_latest_only_with_trigger.py
[2022-12-15T19:26:29.034+0000] {logging_mixin.py:137} INFO - [2022-12-15T19:26:29.034+0000] {dag.py:2676} INFO - Sync 1 DAGs
[2022-12-15T19:26:29.064+0000] {logging_mixin.py:137} INFO - [2022-12-15T19:26:29.063+0000] {dag.py:3427} INFO - Setting next_dagrun for latest_only_with_trigger to 2022-12-15T15:26:29.063747+00:00, run_after=2022-12-15T19:26:29.063747+00:00
[2022-12-15T19:26:29.083+0000] {processor.py:175} INFO - Processing /home/airflow/.local/lib/python3.7/site-packages/airflow/example_dags/example_latest_only_with_trigger.py took 0.105 seconds
[2022-12-15T19:26:59.728+0000] {processor.py:153} INFO - Started process (PID=216) to work on /home/airflow/.local/lib/python3.7/site-packages/airflow/example_dags/example_latest_only_with_trigger.py
[2022-12-15T19:26:59.729+0000] {processor.py:743} INFO - Processing file /home/airflow/.local/lib/python3.7/site-packages/airflow/example_dags/example_latest_only_with_trigger.py for tasks to queue
[2022-12-15T19:26:59.730+0000] {logging_mixin.py:137} INFO - [2022-12-15T19:26:59.730+0000] {dagbag.py:538} INFO - Filling up the DagBag from /home/airflow/.local/lib/python3.7/site-packages/airflow/example_dags/example_latest_only_with_trigger.py
[2022-12-15T19:26:59.748+0000] {processor.py:753} INFO - DAG(s) dict_keys(['latest_only_with_trigger']) retrieved from /home/airflow/.local/lib/python3.7/site-packages/airflow/example_dags/example_latest_only_with_trigger.py
[2022-12-15T19:26:59.804+0000] {logging_mixin.py:137} INFO - [2022-12-15T19:26:59.803+0000] {dag.py:2676} INFO - Sync 1 DAGs
[2022-12-15T19:26:59.858+0000] {logging_mixin.py:137} INFO - [2022-12-15T19:26:59.857+0000] {dag.py:3427} INFO - Setting next_dagrun for latest_only_with_trigger to 2022-12-15T15:26:59.857394+00:00, run_after=2022-12-15T19:26:59.857394+00:00
[2022-12-15T19:26:59.892+0000] {processor.py:175} INFO - Processing /home/airflow/.local/lib/python3.7/site-packages/airflow/example_dags/example_latest_only_with_trigger.py took 0.167 seconds
