[2022-12-15T19:23:37.466+0000] {processor.py:153} INFO - Started process (PID=67) to work on /home/airflow/.local/lib/python3.7/site-packages/airflow/example_dags/example_branch_operator.py
[2022-12-15T19:23:37.467+0000] {processor.py:743} INFO - Processing file /home/airflow/.local/lib/python3.7/site-packages/airflow/example_dags/example_branch_operator.py for tasks to queue
[2022-12-15T19:23:37.467+0000] {logging_mixin.py:137} INFO - [2022-12-15T19:23:37.467+0000] {dagbag.py:538} INFO - Filling up the DagBag from /home/airflow/.local/lib/python3.7/site-packages/airflow/example_dags/example_branch_operator.py
[2022-12-15T19:23:37.494+0000] {processor.py:753} INFO - DAG(s) dict_keys(['example_branch_operator']) retrieved from /home/airflow/.local/lib/python3.7/site-packages/airflow/example_dags/example_branch_operator.py
[2022-12-15T19:23:37.532+0000] {logging_mixin.py:137} INFO - [2022-12-15T19:23:37.532+0000] {dag.py:2676} INFO - Sync 1 DAGs
[2022-12-15T19:23:37.573+0000] {logging_mixin.py:137} INFO - [2022-12-15T19:23:37.573+0000] {dag.py:3427} INFO - Setting next_dagrun for example_branch_operator to 2022-12-14T00:00:00+00:00, run_after=2022-12-15T00:00:00+00:00
[2022-12-15T19:23:37.607+0000] {processor.py:175} INFO - Processing /home/airflow/.local/lib/python3.7/site-packages/airflow/example_dags/example_branch_operator.py took 0.145 seconds
[2022-12-15T19:24:07.782+0000] {processor.py:153} INFO - Started process (PID=137) to work on /home/airflow/.local/lib/python3.7/site-packages/airflow/example_dags/example_branch_operator.py
[2022-12-15T19:24:07.782+0000] {processor.py:743} INFO - Processing file /home/airflow/.local/lib/python3.7/site-packages/airflow/example_dags/example_branch_operator.py for tasks to queue
[2022-12-15T19:24:07.783+0000] {logging_mixin.py:137} INFO - [2022-12-15T19:24:07.783+0000] {dagbag.py:538} INFO - Filling up the DagBag from /home/airflow/.local/lib/python3.7/site-packages/airflow/example_dags/example_branch_operator.py
[2022-12-15T19:24:07.802+0000] {processor.py:753} INFO - DAG(s) dict_keys(['example_branch_operator']) retrieved from /home/airflow/.local/lib/python3.7/site-packages/airflow/example_dags/example_branch_operator.py
[2022-12-15T19:24:07.839+0000] {logging_mixin.py:137} INFO - [2022-12-15T19:24:07.839+0000] {dag.py:2676} INFO - Sync 1 DAGs
[2022-12-15T19:24:07.866+0000] {logging_mixin.py:137} INFO - [2022-12-15T19:24:07.866+0000] {dag.py:3427} INFO - Setting next_dagrun for example_branch_operator to 2022-12-14T00:00:00+00:00, run_after=2022-12-15T00:00:00+00:00
[2022-12-15T19:24:07.883+0000] {processor.py:175} INFO - Processing /home/airflow/.local/lib/python3.7/site-packages/airflow/example_dags/example_branch_operator.py took 0.104 seconds
[2022-12-15T19:24:38.328+0000] {processor.py:153} INFO - Started process (PID=207) to work on /home/airflow/.local/lib/python3.7/site-packages/airflow/example_dags/example_branch_operator.py
[2022-12-15T19:24:38.329+0000] {processor.py:743} INFO - Processing file /home/airflow/.local/lib/python3.7/site-packages/airflow/example_dags/example_branch_operator.py for tasks to queue
[2022-12-15T19:24:38.330+0000] {logging_mixin.py:137} INFO - [2022-12-15T19:24:38.330+0000] {dagbag.py:538} INFO - Filling up the DagBag from /home/airflow/.local/lib/python3.7/site-packages/airflow/example_dags/example_branch_operator.py
[2022-12-15T19:24:38.356+0000] {processor.py:753} INFO - DAG(s) dict_keys(['example_branch_operator']) retrieved from /home/airflow/.local/lib/python3.7/site-packages/airflow/example_dags/example_branch_operator.py
[2022-12-15T19:24:38.411+0000] {logging_mixin.py:137} INFO - [2022-12-15T19:24:38.411+0000] {dag.py:2676} INFO - Sync 1 DAGs
[2022-12-15T19:24:38.450+0000] {logging_mixin.py:137} INFO - [2022-12-15T19:24:38.450+0000] {dag.py:3427} INFO - Setting next_dagrun for example_branch_operator to 2022-12-14T00:00:00+00:00, run_after=2022-12-15T00:00:00+00:00
[2022-12-15T19:24:38.474+0000] {processor.py:175} INFO - Processing /home/airflow/.local/lib/python3.7/site-packages/airflow/example_dags/example_branch_operator.py took 0.149 seconds
[2022-12-15T19:25:09.251+0000] {processor.py:153} INFO - Started process (PID=293) to work on /home/airflow/.local/lib/python3.7/site-packages/airflow/example_dags/example_branch_operator.py
[2022-12-15T19:25:09.251+0000] {processor.py:743} INFO - Processing file /home/airflow/.local/lib/python3.7/site-packages/airflow/example_dags/example_branch_operator.py for tasks to queue
[2022-12-15T19:25:09.252+0000] {logging_mixin.py:137} INFO - [2022-12-15T19:25:09.252+0000] {dagbag.py:538} INFO - Filling up the DagBag from /home/airflow/.local/lib/python3.7/site-packages/airflow/example_dags/example_branch_operator.py
[2022-12-15T19:25:09.272+0000] {processor.py:753} INFO - DAG(s) dict_keys(['example_branch_operator']) retrieved from /home/airflow/.local/lib/python3.7/site-packages/airflow/example_dags/example_branch_operator.py
[2022-12-15T19:25:09.303+0000] {logging_mixin.py:137} INFO - [2022-12-15T19:25:09.302+0000] {dag.py:2676} INFO - Sync 1 DAGs
[2022-12-15T19:25:09.360+0000] {logging_mixin.py:137} INFO - [2022-12-15T19:25:09.359+0000] {dag.py:3427} INFO - Setting next_dagrun for example_branch_operator to 2022-12-14T00:00:00+00:00, run_after=2022-12-15T00:00:00+00:00
[2022-12-15T19:25:09.390+0000] {processor.py:175} INFO - Processing /home/airflow/.local/lib/python3.7/site-packages/airflow/example_dags/example_branch_operator.py took 0.142 seconds
[2022-12-15T19:25:57.851+0000] {processor.py:153} INFO - Started process (PID=67) to work on /home/airflow/.local/lib/python3.7/site-packages/airflow/example_dags/example_branch_operator.py
[2022-12-15T19:25:57.852+0000] {processor.py:743} INFO - Processing file /home/airflow/.local/lib/python3.7/site-packages/airflow/example_dags/example_branch_operator.py for tasks to queue
[2022-12-15T19:25:57.853+0000] {logging_mixin.py:137} INFO - [2022-12-15T19:25:57.853+0000] {dagbag.py:538} INFO - Filling up the DagBag from /home/airflow/.local/lib/python3.7/site-packages/airflow/example_dags/example_branch_operator.py
[2022-12-15T19:25:57.875+0000] {processor.py:753} INFO - DAG(s) dict_keys(['example_branch_operator']) retrieved from /home/airflow/.local/lib/python3.7/site-packages/airflow/example_dags/example_branch_operator.py
[2022-12-15T19:25:57.922+0000] {logging_mixin.py:137} INFO - [2022-12-15T19:25:57.922+0000] {dag.py:2676} INFO - Sync 1 DAGs
[2022-12-15T19:25:57.983+0000] {logging_mixin.py:137} INFO - [2022-12-15T19:25:57.982+0000] {dag.py:3427} INFO - Setting next_dagrun for example_branch_operator to 2022-12-14T00:00:00+00:00, run_after=2022-12-15T00:00:00+00:00
[2022-12-15T19:25:58.023+0000] {processor.py:175} INFO - Processing /home/airflow/.local/lib/python3.7/site-packages/airflow/example_dags/example_branch_operator.py took 0.175 seconds
[2022-12-15T19:26:28.807+0000] {processor.py:153} INFO - Started process (PID=136) to work on /home/airflow/.local/lib/python3.7/site-packages/airflow/example_dags/example_branch_operator.py
[2022-12-15T19:26:28.808+0000] {processor.py:743} INFO - Processing file /home/airflow/.local/lib/python3.7/site-packages/airflow/example_dags/example_branch_operator.py for tasks to queue
[2022-12-15T19:26:28.809+0000] {logging_mixin.py:137} INFO - [2022-12-15T19:26:28.809+0000] {dagbag.py:538} INFO - Filling up the DagBag from /home/airflow/.local/lib/python3.7/site-packages/airflow/example_dags/example_branch_operator.py
[2022-12-15T19:26:28.838+0000] {processor.py:753} INFO - DAG(s) dict_keys(['example_branch_operator']) retrieved from /home/airflow/.local/lib/python3.7/site-packages/airflow/example_dags/example_branch_operator.py
[2022-12-15T19:26:28.893+0000] {logging_mixin.py:137} INFO - [2022-12-15T19:26:28.893+0000] {dag.py:2676} INFO - Sync 1 DAGs
[2022-12-15T19:26:28.938+0000] {logging_mixin.py:137} INFO - [2022-12-15T19:26:28.938+0000] {dag.py:3427} INFO - Setting next_dagrun for example_branch_operator to 2022-12-14T00:00:00+00:00, run_after=2022-12-15T00:00:00+00:00
[2022-12-15T19:26:28.959+0000] {processor.py:175} INFO - Processing /home/airflow/.local/lib/python3.7/site-packages/airflow/example_dags/example_branch_operator.py took 0.156 seconds
[2022-12-15T19:26:59.492+0000] {processor.py:153} INFO - Started process (PID=214) to work on /home/airflow/.local/lib/python3.7/site-packages/airflow/example_dags/example_branch_operator.py
[2022-12-15T19:26:59.493+0000] {processor.py:743} INFO - Processing file /home/airflow/.local/lib/python3.7/site-packages/airflow/example_dags/example_branch_operator.py for tasks to queue
[2022-12-15T19:26:59.494+0000] {logging_mixin.py:137} INFO - [2022-12-15T19:26:59.494+0000] {dagbag.py:538} INFO - Filling up the DagBag from /home/airflow/.local/lib/python3.7/site-packages/airflow/example_dags/example_branch_operator.py
[2022-12-15T19:26:59.517+0000] {processor.py:753} INFO - DAG(s) dict_keys(['example_branch_operator']) retrieved from /home/airflow/.local/lib/python3.7/site-packages/airflow/example_dags/example_branch_operator.py
[2022-12-15T19:26:59.602+0000] {logging_mixin.py:137} INFO - [2022-12-15T19:26:59.601+0000] {dag.py:2676} INFO - Sync 1 DAGs
[2022-12-15T19:26:59.670+0000] {logging_mixin.py:137} INFO - [2022-12-15T19:26:59.670+0000] {dag.py:3427} INFO - Setting next_dagrun for example_branch_operator to 2022-12-14T00:00:00+00:00, run_after=2022-12-15T00:00:00+00:00
[2022-12-15T19:26:59.698+0000] {processor.py:175} INFO - Processing /home/airflow/.local/lib/python3.7/site-packages/airflow/example_dags/example_branch_operator.py took 0.210 seconds
