[2022-12-15T19:23:38.424+0000] {processor.py:153} INFO - Started process (PID=75) to work on /home/airflow/.local/lib/python3.7/site-packages/airflow/example_dags/example_subdag_operator.py
[2022-12-15T19:23:38.425+0000] {processor.py:743} INFO - Processing file /home/airflow/.local/lib/python3.7/site-packages/airflow/example_dags/example_subdag_operator.py for tasks to queue
[2022-12-15T19:23:38.425+0000] {logging_mixin.py:137} INFO - [2022-12-15T19:23:38.425+0000] {dagbag.py:538} INFO - Filling up the DagBag from /home/airflow/.local/lib/python3.7/site-packages/airflow/example_dags/example_subdag_operator.py
[2022-12-15T19:23:38.460+0000] {processor.py:753} INFO - DAG(s) dict_keys(['example_subdag_operator.section-1', 'example_subdag_operator.section-2', 'example_subdag_operator']) retrieved from /home/airflow/.local/lib/python3.7/site-packages/airflow/example_dags/example_subdag_operator.py
[2022-12-15T19:23:38.483+0000] {logging_mixin.py:137} INFO - [2022-12-15T19:23:38.483+0000] {dag.py:2676} INFO - Sync 3 DAGs
[2022-12-15T19:23:38.519+0000] {logging_mixin.py:137} INFO - [2022-12-15T19:23:38.519+0000] {dag.py:3427} INFO - Setting next_dagrun for example_subdag_operator to 2022-01-01T00:00:00+00:00, run_after=2022-01-01T00:00:00+00:00
[2022-12-15T19:23:38.524+0000] {logging_mixin.py:137} INFO - [2022-12-15T19:23:38.523+0000] {dag.py:3427} INFO - Setting next_dagrun for example_subdag_operator.section-1 to None, run_after=None
[2022-12-15T19:23:38.525+0000] {logging_mixin.py:137} INFO - [2022-12-15T19:23:38.525+0000] {dag.py:3427} INFO - Setting next_dagrun for example_subdag_operator.section-2 to None, run_after=None
[2022-12-15T19:23:38.534+0000] {logging_mixin.py:137} INFO - [2022-12-15T19:23:38.534+0000] {dag.py:2676} INFO - Sync 2 DAGs
[2022-12-15T19:23:38.542+0000] {logging_mixin.py:137} INFO - [2022-12-15T19:23:38.542+0000] {dag.py:3427} INFO - Setting next_dagrun for example_subdag_operator.section-1 to None, run_after=None
[2022-12-15T19:23:38.542+0000] {logging_mixin.py:137} INFO - [2022-12-15T19:23:38.542+0000] {dag.py:3427} INFO - Setting next_dagrun for example_subdag_operator.section-2 to None, run_after=None
[2022-12-15T19:23:38.559+0000] {processor.py:175} INFO - Processing /home/airflow/.local/lib/python3.7/site-packages/airflow/example_dags/example_subdag_operator.py took 0.138 seconds
[2022-12-15T19:24:08.586+0000] {processor.py:153} INFO - Started process (PID=145) to work on /home/airflow/.local/lib/python3.7/site-packages/airflow/example_dags/example_subdag_operator.py
[2022-12-15T19:24:08.587+0000] {processor.py:743} INFO - Processing file /home/airflow/.local/lib/python3.7/site-packages/airflow/example_dags/example_subdag_operator.py for tasks to queue
[2022-12-15T19:24:08.587+0000] {logging_mixin.py:137} INFO - [2022-12-15T19:24:08.587+0000] {dagbag.py:538} INFO - Filling up the DagBag from /home/airflow/.local/lib/python3.7/site-packages/airflow/example_dags/example_subdag_operator.py
[2022-12-15T19:24:08.618+0000] {processor.py:753} INFO - DAG(s) dict_keys(['example_subdag_operator.section-1', 'example_subdag_operator.section-2', 'example_subdag_operator']) retrieved from /home/airflow/.local/lib/python3.7/site-packages/airflow/example_dags/example_subdag_operator.py
[2022-12-15T19:24:08.647+0000] {logging_mixin.py:137} INFO - [2022-12-15T19:24:08.646+0000] {dag.py:2676} INFO - Sync 3 DAGs
[2022-12-15T19:24:08.671+0000] {logging_mixin.py:137} INFO - [2022-12-15T19:24:08.671+0000] {dag.py:3427} INFO - Setting next_dagrun for example_subdag_operator to 2022-01-01T00:00:00+00:00, run_after=2022-01-01T00:00:00+00:00
[2022-12-15T19:24:08.674+0000] {logging_mixin.py:137} INFO - [2022-12-15T19:24:08.674+0000] {dag.py:3427} INFO - Setting next_dagrun for example_subdag_operator.section-1 to None, run_after=None
[2022-12-15T19:24:08.675+0000] {logging_mixin.py:137} INFO - [2022-12-15T19:24:08.675+0000] {dag.py:3427} INFO - Setting next_dagrun for example_subdag_operator.section-2 to None, run_after=None
[2022-12-15T19:24:08.681+0000] {logging_mixin.py:137} INFO - [2022-12-15T19:24:08.681+0000] {dag.py:2676} INFO - Sync 2 DAGs
[2022-12-15T19:24:08.686+0000] {logging_mixin.py:137} INFO - [2022-12-15T19:24:08.686+0000] {dag.py:3427} INFO - Setting next_dagrun for example_subdag_operator.section-1 to None, run_after=None
[2022-12-15T19:24:08.687+0000] {logging_mixin.py:137} INFO - [2022-12-15T19:24:08.687+0000] {dag.py:3427} INFO - Setting next_dagrun for example_subdag_operator.section-2 to None, run_after=None
[2022-12-15T19:24:08.705+0000] {processor.py:175} INFO - Processing /home/airflow/.local/lib/python3.7/site-packages/airflow/example_dags/example_subdag_operator.py took 0.122 seconds
[2022-12-15T19:24:38.975+0000] {processor.py:153} INFO - Started process (PID=215) to work on /home/airflow/.local/lib/python3.7/site-packages/airflow/example_dags/example_subdag_operator.py
[2022-12-15T19:24:38.976+0000] {processor.py:743} INFO - Processing file /home/airflow/.local/lib/python3.7/site-packages/airflow/example_dags/example_subdag_operator.py for tasks to queue
[2022-12-15T19:24:38.977+0000] {logging_mixin.py:137} INFO - [2022-12-15T19:24:38.977+0000] {dagbag.py:538} INFO - Filling up the DagBag from /home/airflow/.local/lib/python3.7/site-packages/airflow/example_dags/example_subdag_operator.py
[2022-12-15T19:24:39.015+0000] {processor.py:753} INFO - DAG(s) dict_keys(['example_subdag_operator.section-1', 'example_subdag_operator.section-2', 'example_subdag_operator']) retrieved from /home/airflow/.local/lib/python3.7/site-packages/airflow/example_dags/example_subdag_operator.py
[2022-12-15T19:24:39.052+0000] {logging_mixin.py:137} INFO - [2022-12-15T19:24:39.052+0000] {dag.py:2676} INFO - Sync 3 DAGs
[2022-12-15T19:24:39.083+0000] {logging_mixin.py:137} INFO - [2022-12-15T19:24:39.083+0000] {dag.py:3427} INFO - Setting next_dagrun for example_subdag_operator to 2022-01-01T00:00:00+00:00, run_after=2022-01-01T00:00:00+00:00
[2022-12-15T19:24:39.089+0000] {logging_mixin.py:137} INFO - [2022-12-15T19:24:39.088+0000] {dag.py:3427} INFO - Setting next_dagrun for example_subdag_operator.section-1 to None, run_after=None
[2022-12-15T19:24:39.090+0000] {logging_mixin.py:137} INFO - [2022-12-15T19:24:39.090+0000] {dag.py:3427} INFO - Setting next_dagrun for example_subdag_operator.section-2 to None, run_after=None
[2022-12-15T19:24:39.101+0000] {logging_mixin.py:137} INFO - [2022-12-15T19:24:39.101+0000] {dag.py:2676} INFO - Sync 2 DAGs
[2022-12-15T19:24:39.108+0000] {logging_mixin.py:137} INFO - [2022-12-15T19:24:39.108+0000] {dag.py:3427} INFO - Setting next_dagrun for example_subdag_operator.section-1 to None, run_after=None
[2022-12-15T19:24:39.109+0000] {logging_mixin.py:137} INFO - [2022-12-15T19:24:39.108+0000] {dag.py:3427} INFO - Setting next_dagrun for example_subdag_operator.section-2 to None, run_after=None
[2022-12-15T19:24:39.133+0000] {processor.py:175} INFO - Processing /home/airflow/.local/lib/python3.7/site-packages/airflow/example_dags/example_subdag_operator.py took 0.161 seconds
[2022-12-15T19:25:10.003+0000] {processor.py:153} INFO - Started process (PID=301) to work on /home/airflow/.local/lib/python3.7/site-packages/airflow/example_dags/example_subdag_operator.py
[2022-12-15T19:25:12.178+0000] {processor.py:743} INFO - Processing file /home/airflow/.local/lib/python3.7/site-packages/airflow/example_dags/example_subdag_operator.py for tasks to queue
[2022-12-15T19:25:12.181+0000] {logging_mixin.py:137} INFO - [2022-12-15T19:25:12.180+0000] {dagbag.py:538} INFO - Filling up the DagBag from /home/airflow/.local/lib/python3.7/site-packages/airflow/example_dags/example_subdag_operator.py
[2022-12-15T19:25:12.249+0000] {processor.py:753} INFO - DAG(s) dict_keys(['example_subdag_operator.section-1', 'example_subdag_operator.section-2', 'example_subdag_operator']) retrieved from /home/airflow/.local/lib/python3.7/site-packages/airflow/example_dags/example_subdag_operator.py
[2022-12-15T19:25:12.284+0000] {logging_mixin.py:137} INFO - [2022-12-15T19:25:12.284+0000] {dag.py:2676} INFO - Sync 3 DAGs
[2022-12-15T19:25:12.339+0000] {logging_mixin.py:137} INFO - [2022-12-15T19:25:12.338+0000] {dag.py:3427} INFO - Setting next_dagrun for example_subdag_operator to 2022-01-01T00:00:00+00:00, run_after=2022-01-01T00:00:00+00:00
[2022-12-15T19:25:12.349+0000] {logging_mixin.py:137} INFO - [2022-12-15T19:25:12.348+0000] {dag.py:3427} INFO - Setting next_dagrun for example_subdag_operator.section-1 to None, run_after=None
[2022-12-15T19:25:12.353+0000] {logging_mixin.py:137} INFO - [2022-12-15T19:25:12.352+0000] {dag.py:3427} INFO - Setting next_dagrun for example_subdag_operator.section-2 to None, run_after=None
[2022-12-15T19:25:12.376+0000] {logging_mixin.py:137} INFO - [2022-12-15T19:25:12.376+0000] {dag.py:2676} INFO - Sync 2 DAGs
[2022-12-15T19:25:12.393+0000] {logging_mixin.py:137} INFO - [2022-12-15T19:25:12.393+0000] {dag.py:3427} INFO - Setting next_dagrun for example_subdag_operator.section-1 to None, run_after=None
[2022-12-15T19:25:12.394+0000] {logging_mixin.py:137} INFO - [2022-12-15T19:25:12.394+0000] {dag.py:3427} INFO - Setting next_dagrun for example_subdag_operator.section-2 to None, run_after=None
[2022-12-15T19:25:12.429+0000] {processor.py:175} INFO - Processing /home/airflow/.local/lib/python3.7/site-packages/airflow/example_dags/example_subdag_operator.py took 2.429 seconds
[2022-12-15T19:25:58.907+0000] {processor.py:153} INFO - Started process (PID=75) to work on /home/airflow/.local/lib/python3.7/site-packages/airflow/example_dags/example_subdag_operator.py
[2022-12-15T19:25:58.908+0000] {processor.py:743} INFO - Processing file /home/airflow/.local/lib/python3.7/site-packages/airflow/example_dags/example_subdag_operator.py for tasks to queue
[2022-12-15T19:25:58.909+0000] {logging_mixin.py:137} INFO - [2022-12-15T19:25:58.909+0000] {dagbag.py:538} INFO - Filling up the DagBag from /home/airflow/.local/lib/python3.7/site-packages/airflow/example_dags/example_subdag_operator.py
[2022-12-15T19:25:58.957+0000] {processor.py:753} INFO - DAG(s) dict_keys(['example_subdag_operator.section-1', 'example_subdag_operator.section-2', 'example_subdag_operator']) retrieved from /home/airflow/.local/lib/python3.7/site-packages/airflow/example_dags/example_subdag_operator.py
[2022-12-15T19:25:58.998+0000] {logging_mixin.py:137} INFO - [2022-12-15T19:25:58.998+0000] {dag.py:2676} INFO - Sync 3 DAGs
[2022-12-15T19:25:59.028+0000] {logging_mixin.py:137} INFO - [2022-12-15T19:25:59.028+0000] {dag.py:3427} INFO - Setting next_dagrun for example_subdag_operator to 2022-01-01T00:00:00+00:00, run_after=2022-01-01T00:00:00+00:00
[2022-12-15T19:25:59.032+0000] {logging_mixin.py:137} INFO - [2022-12-15T19:25:59.032+0000] {dag.py:3427} INFO - Setting next_dagrun for example_subdag_operator.section-1 to None, run_after=None
[2022-12-15T19:25:59.033+0000] {logging_mixin.py:137} INFO - [2022-12-15T19:25:59.033+0000] {dag.py:3427} INFO - Setting next_dagrun for example_subdag_operator.section-2 to None, run_after=None
[2022-12-15T19:25:59.042+0000] {logging_mixin.py:137} INFO - [2022-12-15T19:25:59.041+0000] {dag.py:2676} INFO - Sync 2 DAGs
[2022-12-15T19:25:59.050+0000] {logging_mixin.py:137} INFO - [2022-12-15T19:25:59.050+0000] {dag.py:3427} INFO - Setting next_dagrun for example_subdag_operator.section-1 to None, run_after=None
[2022-12-15T19:25:59.051+0000] {logging_mixin.py:137} INFO - [2022-12-15T19:25:59.050+0000] {dag.py:3427} INFO - Setting next_dagrun for example_subdag_operator.section-2 to None, run_after=None
[2022-12-15T19:25:59.064+0000] {processor.py:175} INFO - Processing /home/airflow/.local/lib/python3.7/site-packages/airflow/example_dags/example_subdag_operator.py took 0.160 seconds
[2022-12-15T19:26:29.383+0000] {processor.py:153} INFO - Started process (PID=144) to work on /home/airflow/.local/lib/python3.7/site-packages/airflow/example_dags/example_subdag_operator.py
[2022-12-15T19:26:29.384+0000] {processor.py:743} INFO - Processing file /home/airflow/.local/lib/python3.7/site-packages/airflow/example_dags/example_subdag_operator.py for tasks to queue
[2022-12-15T19:26:29.385+0000] {logging_mixin.py:137} INFO - [2022-12-15T19:26:29.385+0000] {dagbag.py:538} INFO - Filling up the DagBag from /home/airflow/.local/lib/python3.7/site-packages/airflow/example_dags/example_subdag_operator.py
[2022-12-15T19:26:29.430+0000] {processor.py:753} INFO - DAG(s) dict_keys(['example_subdag_operator.section-1', 'example_subdag_operator.section-2', 'example_subdag_operator']) retrieved from /home/airflow/.local/lib/python3.7/site-packages/airflow/example_dags/example_subdag_operator.py
[2022-12-15T19:26:29.480+0000] {logging_mixin.py:137} INFO - [2022-12-15T19:26:29.480+0000] {dag.py:2676} INFO - Sync 3 DAGs
[2022-12-15T19:26:29.509+0000] {logging_mixin.py:137} INFO - [2022-12-15T19:26:29.509+0000] {dag.py:3427} INFO - Setting next_dagrun for example_subdag_operator to 2022-01-01T00:00:00+00:00, run_after=2022-01-01T00:00:00+00:00
[2022-12-15T19:26:29.513+0000] {logging_mixin.py:137} INFO - [2022-12-15T19:26:29.513+0000] {dag.py:3427} INFO - Setting next_dagrun for example_subdag_operator.section-1 to None, run_after=None
[2022-12-15T19:26:29.514+0000] {logging_mixin.py:137} INFO - [2022-12-15T19:26:29.514+0000] {dag.py:3427} INFO - Setting next_dagrun for example_subdag_operator.section-2 to None, run_after=None
[2022-12-15T19:26:29.523+0000] {logging_mixin.py:137} INFO - [2022-12-15T19:26:29.522+0000] {dag.py:2676} INFO - Sync 2 DAGs
[2022-12-15T19:26:29.530+0000] {logging_mixin.py:137} INFO - [2022-12-15T19:26:29.529+0000] {dag.py:3427} INFO - Setting next_dagrun for example_subdag_operator.section-1 to None, run_after=None
[2022-12-15T19:26:29.530+0000] {logging_mixin.py:137} INFO - [2022-12-15T19:26:29.530+0000] {dag.py:3427} INFO - Setting next_dagrun for example_subdag_operator.section-2 to None, run_after=None
[2022-12-15T19:26:29.544+0000] {processor.py:175} INFO - Processing /home/airflow/.local/lib/python3.7/site-packages/airflow/example_dags/example_subdag_operator.py took 0.164 seconds
[2022-12-15T19:27:00.370+0000] {processor.py:153} INFO - Started process (PID=229) to work on /home/airflow/.local/lib/python3.7/site-packages/airflow/example_dags/example_subdag_operator.py
[2022-12-15T19:27:00.371+0000] {processor.py:743} INFO - Processing file /home/airflow/.local/lib/python3.7/site-packages/airflow/example_dags/example_subdag_operator.py for tasks to queue
[2022-12-15T19:27:00.372+0000] {logging_mixin.py:137} INFO - [2022-12-15T19:27:00.372+0000] {dagbag.py:538} INFO - Filling up the DagBag from /home/airflow/.local/lib/python3.7/site-packages/airflow/example_dags/example_subdag_operator.py
[2022-12-15T19:27:00.430+0000] {processor.py:753} INFO - DAG(s) dict_keys(['example_subdag_operator.section-1', 'example_subdag_operator.section-2', 'example_subdag_operator']) retrieved from /home/airflow/.local/lib/python3.7/site-packages/airflow/example_dags/example_subdag_operator.py
[2022-12-15T19:27:00.493+0000] {logging_mixin.py:137} INFO - [2022-12-15T19:27:00.493+0000] {dag.py:2676} INFO - Sync 3 DAGs
[2022-12-15T19:27:00.549+0000] {logging_mixin.py:137} INFO - [2022-12-15T19:27:00.549+0000] {dag.py:3427} INFO - Setting next_dagrun for example_subdag_operator to 2022-01-01T00:00:00+00:00, run_after=2022-01-01T00:00:00+00:00
[2022-12-15T19:27:00.557+0000] {logging_mixin.py:137} INFO - [2022-12-15T19:27:00.557+0000] {dag.py:3427} INFO - Setting next_dagrun for example_subdag_operator.section-1 to None, run_after=None
[2022-12-15T19:27:00.560+0000] {logging_mixin.py:137} INFO - [2022-12-15T19:27:00.560+0000] {dag.py:3427} INFO - Setting next_dagrun for example_subdag_operator.section-2 to None, run_after=None
[2022-12-15T19:27:00.575+0000] {logging_mixin.py:137} INFO - [2022-12-15T19:27:00.575+0000] {dag.py:2676} INFO - Sync 2 DAGs
[2022-12-15T19:27:00.588+0000] {logging_mixin.py:137} INFO - [2022-12-15T19:27:00.588+0000] {dag.py:3427} INFO - Setting next_dagrun for example_subdag_operator.section-1 to None, run_after=None
[2022-12-15T19:27:00.589+0000] {logging_mixin.py:137} INFO - [2022-12-15T19:27:00.588+0000] {dag.py:3427} INFO - Setting next_dagrun for example_subdag_operator.section-2 to None, run_after=None
[2022-12-15T19:27:00.610+0000] {processor.py:175} INFO - Processing /home/airflow/.local/lib/python3.7/site-packages/airflow/example_dags/example_subdag_operator.py took 0.244 seconds
