[2022-12-15T19:23:39.383+0000] {processor.py:153} INFO - Started process (PID=89) to work on /home/airflow/.local/lib/python3.7/site-packages/airflow/example_dags/example_task_group.py
[2022-12-15T19:23:39.384+0000] {processor.py:743} INFO - Processing file /home/airflow/.local/lib/python3.7/site-packages/airflow/example_dags/example_task_group.py for tasks to queue
[2022-12-15T19:23:39.385+0000] {logging_mixin.py:137} INFO - [2022-12-15T19:23:39.385+0000] {dagbag.py:538} INFO - Filling up the DagBag from /home/airflow/.local/lib/python3.7/site-packages/airflow/example_dags/example_task_group.py
[2022-12-15T19:23:39.407+0000] {processor.py:753} INFO - DAG(s) dict_keys(['example_task_group']) retrieved from /home/airflow/.local/lib/python3.7/site-packages/airflow/example_dags/example_task_group.py
[2022-12-15T19:23:39.433+0000] {logging_mixin.py:137} INFO - [2022-12-15T19:23:39.433+0000] {dag.py:2676} INFO - Sync 1 DAGs
[2022-12-15T19:23:39.467+0000] {logging_mixin.py:137} INFO - [2022-12-15T19:23:39.467+0000] {dag.py:3427} INFO - Setting next_dagrun for example_task_group to 2022-12-14T19:23:39.466850+00:00, run_after=2022-12-15T19:23:39.466850+00:00
[2022-12-15T19:23:39.489+0000] {processor.py:175} INFO - Processing /home/airflow/.local/lib/python3.7/site-packages/airflow/example_dags/example_task_group.py took 0.109 seconds
[2022-12-15T19:24:09.706+0000] {processor.py:153} INFO - Started process (PID=161) to work on /home/airflow/.local/lib/python3.7/site-packages/airflow/example_dags/example_task_group.py
[2022-12-15T19:24:09.707+0000] {processor.py:743} INFO - Processing file /home/airflow/.local/lib/python3.7/site-packages/airflow/example_dags/example_task_group.py for tasks to queue
[2022-12-15T19:24:09.707+0000] {logging_mixin.py:137} INFO - [2022-12-15T19:24:09.707+0000] {dagbag.py:538} INFO - Filling up the DagBag from /home/airflow/.local/lib/python3.7/site-packages/airflow/example_dags/example_task_group.py
[2022-12-15T19:24:09.729+0000] {processor.py:753} INFO - DAG(s) dict_keys(['example_task_group']) retrieved from /home/airflow/.local/lib/python3.7/site-packages/airflow/example_dags/example_task_group.py
[2022-12-15T19:24:09.766+0000] {logging_mixin.py:137} INFO - [2022-12-15T19:24:09.766+0000] {dag.py:2676} INFO - Sync 1 DAGs
[2022-12-15T19:24:09.792+0000] {logging_mixin.py:137} INFO - [2022-12-15T19:24:09.792+0000] {dag.py:3427} INFO - Setting next_dagrun for example_task_group to 2022-12-14T19:24:09.791849+00:00, run_after=2022-12-15T19:24:09.791849+00:00
[2022-12-15T19:24:09.810+0000] {processor.py:175} INFO - Processing /home/airflow/.local/lib/python3.7/site-packages/airflow/example_dags/example_task_group.py took 0.108 seconds
[2022-12-15T19:24:40.581+0000] {processor.py:153} INFO - Started process (PID=245) to work on /home/airflow/.local/lib/python3.7/site-packages/airflow/example_dags/example_task_group.py
[2022-12-15T19:24:40.586+0000] {processor.py:743} INFO - Processing file /home/airflow/.local/lib/python3.7/site-packages/airflow/example_dags/example_task_group.py for tasks to queue
[2022-12-15T19:24:40.587+0000] {logging_mixin.py:137} INFO - [2022-12-15T19:24:40.587+0000] {dagbag.py:538} INFO - Filling up the DagBag from /home/airflow/.local/lib/python3.7/site-packages/airflow/example_dags/example_task_group.py
[2022-12-15T19:24:40.625+0000] {processor.py:753} INFO - DAG(s) dict_keys(['example_task_group']) retrieved from /home/airflow/.local/lib/python3.7/site-packages/airflow/example_dags/example_task_group.py
[2022-12-15T19:24:40.692+0000] {logging_mixin.py:137} INFO - [2022-12-15T19:24:40.691+0000] {dag.py:2676} INFO - Sync 1 DAGs
[2022-12-15T19:24:40.734+0000] {logging_mixin.py:137} INFO - [2022-12-15T19:24:40.734+0000] {dag.py:3427} INFO - Setting next_dagrun for example_task_group to 2022-12-14T19:24:40.733851+00:00, run_after=2022-12-15T19:24:40.733851+00:00
[2022-12-15T19:24:40.758+0000] {processor.py:175} INFO - Processing /home/airflow/.local/lib/python3.7/site-packages/airflow/example_dags/example_task_group.py took 0.181 seconds
[2022-12-15T19:26:00.098+0000] {processor.py:153} INFO - Started process (PID=89) to work on /home/airflow/.local/lib/python3.7/site-packages/airflow/example_dags/example_task_group.py
[2022-12-15T19:26:00.099+0000] {processor.py:743} INFO - Processing file /home/airflow/.local/lib/python3.7/site-packages/airflow/example_dags/example_task_group.py for tasks to queue
[2022-12-15T19:26:00.099+0000] {logging_mixin.py:137} INFO - [2022-12-15T19:26:00.099+0000] {dagbag.py:538} INFO - Filling up the DagBag from /home/airflow/.local/lib/python3.7/site-packages/airflow/example_dags/example_task_group.py
[2022-12-15T19:26:00.118+0000] {processor.py:753} INFO - DAG(s) dict_keys(['example_task_group']) retrieved from /home/airflow/.local/lib/python3.7/site-packages/airflow/example_dags/example_task_group.py
[2022-12-15T19:26:00.152+0000] {logging_mixin.py:137} INFO - [2022-12-15T19:26:00.151+0000] {dag.py:2676} INFO - Sync 1 DAGs
[2022-12-15T19:26:00.176+0000] {logging_mixin.py:137} INFO - [2022-12-15T19:26:00.176+0000] {dag.py:3427} INFO - Setting next_dagrun for example_task_group to 2022-12-14T19:26:00.176125+00:00, run_after=2022-12-15T19:26:00.176125+00:00
[2022-12-15T19:26:00.196+0000] {processor.py:175} INFO - Processing /home/airflow/.local/lib/python3.7/site-packages/airflow/example_dags/example_task_group.py took 0.101 seconds
[2022-12-15T19:26:30.739+0000] {processor.py:153} INFO - Started process (PID=158) to work on /home/airflow/.local/lib/python3.7/site-packages/airflow/example_dags/example_task_group.py
[2022-12-15T19:26:30.740+0000] {processor.py:743} INFO - Processing file /home/airflow/.local/lib/python3.7/site-packages/airflow/example_dags/example_task_group.py for tasks to queue
[2022-12-15T19:26:30.741+0000] {logging_mixin.py:137} INFO - [2022-12-15T19:26:30.741+0000] {dagbag.py:538} INFO - Filling up the DagBag from /home/airflow/.local/lib/python3.7/site-packages/airflow/example_dags/example_task_group.py
[2022-12-15T19:26:30.762+0000] {processor.py:753} INFO - DAG(s) dict_keys(['example_task_group']) retrieved from /home/airflow/.local/lib/python3.7/site-packages/airflow/example_dags/example_task_group.py
[2022-12-15T19:26:30.816+0000] {logging_mixin.py:137} INFO - [2022-12-15T19:26:30.816+0000] {dag.py:2676} INFO - Sync 1 DAGs
[2022-12-15T19:26:30.870+0000] {logging_mixin.py:137} INFO - [2022-12-15T19:26:30.869+0000] {dag.py:3427} INFO - Setting next_dagrun for example_task_group to 2022-12-14T19:26:30.869439+00:00, run_after=2022-12-15T19:26:30.869439+00:00
[2022-12-15T19:26:30.907+0000] {processor.py:175} INFO - Processing /home/airflow/.local/lib/python3.7/site-packages/airflow/example_dags/example_task_group.py took 0.171 seconds
[2022-12-15T19:27:02.118+0000] {processor.py:153} INFO - Started process (PID=243) to work on /home/airflow/.local/lib/python3.7/site-packages/airflow/example_dags/example_task_group.py
[2022-12-15T19:27:02.119+0000] {processor.py:743} INFO - Processing file /home/airflow/.local/lib/python3.7/site-packages/airflow/example_dags/example_task_group.py for tasks to queue
[2022-12-15T19:27:02.120+0000] {logging_mixin.py:137} INFO - [2022-12-15T19:27:02.120+0000] {dagbag.py:538} INFO - Filling up the DagBag from /home/airflow/.local/lib/python3.7/site-packages/airflow/example_dags/example_task_group.py
[2022-12-15T19:27:02.148+0000] {processor.py:753} INFO - DAG(s) dict_keys(['example_task_group']) retrieved from /home/airflow/.local/lib/python3.7/site-packages/airflow/example_dags/example_task_group.py
[2022-12-15T19:27:02.205+0000] {logging_mixin.py:137} INFO - [2022-12-15T19:27:02.205+0000] {dag.py:2676} INFO - Sync 1 DAGs
[2022-12-15T19:27:02.250+0000] {logging_mixin.py:137} INFO - [2022-12-15T19:27:02.250+0000] {dag.py:3427} INFO - Setting next_dagrun for example_task_group to 2022-12-14T19:27:02.250151+00:00, run_after=2022-12-15T19:27:02.250151+00:00
[2022-12-15T19:27:02.283+0000] {processor.py:175} INFO - Processing /home/airflow/.local/lib/python3.7/site-packages/airflow/example_dags/example_task_group.py took 0.169 seconds
