[2022-12-15T19:23:38.279+0000] {processor.py:153} INFO - Started process (PID=73) to work on /home/airflow/.local/lib/python3.7/site-packages/airflow/example_dags/example_short_circuit_operator.py
[2022-12-15T19:23:38.280+0000] {processor.py:743} INFO - Processing file /home/airflow/.local/lib/python3.7/site-packages/airflow/example_dags/example_short_circuit_operator.py for tasks to queue
[2022-12-15T19:23:38.281+0000] {logging_mixin.py:137} INFO - [2022-12-15T19:23:38.281+0000] {dagbag.py:538} INFO - Filling up the DagBag from /home/airflow/.local/lib/python3.7/site-packages/airflow/example_dags/example_short_circuit_operator.py
[2022-12-15T19:23:38.312+0000] {processor.py:753} INFO - DAG(s) dict_keys(['example_short_circuit_operator']) retrieved from /home/airflow/.local/lib/python3.7/site-packages/airflow/example_dags/example_short_circuit_operator.py
[2022-12-15T19:23:38.351+0000] {logging_mixin.py:137} INFO - [2022-12-15T19:23:38.351+0000] {dag.py:2676} INFO - Sync 1 DAGs
[2022-12-15T19:23:38.383+0000] {logging_mixin.py:137} INFO - [2022-12-15T19:23:38.383+0000] {dag.py:3427} INFO - Setting next_dagrun for example_short_circuit_operator to 2022-12-14T19:23:38.382860+00:00, run_after=2022-12-15T19:23:38.382860+00:00
[2022-12-15T19:23:38.405+0000] {processor.py:175} INFO - Processing /home/airflow/.local/lib/python3.7/site-packages/airflow/example_dags/example_short_circuit_operator.py took 0.129 seconds
[2022-12-15T19:24:08.444+0000] {processor.py:153} INFO - Started process (PID=143) to work on /home/airflow/.local/lib/python3.7/site-packages/airflow/example_dags/example_short_circuit_operator.py
[2022-12-15T19:24:08.445+0000] {processor.py:743} INFO - Processing file /home/airflow/.local/lib/python3.7/site-packages/airflow/example_dags/example_short_circuit_operator.py for tasks to queue
[2022-12-15T19:24:08.445+0000] {logging_mixin.py:137} INFO - [2022-12-15T19:24:08.445+0000] {dagbag.py:538} INFO - Filling up the DagBag from /home/airflow/.local/lib/python3.7/site-packages/airflow/example_dags/example_short_circuit_operator.py
[2022-12-15T19:24:08.465+0000] {processor.py:753} INFO - DAG(s) dict_keys(['example_short_circuit_operator']) retrieved from /home/airflow/.local/lib/python3.7/site-packages/airflow/example_dags/example_short_circuit_operator.py
[2022-12-15T19:24:08.502+0000] {logging_mixin.py:137} INFO - [2022-12-15T19:24:08.502+0000] {dag.py:2676} INFO - Sync 1 DAGs
[2022-12-15T19:24:08.528+0000] {logging_mixin.py:137} INFO - [2022-12-15T19:24:08.528+0000] {dag.py:3427} INFO - Setting next_dagrun for example_short_circuit_operator to 2022-12-14T19:24:08.528577+00:00, run_after=2022-12-15T19:24:08.528577+00:00
[2022-12-15T19:24:08.546+0000] {processor.py:175} INFO - Processing /home/airflow/.local/lib/python3.7/site-packages/airflow/example_dags/example_short_circuit_operator.py took 0.105 seconds
[2022-12-15T19:24:38.807+0000] {processor.py:153} INFO - Started process (PID=213) to work on /home/airflow/.local/lib/python3.7/site-packages/airflow/example_dags/example_short_circuit_operator.py
[2022-12-15T19:24:38.808+0000] {processor.py:743} INFO - Processing file /home/airflow/.local/lib/python3.7/site-packages/airflow/example_dags/example_short_circuit_operator.py for tasks to queue
[2022-12-15T19:24:38.809+0000] {logging_mixin.py:137} INFO - [2022-12-15T19:24:38.809+0000] {dagbag.py:538} INFO - Filling up the DagBag from /home/airflow/.local/lib/python3.7/site-packages/airflow/example_dags/example_short_circuit_operator.py
[2022-12-15T19:24:38.833+0000] {processor.py:753} INFO - DAG(s) dict_keys(['example_short_circuit_operator']) retrieved from /home/airflow/.local/lib/python3.7/site-packages/airflow/example_dags/example_short_circuit_operator.py
[2022-12-15T19:24:38.884+0000] {logging_mixin.py:137} INFO - [2022-12-15T19:24:38.884+0000] {dag.py:2676} INFO - Sync 1 DAGs
[2022-12-15T19:24:38.923+0000] {logging_mixin.py:137} INFO - [2022-12-15T19:24:38.923+0000] {dag.py:3427} INFO - Setting next_dagrun for example_short_circuit_operator to 2022-12-14T19:24:38.922963+00:00, run_after=2022-12-15T19:24:38.922963+00:00
[2022-12-15T19:24:38.950+0000] {processor.py:175} INFO - Processing /home/airflow/.local/lib/python3.7/site-packages/airflow/example_dags/example_short_circuit_operator.py took 0.146 seconds
[2022-12-15T19:25:09.864+0000] {processor.py:153} INFO - Started process (PID=299) to work on /home/airflow/.local/lib/python3.7/site-packages/airflow/example_dags/example_short_circuit_operator.py
[2022-12-15T19:25:09.865+0000] {processor.py:743} INFO - Processing file /home/airflow/.local/lib/python3.7/site-packages/airflow/example_dags/example_short_circuit_operator.py for tasks to queue
[2022-12-15T19:25:09.867+0000] {logging_mixin.py:137} INFO - [2022-12-15T19:25:09.867+0000] {dagbag.py:538} INFO - Filling up the DagBag from /home/airflow/.local/lib/python3.7/site-packages/airflow/example_dags/example_short_circuit_operator.py
[2022-12-15T19:25:09.891+0000] {processor.py:753} INFO - DAG(s) dict_keys(['example_short_circuit_operator']) retrieved from /home/airflow/.local/lib/python3.7/site-packages/airflow/example_dags/example_short_circuit_operator.py
[2022-12-15T19:25:09.922+0000] {logging_mixin.py:137} INFO - [2022-12-15T19:25:09.922+0000] {dag.py:2676} INFO - Sync 1 DAGs
[2022-12-15T19:25:09.954+0000] {logging_mixin.py:137} INFO - [2022-12-15T19:25:09.954+0000] {dag.py:3427} INFO - Setting next_dagrun for example_short_circuit_operator to 2022-12-14T19:25:09.954376+00:00, run_after=2022-12-15T19:25:09.954376+00:00
[2022-12-15T19:25:09.979+0000] {processor.py:175} INFO - Processing /home/airflow/.local/lib/python3.7/site-packages/airflow/example_dags/example_short_circuit_operator.py took 0.117 seconds
[2022-12-15T19:25:58.699+0000] {processor.py:153} INFO - Started process (PID=73) to work on /home/airflow/.local/lib/python3.7/site-packages/airflow/example_dags/example_short_circuit_operator.py
[2022-12-15T19:25:58.700+0000] {processor.py:743} INFO - Processing file /home/airflow/.local/lib/python3.7/site-packages/airflow/example_dags/example_short_circuit_operator.py for tasks to queue
[2022-12-15T19:25:58.701+0000] {logging_mixin.py:137} INFO - [2022-12-15T19:25:58.701+0000] {dagbag.py:538} INFO - Filling up the DagBag from /home/airflow/.local/lib/python3.7/site-packages/airflow/example_dags/example_short_circuit_operator.py
[2022-12-15T19:25:58.728+0000] {processor.py:753} INFO - DAG(s) dict_keys(['example_short_circuit_operator']) retrieved from /home/airflow/.local/lib/python3.7/site-packages/airflow/example_dags/example_short_circuit_operator.py
[2022-12-15T19:25:58.796+0000] {logging_mixin.py:137} INFO - [2022-12-15T19:25:58.796+0000] {dag.py:2676} INFO - Sync 1 DAGs
[2022-12-15T19:25:58.845+0000] {logging_mixin.py:137} INFO - [2022-12-15T19:25:58.845+0000] {dag.py:3427} INFO - Setting next_dagrun for example_short_circuit_operator to 2022-12-14T19:25:58.844933+00:00, run_after=2022-12-15T19:25:58.844933+00:00
[2022-12-15T19:25:58.878+0000] {processor.py:175} INFO - Processing /home/airflow/.local/lib/python3.7/site-packages/airflow/example_dags/example_short_circuit_operator.py took 0.183 seconds
[2022-12-15T19:26:29.234+0000] {processor.py:153} INFO - Started process (PID=142) to work on /home/airflow/.local/lib/python3.7/site-packages/airflow/example_dags/example_short_circuit_operator.py
[2022-12-15T19:26:29.235+0000] {processor.py:743} INFO - Processing file /home/airflow/.local/lib/python3.7/site-packages/airflow/example_dags/example_short_circuit_operator.py for tasks to queue
[2022-12-15T19:26:29.236+0000] {logging_mixin.py:137} INFO - [2022-12-15T19:26:29.236+0000] {dagbag.py:538} INFO - Filling up the DagBag from /home/airflow/.local/lib/python3.7/site-packages/airflow/example_dags/example_short_circuit_operator.py
[2022-12-15T19:26:29.255+0000] {processor.py:753} INFO - DAG(s) dict_keys(['example_short_circuit_operator']) retrieved from /home/airflow/.local/lib/python3.7/site-packages/airflow/example_dags/example_short_circuit_operator.py
[2022-12-15T19:26:29.292+0000] {logging_mixin.py:137} INFO - [2022-12-15T19:26:29.292+0000] {dag.py:2676} INFO - Sync 1 DAGs
[2022-12-15T19:26:29.323+0000] {logging_mixin.py:137} INFO - [2022-12-15T19:26:29.323+0000] {dag.py:3427} INFO - Setting next_dagrun for example_short_circuit_operator to 2022-12-14T19:26:29.322757+00:00, run_after=2022-12-15T19:26:29.322757+00:00
[2022-12-15T19:26:29.351+0000] {processor.py:175} INFO - Processing /home/airflow/.local/lib/python3.7/site-packages/airflow/example_dags/example_short_circuit_operator.py took 0.119 seconds
[2022-12-15T19:27:00.156+0000] {processor.py:153} INFO - Started process (PID=227) to work on /home/airflow/.local/lib/python3.7/site-packages/airflow/example_dags/example_short_circuit_operator.py
[2022-12-15T19:27:00.159+0000] {processor.py:743} INFO - Processing file /home/airflow/.local/lib/python3.7/site-packages/airflow/example_dags/example_short_circuit_operator.py for tasks to queue
[2022-12-15T19:27:00.160+0000] {logging_mixin.py:137} INFO - [2022-12-15T19:27:00.160+0000] {dagbag.py:538} INFO - Filling up the DagBag from /home/airflow/.local/lib/python3.7/site-packages/airflow/example_dags/example_short_circuit_operator.py
[2022-12-15T19:27:00.229+0000] {processor.py:753} INFO - DAG(s) dict_keys(['example_short_circuit_operator']) retrieved from /home/airflow/.local/lib/python3.7/site-packages/airflow/example_dags/example_short_circuit_operator.py
[2022-12-15T19:27:00.278+0000] {logging_mixin.py:137} INFO - [2022-12-15T19:27:00.278+0000] {dag.py:2676} INFO - Sync 1 DAGs
[2022-12-15T19:27:00.313+0000] {logging_mixin.py:137} INFO - [2022-12-15T19:27:00.313+0000] {dag.py:3427} INFO - Setting next_dagrun for example_short_circuit_operator to 2022-12-14T19:27:00.313325+00:00, run_after=2022-12-15T19:27:00.313325+00:00
[2022-12-15T19:27:00.336+0000] {processor.py:175} INFO - Processing /home/airflow/.local/lib/python3.7/site-packages/airflow/example_dags/example_short_circuit_operator.py took 0.190 seconds
