[2022-12-15T19:23:38.748+0000] {processor.py:153} INFO - Started process (PID=80) to work on /home/airflow/.local/lib/python3.7/site-packages/airflow/example_dags/example_branch_python_dop_operator_3.py
[2022-12-15T19:23:38.748+0000] {processor.py:743} INFO - Processing file /home/airflow/.local/lib/python3.7/site-packages/airflow/example_dags/example_branch_python_dop_operator_3.py for tasks to queue
[2022-12-15T19:23:38.749+0000] {logging_mixin.py:137} INFO - [2022-12-15T19:23:38.749+0000] {dagbag.py:538} INFO - Filling up the DagBag from /home/airflow/.local/lib/python3.7/site-packages/airflow/example_dags/example_branch_python_dop_operator_3.py
[2022-12-15T19:23:38.779+0000] {processor.py:753} INFO - DAG(s) dict_keys(['example_branch_dop_operator_v3']) retrieved from /home/airflow/.local/lib/python3.7/site-packages/airflow/example_dags/example_branch_python_dop_operator_3.py
[2022-12-15T19:23:38.803+0000] {logging_mixin.py:137} INFO - [2022-12-15T19:23:38.803+0000] {dag.py:2676} INFO - Sync 1 DAGs
[2022-12-15T19:23:38.838+0000] {logging_mixin.py:137} INFO - [2022-12-15T19:23:38.837+0000] {dag.py:3427} INFO - Setting next_dagrun for example_branch_dop_operator_v3 to 2022-12-15T19:22:00+00:00, run_after=2022-12-15T19:23:00+00:00
[2022-12-15T19:23:38.861+0000] {processor.py:175} INFO - Processing /home/airflow/.local/lib/python3.7/site-packages/airflow/example_dags/example_branch_python_dop_operator_3.py took 0.117 seconds
[2022-12-15T19:24:09.018+0000] {processor.py:153} INFO - Started process (PID=150) to work on /home/airflow/.local/lib/python3.7/site-packages/airflow/example_dags/example_branch_python_dop_operator_3.py
[2022-12-15T19:24:09.019+0000] {processor.py:743} INFO - Processing file /home/airflow/.local/lib/python3.7/site-packages/airflow/example_dags/example_branch_python_dop_operator_3.py for tasks to queue
[2022-12-15T19:24:09.019+0000] {logging_mixin.py:137} INFO - [2022-12-15T19:24:09.019+0000] {dagbag.py:538} INFO - Filling up the DagBag from /home/airflow/.local/lib/python3.7/site-packages/airflow/example_dags/example_branch_python_dop_operator_3.py
[2022-12-15T19:24:09.045+0000] {processor.py:753} INFO - DAG(s) dict_keys(['example_branch_dop_operator_v3']) retrieved from /home/airflow/.local/lib/python3.7/site-packages/airflow/example_dags/example_branch_python_dop_operator_3.py
[2022-12-15T19:24:09.080+0000] {logging_mixin.py:137} INFO - [2022-12-15T19:24:09.079+0000] {dag.py:2676} INFO - Sync 1 DAGs
[2022-12-15T19:24:09.113+0000] {logging_mixin.py:137} INFO - [2022-12-15T19:24:09.113+0000] {dag.py:3427} INFO - Setting next_dagrun for example_branch_dop_operator_v3 to 2022-12-15T19:23:00+00:00, run_after=2022-12-15T19:24:00+00:00
[2022-12-15T19:24:09.133+0000] {processor.py:175} INFO - Processing /home/airflow/.local/lib/python3.7/site-packages/airflow/example_dags/example_branch_python_dop_operator_3.py took 0.118 seconds
[2022-12-15T19:24:39.453+0000] {processor.py:153} INFO - Started process (PID=227) to work on /home/airflow/.local/lib/python3.7/site-packages/airflow/example_dags/example_branch_python_dop_operator_3.py
[2022-12-15T19:24:39.454+0000] {processor.py:743} INFO - Processing file /home/airflow/.local/lib/python3.7/site-packages/airflow/example_dags/example_branch_python_dop_operator_3.py for tasks to queue
[2022-12-15T19:24:39.455+0000] {logging_mixin.py:137} INFO - [2022-12-15T19:24:39.455+0000] {dagbag.py:538} INFO - Filling up the DagBag from /home/airflow/.local/lib/python3.7/site-packages/airflow/example_dags/example_branch_python_dop_operator_3.py
[2022-12-15T19:24:39.495+0000] {processor.py:753} INFO - DAG(s) dict_keys(['example_branch_dop_operator_v3']) retrieved from /home/airflow/.local/lib/python3.7/site-packages/airflow/example_dags/example_branch_python_dop_operator_3.py
[2022-12-15T19:24:39.559+0000] {logging_mixin.py:137} INFO - [2022-12-15T19:24:39.559+0000] {dag.py:2676} INFO - Sync 1 DAGs
[2022-12-15T19:24:39.615+0000] {logging_mixin.py:137} INFO - [2022-12-15T19:24:39.615+0000] {dag.py:3427} INFO - Setting next_dagrun for example_branch_dop_operator_v3 to 2022-12-15T19:23:00+00:00, run_after=2022-12-15T19:24:00+00:00
[2022-12-15T19:24:39.644+0000] {processor.py:175} INFO - Processing /home/airflow/.local/lib/python3.7/site-packages/airflow/example_dags/example_branch_python_dop_operator_3.py took 0.195 seconds
[2022-12-15T19:25:13.143+0000] {processor.py:153} INFO - Started process (PID=306) to work on /home/airflow/.local/lib/python3.7/site-packages/airflow/example_dags/example_branch_python_dop_operator_3.py
[2022-12-15T19:25:13.146+0000] {processor.py:743} INFO - Processing file /home/airflow/.local/lib/python3.7/site-packages/airflow/example_dags/example_branch_python_dop_operator_3.py for tasks to queue
[2022-12-15T19:25:13.148+0000] {logging_mixin.py:137} INFO - [2022-12-15T19:25:13.148+0000] {dagbag.py:538} INFO - Filling up the DagBag from /home/airflow/.local/lib/python3.7/site-packages/airflow/example_dags/example_branch_python_dop_operator_3.py
[2022-12-15T19:25:14.086+0000] {logging_mixin.py:137} INFO - [2022-12-15T19:25:14.082+0000] {process_utils.py:256} INFO - Waiting up to 5 seconds for processes to exit...
[2022-12-15T19:25:59.370+0000] {processor.py:153} INFO - Started process (PID=80) to work on /home/airflow/.local/lib/python3.7/site-packages/airflow/example_dags/example_branch_python_dop_operator_3.py
[2022-12-15T19:25:59.370+0000] {processor.py:743} INFO - Processing file /home/airflow/.local/lib/python3.7/site-packages/airflow/example_dags/example_branch_python_dop_operator_3.py for tasks to queue
[2022-12-15T19:25:59.371+0000] {logging_mixin.py:137} INFO - [2022-12-15T19:25:59.371+0000] {dagbag.py:538} INFO - Filling up the DagBag from /home/airflow/.local/lib/python3.7/site-packages/airflow/example_dags/example_branch_python_dop_operator_3.py
[2022-12-15T19:25:59.397+0000] {processor.py:753} INFO - DAG(s) dict_keys(['example_branch_dop_operator_v3']) retrieved from /home/airflow/.local/lib/python3.7/site-packages/airflow/example_dags/example_branch_python_dop_operator_3.py
[2022-12-15T19:25:59.430+0000] {logging_mixin.py:137} INFO - [2022-12-15T19:25:59.430+0000] {dag.py:2676} INFO - Sync 1 DAGs
[2022-12-15T19:25:59.463+0000] {logging_mixin.py:137} INFO - [2022-12-15T19:25:59.463+0000] {dag.py:3427} INFO - Setting next_dagrun for example_branch_dop_operator_v3 to 2022-12-15T19:24:00+00:00, run_after=2022-12-15T19:25:00+00:00
[2022-12-15T19:25:59.482+0000] {processor.py:175} INFO - Processing /home/airflow/.local/lib/python3.7/site-packages/airflow/example_dags/example_branch_python_dop_operator_3.py took 0.115 seconds
[2022-12-15T19:26:29.875+0000] {processor.py:153} INFO - Started process (PID=149) to work on /home/airflow/.local/lib/python3.7/site-packages/airflow/example_dags/example_branch_python_dop_operator_3.py
[2022-12-15T19:26:29.876+0000] {processor.py:743} INFO - Processing file /home/airflow/.local/lib/python3.7/site-packages/airflow/example_dags/example_branch_python_dop_operator_3.py for tasks to queue
[2022-12-15T19:26:29.877+0000] {logging_mixin.py:137} INFO - [2022-12-15T19:26:29.876+0000] {dagbag.py:538} INFO - Filling up the DagBag from /home/airflow/.local/lib/python3.7/site-packages/airflow/example_dags/example_branch_python_dop_operator_3.py
[2022-12-15T19:26:29.909+0000] {processor.py:753} INFO - DAG(s) dict_keys(['example_branch_dop_operator_v3']) retrieved from /home/airflow/.local/lib/python3.7/site-packages/airflow/example_dags/example_branch_python_dop_operator_3.py
[2022-12-15T19:26:29.949+0000] {logging_mixin.py:137} INFO - [2022-12-15T19:26:29.949+0000] {dag.py:2676} INFO - Sync 1 DAGs
[2022-12-15T19:26:29.986+0000] {logging_mixin.py:137} INFO - [2022-12-15T19:26:29.986+0000] {dag.py:3427} INFO - Setting next_dagrun for example_branch_dop_operator_v3 to 2022-12-15T19:25:00+00:00, run_after=2022-12-15T19:26:00+00:00
[2022-12-15T19:26:30.009+0000] {processor.py:175} INFO - Processing /home/airflow/.local/lib/python3.7/site-packages/airflow/example_dags/example_branch_python_dop_operator_3.py took 0.138 seconds
[2022-12-15T19:27:00.966+0000] {processor.py:153} INFO - Started process (PID=234) to work on /home/airflow/.local/lib/python3.7/site-packages/airflow/example_dags/example_branch_python_dop_operator_3.py
[2022-12-15T19:27:00.968+0000] {processor.py:743} INFO - Processing file /home/airflow/.local/lib/python3.7/site-packages/airflow/example_dags/example_branch_python_dop_operator_3.py for tasks to queue
[2022-12-15T19:27:00.969+0000] {logging_mixin.py:137} INFO - [2022-12-15T19:27:00.968+0000] {dagbag.py:538} INFO - Filling up the DagBag from /home/airflow/.local/lib/python3.7/site-packages/airflow/example_dags/example_branch_python_dop_operator_3.py
[2022-12-15T19:27:01.018+0000] {processor.py:753} INFO - DAG(s) dict_keys(['example_branch_dop_operator_v3']) retrieved from /home/airflow/.local/lib/python3.7/site-packages/airflow/example_dags/example_branch_python_dop_operator_3.py
[2022-12-15T19:27:01.083+0000] {logging_mixin.py:137} INFO - [2022-12-15T19:27:01.083+0000] {dag.py:2676} INFO - Sync 1 DAGs
[2022-12-15T19:27:01.136+0000] {logging_mixin.py:137} INFO - [2022-12-15T19:27:01.136+0000] {dag.py:3427} INFO - Setting next_dagrun for example_branch_dop_operator_v3 to 2022-12-15T19:26:00+00:00, run_after=2022-12-15T19:27:00+00:00
[2022-12-15T19:27:01.169+0000] {processor.py:175} INFO - Processing /home/airflow/.local/lib/python3.7/site-packages/airflow/example_dags/example_branch_python_dop_operator_3.py took 0.208 seconds
