[2022-12-15T19:23:37.934+0000] {processor.py:153} INFO - Started process (PID=71) to work on /home/airflow/.local/lib/python3.7/site-packages/airflow/example_dags/tutorial_dag.py
[2022-12-15T19:23:37.935+0000] {processor.py:743} INFO - Processing file /home/airflow/.local/lib/python3.7/site-packages/airflow/example_dags/tutorial_dag.py for tasks to queue
[2022-12-15T19:23:37.936+0000] {logging_mixin.py:137} INFO - [2022-12-15T19:23:37.936+0000] {dagbag.py:538} INFO - Filling up the DagBag from /home/airflow/.local/lib/python3.7/site-packages/airflow/example_dags/tutorial_dag.py
[2022-12-15T19:23:37.965+0000] {processor.py:753} INFO - DAG(s) dict_keys(['tutorial_dag']) retrieved from /home/airflow/.local/lib/python3.7/site-packages/airflow/example_dags/tutorial_dag.py
[2022-12-15T19:23:38.012+0000] {logging_mixin.py:137} INFO - [2022-12-15T19:23:38.012+0000] {dag.py:2676} INFO - Sync 1 DAGs
[2022-12-15T19:23:38.053+0000] {logging_mixin.py:137} INFO - [2022-12-15T19:23:38.053+0000] {dag.py:3427} INFO - Setting next_dagrun for tutorial_dag to None, run_after=None
[2022-12-15T19:23:38.084+0000] {processor.py:175} INFO - Processing /home/airflow/.local/lib/python3.7/site-packages/airflow/example_dags/tutorial_dag.py took 0.155 seconds
[2022-12-15T19:24:08.132+0000] {processor.py:153} INFO - Started process (PID=141) to work on /home/airflow/.local/lib/python3.7/site-packages/airflow/example_dags/tutorial_dag.py
[2022-12-15T19:24:08.133+0000] {processor.py:743} INFO - Processing file /home/airflow/.local/lib/python3.7/site-packages/airflow/example_dags/tutorial_dag.py for tasks to queue
[2022-12-15T19:24:08.134+0000] {logging_mixin.py:137} INFO - [2022-12-15T19:24:08.133+0000] {dagbag.py:538} INFO - Filling up the DagBag from /home/airflow/.local/lib/python3.7/site-packages/airflow/example_dags/tutorial_dag.py
[2022-12-15T19:24:08.148+0000] {processor.py:753} INFO - DAG(s) dict_keys(['tutorial_dag']) retrieved from /home/airflow/.local/lib/python3.7/site-packages/airflow/example_dags/tutorial_dag.py
[2022-12-15T19:24:08.182+0000] {logging_mixin.py:137} INFO - [2022-12-15T19:24:08.182+0000] {dag.py:2676} INFO - Sync 1 DAGs
[2022-12-15T19:24:08.209+0000] {logging_mixin.py:137} INFO - [2022-12-15T19:24:08.209+0000] {dag.py:3427} INFO - Setting next_dagrun for tutorial_dag to None, run_after=None
[2022-12-15T19:24:08.228+0000] {processor.py:175} INFO - Processing /home/airflow/.local/lib/python3.7/site-packages/airflow/example_dags/tutorial_dag.py took 0.098 seconds
[2022-12-15T19:24:38.665+0000] {processor.py:153} INFO - Started process (PID=211) to work on /home/airflow/.local/lib/python3.7/site-packages/airflow/example_dags/tutorial_dag.py
[2022-12-15T19:24:38.665+0000] {processor.py:743} INFO - Processing file /home/airflow/.local/lib/python3.7/site-packages/airflow/example_dags/tutorial_dag.py for tasks to queue
[2022-12-15T19:24:38.666+0000] {logging_mixin.py:137} INFO - [2022-12-15T19:24:38.666+0000] {dagbag.py:538} INFO - Filling up the DagBag from /home/airflow/.local/lib/python3.7/site-packages/airflow/example_dags/tutorial_dag.py
[2022-12-15T19:24:38.681+0000] {processor.py:753} INFO - DAG(s) dict_keys(['tutorial_dag']) retrieved from /home/airflow/.local/lib/python3.7/site-packages/airflow/example_dags/tutorial_dag.py
[2022-12-15T19:24:38.726+0000] {logging_mixin.py:137} INFO - [2022-12-15T19:24:38.726+0000] {dag.py:2676} INFO - Sync 1 DAGs
[2022-12-15T19:24:38.759+0000] {logging_mixin.py:137} INFO - [2022-12-15T19:24:38.759+0000] {dag.py:3427} INFO - Setting next_dagrun for tutorial_dag to None, run_after=None
[2022-12-15T19:24:38.783+0000] {processor.py:175} INFO - Processing /home/airflow/.local/lib/python3.7/site-packages/airflow/example_dags/tutorial_dag.py took 0.122 seconds
[2022-12-15T19:25:09.696+0000] {processor.py:153} INFO - Started process (PID=297) to work on /home/airflow/.local/lib/python3.7/site-packages/airflow/example_dags/tutorial_dag.py
[2022-12-15T19:25:09.719+0000] {processor.py:743} INFO - Processing file /home/airflow/.local/lib/python3.7/site-packages/airflow/example_dags/tutorial_dag.py for tasks to queue
[2022-12-15T19:25:09.720+0000] {logging_mixin.py:137} INFO - [2022-12-15T19:25:09.719+0000] {dagbag.py:538} INFO - Filling up the DagBag from /home/airflow/.local/lib/python3.7/site-packages/airflow/example_dags/tutorial_dag.py
[2022-12-15T19:25:09.734+0000] {processor.py:753} INFO - DAG(s) dict_keys(['tutorial_dag']) retrieved from /home/airflow/.local/lib/python3.7/site-packages/airflow/example_dags/tutorial_dag.py
[2022-12-15T19:25:09.791+0000] {logging_mixin.py:137} INFO - [2022-12-15T19:25:09.791+0000] {dag.py:2676} INFO - Sync 1 DAGs
[2022-12-15T19:25:09.822+0000] {logging_mixin.py:137} INFO - [2022-12-15T19:25:09.822+0000] {dag.py:3427} INFO - Setting next_dagrun for tutorial_dag to None, run_after=None
[2022-12-15T19:25:09.842+0000] {processor.py:175} INFO - Processing /home/airflow/.local/lib/python3.7/site-packages/airflow/example_dags/tutorial_dag.py took 0.148 seconds
[2022-12-15T19:25:58.537+0000] {processor.py:153} INFO - Started process (PID=71) to work on /home/airflow/.local/lib/python3.7/site-packages/airflow/example_dags/tutorial_dag.py
[2022-12-15T19:25:58.538+0000] {processor.py:743} INFO - Processing file /home/airflow/.local/lib/python3.7/site-packages/airflow/example_dags/tutorial_dag.py for tasks to queue
[2022-12-15T19:25:58.539+0000] {logging_mixin.py:137} INFO - [2022-12-15T19:25:58.539+0000] {dagbag.py:538} INFO - Filling up the DagBag from /home/airflow/.local/lib/python3.7/site-packages/airflow/example_dags/tutorial_dag.py
[2022-12-15T19:25:58.557+0000] {processor.py:753} INFO - DAG(s) dict_keys(['tutorial_dag']) retrieved from /home/airflow/.local/lib/python3.7/site-packages/airflow/example_dags/tutorial_dag.py
[2022-12-15T19:25:58.608+0000] {logging_mixin.py:137} INFO - [2022-12-15T19:25:58.608+0000] {dag.py:2676} INFO - Sync 1 DAGs
[2022-12-15T19:25:58.641+0000] {logging_mixin.py:137} INFO - [2022-12-15T19:25:58.641+0000] {dag.py:3427} INFO - Setting next_dagrun for tutorial_dag to None, run_after=None
[2022-12-15T19:25:58.667+0000] {processor.py:175} INFO - Processing /home/airflow/.local/lib/python3.7/site-packages/airflow/example_dags/tutorial_dag.py took 0.134 seconds
[2022-12-15T19:26:29.105+0000] {processor.py:153} INFO - Started process (PID=140) to work on /home/airflow/.local/lib/python3.7/site-packages/airflow/example_dags/tutorial_dag.py
[2022-12-15T19:26:29.106+0000] {processor.py:743} INFO - Processing file /home/airflow/.local/lib/python3.7/site-packages/airflow/example_dags/tutorial_dag.py for tasks to queue
[2022-12-15T19:26:29.107+0000] {logging_mixin.py:137} INFO - [2022-12-15T19:26:29.107+0000] {dagbag.py:538} INFO - Filling up the DagBag from /home/airflow/.local/lib/python3.7/site-packages/airflow/example_dags/tutorial_dag.py
[2022-12-15T19:26:29.121+0000] {processor.py:753} INFO - DAG(s) dict_keys(['tutorial_dag']) retrieved from /home/airflow/.local/lib/python3.7/site-packages/airflow/example_dags/tutorial_dag.py
[2022-12-15T19:26:29.160+0000] {logging_mixin.py:137} INFO - [2022-12-15T19:26:29.160+0000] {dag.py:2676} INFO - Sync 1 DAGs
[2022-12-15T19:26:29.193+0000] {logging_mixin.py:137} INFO - [2022-12-15T19:26:29.192+0000] {dag.py:3427} INFO - Setting next_dagrun for tutorial_dag to None, run_after=None
[2022-12-15T19:26:29.213+0000] {processor.py:175} INFO - Processing /home/airflow/.local/lib/python3.7/site-packages/airflow/example_dags/tutorial_dag.py took 0.110 seconds
[2022-12-15T19:26:59.921+0000] {processor.py:153} INFO - Started process (PID=218) to work on /home/airflow/.local/lib/python3.7/site-packages/airflow/example_dags/tutorial_dag.py
[2022-12-15T19:26:59.922+0000] {processor.py:743} INFO - Processing file /home/airflow/.local/lib/python3.7/site-packages/airflow/example_dags/tutorial_dag.py for tasks to queue
[2022-12-15T19:26:59.923+0000] {logging_mixin.py:137} INFO - [2022-12-15T19:26:59.923+0000] {dagbag.py:538} INFO - Filling up the DagBag from /home/airflow/.local/lib/python3.7/site-packages/airflow/example_dags/tutorial_dag.py
[2022-12-15T19:26:59.941+0000] {processor.py:753} INFO - DAG(s) dict_keys(['tutorial_dag']) retrieved from /home/airflow/.local/lib/python3.7/site-packages/airflow/example_dags/tutorial_dag.py
[2022-12-15T19:26:59.998+0000] {logging_mixin.py:137} INFO - [2022-12-15T19:26:59.998+0000] {dag.py:2676} INFO - Sync 1 DAGs
[2022-12-15T19:27:00.056+0000] {logging_mixin.py:137} INFO - [2022-12-15T19:27:00.056+0000] {dag.py:3427} INFO - Setting next_dagrun for tutorial_dag to None, run_after=None
[2022-12-15T19:27:00.103+0000] {processor.py:175} INFO - Processing /home/airflow/.local/lib/python3.7/site-packages/airflow/example_dags/tutorial_dag.py took 0.186 seconds
